{"/Users/kaczmarek/x/swietlik/beautiful.web/kaczmarek.ai-dev/frontend/app.js": {"path":"/Users/kaczmarek/x/swietlik/beautiful.web/kaczmarek.ai-dev/frontend/app.js","statementMap":{"0":{"start":{"line":5,"column":17},"end":{"line":5,"column":19}},"1":{"start":{"line":8,"column":18},"end":{"line":8,"column":29}},"2":{"start":{"line":11,"column":0},"end":{"line":14,"column":3}},"3":{"start":{"line":12,"column":2},"end":{"line":12,"column":20}},"4":{"start":{"line":13,"column":2},"end":{"line":13,"column":18}},"5":{"start":{"line":20,"column":2},"end":{"line":25,"column":5}},"6":{"start":{"line":21,"column":4},"end":{"line":24,"column":7}},"7":{"start":{"line":22,"column":19},"end":{"line":22,"column":35}},"8":{"start":{"line":23,"column":6},"end":{"line":23,"column":23}},"9":{"start":{"line":32,"column":2},"end":{"line":32,"column":21}},"10":{"start":{"line":35,"column":2},"end":{"line":37,"column":5}},"11":{"start":{"line":36,"column":4},"end":{"line":36,"column":62}},"12":{"start":{"line":40,"column":2},"end":{"line":42,"column":5}},"13":{"start":{"line":41,"column":4},"end":{"line":41,"column":58}},"14":{"start":{"line":45,"column":2},"end":{"line":61,"column":3}},"15":{"start":{"line":47,"column":6},"end":{"line":47,"column":22}},"16":{"start":{"line":48,"column":6},"end":{"line":48,"column":12}},"17":{"start":{"line":50,"column":6},"end":{"line":50,"column":22}},"18":{"start":{"line":51,"column":6},"end":{"line":51,"column":12}},"19":{"start":{"line":53,"column":6},"end":{"line":53,"column":19}},"20":{"start":{"line":54,"column":6},"end":{"line":54,"column":12}},"21":{"start":{"line":56,"column":6},"end":{"line":56,"column":23}},"22":{"start":{"line":57,"column":6},"end":{"line":57,"column":12}},"23":{"start":{"line":59,"column":6},"end":{"line":59,"column":21}},"24":{"start":{"line":60,"column":6},"end":{"line":60,"column":12}},"25":{"start":{"line":68,"column":2},"end":{"line":85,"column":3}},"26":{"start":{"line":69,"column":21},"end":{"line":75,"column":6}},"27":{"start":{"line":77,"column":4},"end":{"line":79,"column":5}},"28":{"start":{"line":78,"column":6},"end":{"line":78,"column":59}},"29":{"start":{"line":81,"column":4},"end":{"line":81,"column":33}},"30":{"start":{"line":83,"column":4},"end":{"line":83,"column":45}},"31":{"start":{"line":84,"column":4},"end":{"line":84,"column":16}},"32":{"start":{"line":92,"column":2},"end":{"line":128,"column":3}},"33":{"start":{"line":94,"column":54},"end":{"line":99,"column":6}},"34":{"start":{"line":102,"column":4},"end":{"line":102,"column":93}},"35":{"start":{"line":103,"column":4},"end":{"line":103,"column":122}},"36":{"start":{"line":103,"column":84},"end":{"line":103,"column":108}},"37":{"start":{"line":104,"column":4},"end":{"line":104,"column":96}},"38":{"start":{"line":105,"column":4},"end":{"line":105,"column":90}},"39":{"start":{"line":108,"column":29},"end":{"line":110,"column":24}},"40":{"start":{"line":109,"column":23},"end":{"line":109,"column":68}},"41":{"start":{"line":112,"column":4},"end":{"line":112,"column":60}},"42":{"start":{"line":115,"column":25},"end":{"line":117,"column":24}},"43":{"start":{"line":116,"column":20},"end":{"line":116,"column":44}},"44":{"start":{"line":119,"column":4},"end":{"line":119,"column":48}},"45":{"start":{"line":122,"column":26},"end":{"line":122,"column":48}},"46":{"start":{"line":123,"column":4},"end":{"line":125,"column":5}},"47":{"start":{"line":124,"column":6},"end":{"line":124,"column":60}},"48":{"start":{"line":127,"column":4},"end":{"line":127,"column":54}},"49":{"start":{"line":135,"column":2},"end":{"line":142,"column":3}},"50":{"start":{"line":136,"column":17},"end":{"line":136,"column":48}},"51":{"start":{"line":137,"column":4},"end":{"line":137,"column":42}},"52":{"start":{"line":139,"column":4},"end":{"line":139,"column":54}},"53":{"start":{"line":140,"column":4},"end":{"line":141,"column":89}},"54":{"start":{"line":149,"column":20},"end":{"line":149,"column":61}},"55":{"start":{"line":151,"column":2},"end":{"line":154,"column":3}},"56":{"start":{"line":152,"column":4},"end":{"line":152,"column":138}},"57":{"start":{"line":153,"column":4},"end":{"line":153,"column":11}},"58":{"start":{"line":156,"column":2},"end":{"line":175,"column":14}},"59":{"start":{"line":156,"column":44},"end":{"line":175,"column":3}},"60":{"start":{"line":182,"column":2},"end":{"line":415,"column":3}},"61":{"start":{"line":183,"column":17},"end":{"line":183,"column":62}},"62":{"start":{"line":184,"column":15},"end":{"line":184,"column":28}},"63":{"start":{"line":186,"column":4},"end":{"line":186,"column":114}},"64":{"start":{"line":188,"column":4},"end":{"line":192,"column":5}},"65":{"start":{"line":189,"column":6},"end":{"line":189,"column":49}},"66":{"start":{"line":190,"column":6},"end":{"line":190,"column":72}},"67":{"start":{"line":191,"column":6},"end":{"line":191,"column":13}},"68":{"start":{"line":194,"column":22},"end":{"line":194,"column":59}},"69":{"start":{"line":195,"column":4},"end":{"line":198,"column":5}},"70":{"start":{"line":196,"column":6},"end":{"line":196,"column":52}},"71":{"start":{"line":197,"column":6},"end":{"line":197,"column":13}},"72":{"start":{"line":201,"column":4},"end":{"line":201,"column":29}},"73":{"start":{"line":204,"column":18},"end":{"line":347,"column":5}},"74":{"start":{"line":218,"column":42},"end":{"line":229,"column":11}},"75":{"start":{"line":237,"column":10},"end":{"line":323,"column":11}},"76":{"start":{"line":238,"column":27},"end":{"line":238,"column":53}},"77":{"start":{"line":239,"column":27},"end":{"line":239,"column":51}},"78":{"start":{"line":240,"column":27},"end":{"line":240,"column":51}},"79":{"start":{"line":241,"column":32},"end":{"line":241,"column":54}},"80":{"start":{"line":242,"column":27},"end":{"line":242,"column":44}},"81":{"start":{"line":243,"column":28},"end":{"line":243,"column":46}},"82":{"start":{"line":244,"column":30},"end":{"line":244,"column":44}},"83":{"start":{"line":245,"column":30},"end":{"line":245,"column":50}},"84":{"start":{"line":248,"column":36},"end":{"line":248,"column":41}},"85":{"start":{"line":249,"column":33},"end":{"line":249,"column":35}},"86":{"start":{"line":251,"column":12},"end":{"line":272,"column":13}},"87":{"start":{"line":252,"column":14},"end":{"line":252,"column":39}},"88":{"start":{"line":253,"column":14},"end":{"line":271,"column":15}},"89":{"start":{"line":254,"column":16},"end":{"line":260,"column":18}},"90":{"start":{"line":261,"column":21},"end":{"line":271,"column":15}},"91":{"start":{"line":262,"column":16},"end":{"line":270,"column":18}},"92":{"start":{"line":274,"column":12},"end":{"line":319,"column":14}},"93":{"start":{"line":300,"column":37},"end":{"line":300,"column":86}},"94":{"start":{"line":301,"column":37},"end":{"line":301,"column":86}},"95":{"start":{"line":302,"column":24},"end":{"line":302,"column":73}},"96":{"start":{"line":321,"column":12},"end":{"line":321,"column":60}},"97":{"start":{"line":322,"column":12},"end":{"line":322,"column":121}},"98":{"start":{"line":336,"column":37},"end":{"line":344,"column":11}},"99":{"start":{"line":350,"column":4},"end":{"line":350,"column":34}},"100":{"start":{"line":351,"column":4},"end":{"line":351,"column":74}},"101":{"start":{"line":354,"column":27},"end":{"line":354,"column":79}},"102":{"start":{"line":355,"column":4},"end":{"line":403,"column":5}},"103":{"start":{"line":356,"column":6},"end":{"line":356,"column":94}},"104":{"start":{"line":358,"column":6},"end":{"line":358,"column":45}},"105":{"start":{"line":359,"column":6},"end":{"line":359,"column":50}},"106":{"start":{"line":360,"column":11},"end":{"line":403,"column":5}},"107":{"start":{"line":361,"column":6},"end":{"line":361,"column":88}},"108":{"start":{"line":363,"column":32},"end":{"line":363,"column":61}},"109":{"start":{"line":364,"column":6},"end":{"line":364,"column":58}},"110":{"start":{"line":365,"column":6},"end":{"line":365,"column":56}},"111":{"start":{"line":366,"column":6},"end":{"line":366,"column":48}},"112":{"start":{"line":367,"column":6},"end":{"line":367,"column":53}},"113":{"start":{"line":369,"column":6},"end":{"line":393,"column":9}},"114":{"start":{"line":370,"column":25},"end":{"line":370,"column":54}},"115":{"start":{"line":371,"column":8},"end":{"line":371,"column":50}},"116":{"start":{"line":373,"column":23},"end":{"line":373,"column":49}},"117":{"start":{"line":374,"column":23},"end":{"line":374,"column":47}},"118":{"start":{"line":375,"column":23},"end":{"line":375,"column":47}},"119":{"start":{"line":376,"column":28},"end":{"line":376,"column":50}},"120":{"start":{"line":378,"column":8},"end":{"line":390,"column":10}},"121":{"start":{"line":392,"column":8},"end":{"line":392,"column":48}},"122":{"start":{"line":396,"column":27},"end":{"line":396,"column":56}},"123":{"start":{"line":397,"column":6},"end":{"line":401,"column":7}},"124":{"start":{"line":398,"column":8},"end":{"line":398,"column":76}},"125":{"start":{"line":400,"column":8},"end":{"line":400,"column":49}},"126":{"start":{"line":402,"column":6},"end":{"line":402,"column":104}},"127":{"start":{"line":406,"column":18},"end":{"line":406,"column":50}},"128":{"start":{"line":407,"column":4},"end":{"line":412,"column":5}},"129":{"start":{"line":408,"column":6},"end":{"line":408,"column":36}},"130":{"start":{"line":409,"column":6},"end":{"line":409,"column":34}},"131":{"start":{"line":411,"column":6},"end":{"line":411,"column":47}},"132":{"start":{"line":414,"column":4},"end":{"line":414,"column":61}},"133":{"start":{"line":422,"column":2},"end":{"line":429,"column":3}},"134":{"start":{"line":423,"column":17},"end":{"line":423,"column":45}},"135":{"start":{"line":424,"column":4},"end":{"line":424,"column":51}},"136":{"start":{"line":426,"column":4},"end":{"line":426,"column":51}},"137":{"start":{"line":427,"column":4},"end":{"line":428,"column":86}},"138":{"start":{"line":436,"column":20},"end":{"line":436,"column":56}},"139":{"start":{"line":438,"column":2},"end":{"line":441,"column":3}},"140":{"start":{"line":439,"column":4},"end":{"line":439,"column":146}},"141":{"start":{"line":440,"column":4},"end":{"line":440,"column":11}},"142":{"start":{"line":443,"column":2},"end":{"line":471,"column":14}},"143":{"start":{"line":444,"column":20},"end":{"line":444,"column":34}},"144":{"start":{"line":445,"column":24},"end":{"line":445,"column":79}},"145":{"start":{"line":446,"column":22},"end":{"line":446,"column":84}},"146":{"start":{"line":448,"column":4},"end":{"line":470,"column":4}},"147":{"start":{"line":478,"column":2},"end":{"line":539,"column":3}},"148":{"start":{"line":479,"column":17},"end":{"line":479,"column":56}},"149":{"start":{"line":480,"column":18},"end":{"line":480,"column":28}},"150":{"start":{"line":482,"column":22},"end":{"line":482,"column":59}},"151":{"start":{"line":483,"column":4},"end":{"line":534,"column":6}},"152":{"start":{"line":536,"column":4},"end":{"line":536,"column":61}},"153":{"start":{"line":538,"column":4},"end":{"line":538,"column":58}},"154":{"start":{"line":546,"column":2},"end":{"line":548,"column":3}},"155":{"start":{"line":547,"column":4},"end":{"line":547,"column":11}},"156":{"start":{"line":550,"column":2},"end":{"line":613,"column":3}},"157":{"start":{"line":552,"column":23},"end":{"line":552,"column":52}},"158":{"start":{"line":553,"column":4},"end":{"line":553,"column":43}},"159":{"start":{"line":554,"column":4},"end":{"line":554,"column":216}},"160":{"start":{"line":555,"column":4},"end":{"line":555,"column":78}},"161":{"start":{"line":556,"column":4},"end":{"line":556,"column":42}},"162":{"start":{"line":558,"column":21},"end":{"line":564,"column":6}},"163":{"start":{"line":566,"column":19},"end":{"line":566,"column":40}},"164":{"start":{"line":569,"column":4},"end":{"line":569,"column":42}},"165":{"start":{"line":571,"column":4},"end":{"line":597,"column":5}},"166":{"start":{"line":573,"column":25},"end":{"line":573,"column":54}},"167":{"start":{"line":574,"column":6},"end":{"line":574,"column":211}},"168":{"start":{"line":575,"column":6},"end":{"line":575,"column":86}},"169":{"start":{"line":576,"column":6},"end":{"line":576,"column":44}},"170":{"start":{"line":579,"column":6},"end":{"line":583,"column":15}},"171":{"start":{"line":580,"column":8},"end":{"line":582,"column":9}},"172":{"start":{"line":581,"column":10},"end":{"line":581,"column":48}},"173":{"start":{"line":586,"column":6},"end":{"line":586,"column":19}},"174":{"start":{"line":589,"column":6},"end":{"line":594,"column":14}},"175":{"start":{"line":590,"column":8},"end":{"line":590,"column":21}},"176":{"start":{"line":591,"column":8},"end":{"line":593,"column":9}},"177":{"start":{"line":592,"column":10},"end":{"line":592,"column":26}},"178":{"start":{"line":596,"column":6},"end":{"line":596,"column":65}},"179":{"start":{"line":600,"column":21},"end":{"line":600,"column":50}},"180":{"start":{"line":601,"column":4},"end":{"line":601,"column":207}},"181":{"start":{"line":602,"column":4},"end":{"line":602,"column":55}},"182":{"start":{"line":603,"column":4},"end":{"line":603,"column":40}},"183":{"start":{"line":606,"column":4},"end":{"line":610,"column":13}},"184":{"start":{"line":607,"column":6},"end":{"line":609,"column":7}},"185":{"start":{"line":608,"column":8},"end":{"line":608,"column":44}},"186":{"start":{"line":612,"column":4},"end":{"line":612,"column":59}},"187":{"start":{"line":617,"column":0},"end":{"line":617,"column":45}},"188":{"start":{"line":623,"column":2},"end":{"line":630,"column":3}},"189":{"start":{"line":624,"column":17},"end":{"line":624,"column":49}},"190":{"start":{"line":625,"column":4},"end":{"line":625,"column":63}},"191":{"start":{"line":627,"column":4},"end":{"line":627,"column":55}},"192":{"start":{"line":628,"column":4},"end":{"line":629,"column":90}},"193":{"start":{"line":637,"column":20},"end":{"line":637,"column":56}},"194":{"start":{"line":639,"column":2},"end":{"line":642,"column":3}},"195":{"start":{"line":640,"column":4},"end":{"line":640,"column":125}},"196":{"start":{"line":641,"column":4},"end":{"line":641,"column":11}},"197":{"start":{"line":644,"column":2},"end":{"line":660,"column":14}},"198":{"start":{"line":644,"column":47},"end":{"line":660,"column":3}},"199":{"start":{"line":667,"column":2},"end":{"line":701,"column":3}},"200":{"start":{"line":668,"column":17},"end":{"line":668,"column":64}},"201":{"start":{"line":669,"column":17},"end":{"line":669,"column":31}},"202":{"start":{"line":670,"column":22},"end":{"line":670,"column":59}},"203":{"start":{"line":671,"column":4},"end":{"line":696,"column":6}},"204":{"start":{"line":683,"column":33},"end":{"line":690,"column":11}},"205":{"start":{"line":698,"column":4},"end":{"line":698,"column":61}},"206":{"start":{"line":700,"column":4},"end":{"line":700,"column":62}},"207":{"start":{"line":708,"column":2},"end":{"line":715,"column":3}},"208":{"start":{"line":709,"column":17},"end":{"line":709,"column":47}},"209":{"start":{"line":710,"column":4},"end":{"line":710,"column":40}},"210":{"start":{"line":712,"column":4},"end":{"line":712,"column":53}},"211":{"start":{"line":713,"column":4},"end":{"line":714,"column":88}},"212":{"start":{"line":722,"column":20},"end":{"line":722,"column":60}},"213":{"start":{"line":724,"column":2},"end":{"line":727,"column":3}},"214":{"start":{"line":725,"column":4},"end":{"line":725,"column":137}},"215":{"start":{"line":726,"column":4},"end":{"line":726,"column":11}},"216":{"start":{"line":729,"column":2},"end":{"line":744,"column":14}},"217":{"start":{"line":729,"column":42},"end":{"line":744,"column":3}},"218":{"start":{"line":751,"column":20},"end":{"line":751,"column":56}},"219":{"start":{"line":753,"column":2},"end":{"line":756,"column":3}},"220":{"start":{"line":754,"column":4},"end":{"line":754,"column":99}},"221":{"start":{"line":755,"column":4},"end":{"line":755,"column":11}},"222":{"start":{"line":758,"column":26},"end":{"line":760,"column":7}},"223":{"start":{"line":762,"column":2},"end":{"line":782,"column":4}},"224":{"start":{"line":789,"column":2},"end":{"line":789,"column":62}},"225":{"start":{"line":793,"column":0},"end":{"line":797,"column":3}},"226":{"start":{"line":794,"column":2},"end":{"line":796,"column":3}},"227":{"start":{"line":795,"column":4},"end":{"line":795,"column":17}},"228":{"start":{"line":800,"column":0},"end":{"line":800,"column":31}},"229":{"start":{"line":806,"column":2},"end":{"line":891,"column":3}},"230":{"start":{"line":808,"column":25},"end":{"line":808,"column":31}},"231":{"start":{"line":810,"column":4},"end":{"line":818,"column":5}},"232":{"start":{"line":812,"column":6},"end":{"line":817,"column":7}},"233":{"start":{"line":813,"column":29},"end":{"line":813,"column":74}},"234":{"start":{"line":821,"column":23},"end":{"line":821,"column":52}},"235":{"start":{"line":822,"column":4},"end":{"line":822,"column":43}},"236":{"start":{"line":823,"column":4},"end":{"line":823,"column":216}},"237":{"start":{"line":824,"column":4},"end":{"line":824,"column":66}},"238":{"start":{"line":825,"column":4},"end":{"line":825,"column":42}},"239":{"start":{"line":827,"column":21},"end":{"line":833,"column":6}},"240":{"start":{"line":835,"column":19},"end":{"line":835,"column":40}},"241":{"start":{"line":838,"column":4},"end":{"line":838,"column":42}},"242":{"start":{"line":840,"column":4},"end":{"line":875,"column":5}},"243":{"start":{"line":842,"column":25},"end":{"line":842,"column":54}},"244":{"start":{"line":843,"column":6},"end":{"line":843,"column":211}},"245":{"start":{"line":844,"column":6},"end":{"line":844,"column":108}},"246":{"start":{"line":845,"column":6},"end":{"line":845,"column":44}},"247":{"start":{"line":848,"column":6},"end":{"line":852,"column":15}},"248":{"start":{"line":849,"column":8},"end":{"line":851,"column":9}},"249":{"start":{"line":850,"column":10},"end":{"line":850,"column":48}},"250":{"start":{"line":855,"column":6},"end":{"line":861,"column":15}},"251":{"start":{"line":856,"column":8},"end":{"line":860,"column":9}},"252":{"start":{"line":857,"column":10},"end":{"line":857,"column":26}},"253":{"start":{"line":858,"column":15},"end":{"line":860,"column":9}},"254":{"start":{"line":859,"column":10},"end":{"line":859,"column":27}},"255":{"start":{"line":864,"column":6},"end":{"line":864,"column":19}},"256":{"start":{"line":867,"column":6},"end":{"line":872,"column":7}},"257":{"start":{"line":868,"column":8},"end":{"line":871,"column":16}},"258":{"start":{"line":869,"column":10},"end":{"line":869,"column":35}},"259":{"start":{"line":870,"column":10},"end":{"line":870,"column":51}},"260":{"start":{"line":874,"column":6},"end":{"line":874,"column":64}},"261":{"start":{"line":878,"column":21},"end":{"line":878,"column":50}},"262":{"start":{"line":879,"column":4},"end":{"line":879,"column":207}},"263":{"start":{"line":880,"column":4},"end":{"line":880,"column":55}},"264":{"start":{"line":881,"column":4},"end":{"line":881,"column":40}},"265":{"start":{"line":884,"column":4},"end":{"line":888,"column":13}},"266":{"start":{"line":885,"column":6},"end":{"line":887,"column":7}},"267":{"start":{"line":886,"column":8},"end":{"line":886,"column":44}},"268":{"start":{"line":890,"column":4},"end":{"line":890,"column":52}},"269":{"start":{"line":895,"column":0},"end":{"line":895,"column":33}}},"fnMap":{"0":{"name":"(anonymous_0)","decl":{"start":{"line":11,"column":46},"end":{"line":11,"column":47}},"loc":{"start":{"line":11,"column":52},"end":{"line":14,"column":1}},"line":11},"1":{"name":"setupNavigation","decl":{"start":{"line":19,"column":9},"end":{"line":19,"column":24}},"loc":{"start":{"line":19,"column":27},"end":{"line":26,"column":1}},"line":19},"2":{"name":"(anonymous_2)","decl":{"start":{"line":20,"column":48},"end":{"line":20,"column":49}},"loc":{"start":{"line":20,"column":55},"end":{"line":25,"column":3}},"line":20},"3":{"name":"(anonymous_3)","decl":{"start":{"line":21,"column":34},"end":{"line":21,"column":35}},"loc":{"start":{"line":21,"column":40},"end":{"line":24,"column":5}},"line":21},"4":{"name":"switchView","decl":{"start":{"line":31,"column":9},"end":{"line":31,"column":19}},"loc":{"start":{"line":31,"column":26},"end":{"line":62,"column":1}},"line":31},"5":{"name":"(anonymous_5)","decl":{"start":{"line":35,"column":48},"end":{"line":35,"column":49}},"loc":{"start":{"line":35,"column":55},"end":{"line":37,"column":3}},"line":35},"6":{"name":"(anonymous_6)","decl":{"start":{"line":40,"column":45},"end":{"line":40,"column":46}},"loc":{"start":{"line":40,"column":50},"end":{"line":42,"column":3}},"line":40},"7":{"name":"apiCall","decl":{"start":{"line":67,"column":15},"end":{"line":67,"column":22}},"loc":{"start":{"line":67,"column":47},"end":{"line":86,"column":1}},"line":67},"8":{"name":"loadDashboard","decl":{"start":{"line":91,"column":15},"end":{"line":91,"column":28}},"loc":{"start":{"line":91,"column":31},"end":{"line":129,"column":1}},"line":91},"9":{"name":"(anonymous_9)","decl":{"start":{"line":103,"column":79},"end":{"line":103,"column":80}},"loc":{"start":{"line":103,"column":84},"end":{"line":103,"column":108}},"line":103},"10":{"name":"(anonymous_10)","decl":{"start":{"line":109,"column":13},"end":{"line":109,"column":14}},"loc":{"start":{"line":109,"column":23},"end":{"line":109,"column":68}},"line":109},"11":{"name":"(anonymous_11)","decl":{"start":{"line":116,"column":15},"end":{"line":116,"column":16}},"loc":{"start":{"line":116,"column":20},"end":{"line":116,"column":44}},"line":116},"12":{"name":"loadWorkflows","decl":{"start":{"line":134,"column":15},"end":{"line":134,"column":28}},"loc":{"start":{"line":134,"column":31},"end":{"line":143,"column":1}},"line":134},"13":{"name":"renderWorkflows","decl":{"start":{"line":148,"column":9},"end":{"line":148,"column":24}},"loc":{"start":{"line":148,"column":36},"end":{"line":176,"column":1}},"line":148},"14":{"name":"(anonymous_14)","decl":{"start":{"line":156,"column":38},"end":{"line":156,"column":39}},"loc":{"start":{"line":156,"column":44},"end":{"line":175,"column":3}},"line":156},"15":{"name":"showWorkflowDetails","decl":{"start":{"line":181,"column":15},"end":{"line":181,"column":34}},"loc":{"start":{"line":181,"column":47},"end":{"line":416,"column":1}},"line":181},"16":{"name":"(anonymous_16)","decl":{"start":{"line":218,"column":34},"end":{"line":218,"column":35}},"loc":{"start":{"line":218,"column":42},"end":{"line":229,"column":11}},"line":218},"17":{"name":"(anonymous_17)","decl":{"start":{"line":236,"column":23},"end":{"line":236,"column":24}},"loc":{"start":{"line":236,"column":40},"end":{"line":324,"column":9}},"line":236},"18":{"name":"(anonymous_18)","decl":{"start":{"line":299,"column":36},"end":{"line":299,"column":37}},"loc":{"start":{"line":299,"column":41},"end":{"line":303,"column":23}},"line":299},"19":{"name":"(anonymous_19)","decl":{"start":{"line":336,"column":32},"end":{"line":336,"column":33}},"loc":{"start":{"line":336,"column":37},"end":{"line":344,"column":11}},"line":336},"20":{"name":"(anonymous_20)","decl":{"start":{"line":369,"column":23},"end":{"line":369,"column":24}},"loc":{"start":{"line":369,"column":40},"end":{"line":393,"column":7}},"line":369},"21":{"name":"loadAgents","decl":{"start":{"line":421,"column":15},"end":{"line":421,"column":25}},"loc":{"start":{"line":421,"column":28},"end":{"line":430,"column":1}},"line":421},"22":{"name":"renderAgents","decl":{"start":{"line":435,"column":9},"end":{"line":435,"column":21}},"loc":{"start":{"line":435,"column":43},"end":{"line":472,"column":1}},"line":435},"23":{"name":"(anonymous_23)","decl":{"start":{"line":443,"column":35},"end":{"line":443,"column":36}},"loc":{"start":{"line":443,"column":44},"end":{"line":471,"column":3}},"line":443},"24":{"name":"showAgentDetails","decl":{"start":{"line":477,"column":15},"end":{"line":477,"column":31}},"loc":{"start":{"line":477,"column":41},"end":{"line":540,"column":1}},"line":477},"25":{"name":"completeAgentTask","decl":{"start":{"line":545,"column":15},"end":{"line":545,"column":32}},"loc":{"start":{"line":545,"column":42},"end":{"line":614,"column":1}},"line":545},"26":{"name":"(anonymous_26)","decl":{"start":{"line":579,"column":17},"end":{"line":579,"column":18}},"loc":{"start":{"line":579,"column":23},"end":{"line":583,"column":7}},"line":579},"27":{"name":"(anonymous_27)","decl":{"start":{"line":589,"column":17},"end":{"line":589,"column":18}},"loc":{"start":{"line":589,"column":23},"end":{"line":594,"column":7}},"line":589},"28":{"name":"(anonymous_28)","decl":{"start":{"line":606,"column":15},"end":{"line":606,"column":16}},"loc":{"start":{"line":606,"column":21},"end":{"line":610,"column":5}},"line":606},"29":{"name":"loadExecutions","decl":{"start":{"line":622,"column":15},"end":{"line":622,"column":29}},"loc":{"start":{"line":622,"column":32},"end":{"line":631,"column":1}},"line":622},"30":{"name":"renderExecutions","decl":{"start":{"line":636,"column":9},"end":{"line":636,"column":25}},"loc":{"start":{"line":636,"column":51},"end":{"line":661,"column":1}},"line":636},"31":{"name":"(anonymous_31)","decl":{"start":{"line":644,"column":39},"end":{"line":644,"column":40}},"loc":{"start":{"line":644,"column":47},"end":{"line":660,"column":3}},"line":644},"32":{"name":"showExecutionDetails","decl":{"start":{"line":666,"column":15},"end":{"line":666,"column":35}},"loc":{"start":{"line":666,"column":49},"end":{"line":702,"column":1}},"line":666},"33":{"name":"(anonymous_33)","decl":{"start":{"line":683,"column":28},"end":{"line":683,"column":29}},"loc":{"start":{"line":683,"column":33},"end":{"line":690,"column":11}},"line":683},"34":{"name":"loadVersions","decl":{"start":{"line":707,"column":15},"end":{"line":707,"column":27}},"loc":{"start":{"line":707,"column":30},"end":{"line":716,"column":1}},"line":707},"35":{"name":"renderVersions","decl":{"start":{"line":721,"column":9},"end":{"line":721,"column":23}},"loc":{"start":{"line":721,"column":34},"end":{"line":745,"column":1}},"line":721},"36":{"name":"(anonymous_36)","decl":{"start":{"line":729,"column":37},"end":{"line":729,"column":38}},"loc":{"start":{"line":729,"column":42},"end":{"line":744,"column":3}},"line":729},"37":{"name":"renderVersionSummary","decl":{"start":{"line":750,"column":9},"end":{"line":750,"column":29}},"loc":{"start":{"line":750,"column":52},"end":{"line":783,"column":1}},"line":750},"38":{"name":"closeModal","decl":{"start":{"line":788,"column":9},"end":{"line":788,"column":19}},"loc":{"start":{"line":788,"column":22},"end":{"line":790,"column":1}},"line":788},"39":{"name":"(anonymous_39)","decl":{"start":{"line":793,"column":60},"end":{"line":793,"column":61}},"loc":{"start":{"line":793,"column":67},"end":{"line":797,"column":1}},"line":793},"40":{"name":"runWorkflow","decl":{"start":{"line":805,"column":15},"end":{"line":805,"column":26}},"loc":{"start":{"line":805,"column":52},"end":{"line":892,"column":1}},"line":805},"41":{"name":"(anonymous_41)","decl":{"start":{"line":848,"column":17},"end":{"line":848,"column":18}},"loc":{"start":{"line":848,"column":23},"end":{"line":852,"column":7}},"line":848},"42":{"name":"(anonymous_42)","decl":{"start":{"line":855,"column":17},"end":{"line":855,"column":18}},"loc":{"start":{"line":855,"column":23},"end":{"line":861,"column":7}},"line":855},"43":{"name":"(anonymous_43)","decl":{"start":{"line":868,"column":19},"end":{"line":868,"column":20}},"loc":{"start":{"line":868,"column":25},"end":{"line":871,"column":9}},"line":868},"44":{"name":"(anonymous_44)","decl":{"start":{"line":884,"column":15},"end":{"line":884,"column":16}},"loc":{"start":{"line":884,"column":21},"end":{"line":888,"column":5}},"line":884}},"branchMap":{"0":{"loc":{"start":{"line":45,"column":2},"end":{"line":61,"column":3}},"type":"switch","locations":[{"start":{"line":46,"column":4},"end":{"line":48,"column":12}},{"start":{"line":49,"column":4},"end":{"line":51,"column":12}},{"start":{"line":52,"column":4},"end":{"line":54,"column":12}},{"start":{"line":55,"column":4},"end":{"line":57,"column":12}},{"start":{"line":58,"column":4},"end":{"line":60,"column":12}}],"line":45},"1":{"loc":{"start":{"line":67,"column":33},"end":{"line":67,"column":45}},"type":"default-arg","locations":[{"start":{"line":67,"column":43},"end":{"line":67,"column":45}}],"line":67},"2":{"loc":{"start":{"line":77,"column":4},"end":{"line":79,"column":5}},"type":"if","locations":[{"start":{"line":77,"column":4},"end":{"line":79,"column":5}},{"start":{},"end":{}}],"line":77},"3":{"loc":{"start":{"line":102,"column":60},"end":{"line":102,"column":92}},"type":"binary-expr","locations":[{"start":{"line":102,"column":60},"end":{"line":102,"column":87}},{"start":{"line":102,"column":91},"end":{"line":102,"column":92}}],"line":102},"4":{"loc":{"start":{"line":103,"column":57},"end":{"line":103,"column":121}},"type":"binary-expr","locations":[{"start":{"line":103,"column":57},"end":{"line":103,"column":116}},{"start":{"line":103,"column":120},"end":{"line":103,"column":121}}],"line":103},"5":{"loc":{"start":{"line":104,"column":61},"end":{"line":104,"column":95}},"type":"binary-expr","locations":[{"start":{"line":104,"column":61},"end":{"line":104,"column":90}},{"start":{"line":104,"column":94},"end":{"line":104,"column":95}}],"line":104},"6":{"loc":{"start":{"line":105,"column":59},"end":{"line":105,"column":89}},"type":"binary-expr","locations":[{"start":{"line":105,"column":59},"end":{"line":105,"column":84}},{"start":{"line":105,"column":88},"end":{"line":105,"column":89}}],"line":105},"7":{"loc":{"start":{"line":108,"column":29},"end":{"line":110,"column":24}},"type":"binary-expr","locations":[{"start":{"line":108,"column":29},"end":{"line":110,"column":18}},{"start":{"line":110,"column":22},"end":{"line":110,"column":24}}],"line":108},"8":{"loc":{"start":{"line":115,"column":25},"end":{"line":117,"column":24}},"type":"binary-expr","locations":[{"start":{"line":115,"column":25},"end":{"line":117,"column":18}},{"start":{"line":117,"column":22},"end":{"line":117,"column":24}}],"line":115},"9":{"loc":{"start":{"line":123,"column":4},"end":{"line":125,"column":5}},"type":"if","locations":[{"start":{"line":123,"column":4},"end":{"line":125,"column":5}},{"start":{},"end":{}}],"line":123},"10":{"loc":{"start":{"line":137,"column":20},"end":{"line":137,"column":40}},"type":"binary-expr","locations":[{"start":{"line":137,"column":20},"end":{"line":137,"column":34}},{"start":{"line":137,"column":38},"end":{"line":137,"column":40}}],"line":137},"11":{"loc":{"start":{"line":151,"column":2},"end":{"line":154,"column":3}},"type":"if","locations":[{"start":{"line":151,"column":2},"end":{"line":154,"column":3}},{"start":{},"end":{}}],"line":151},"12":{"loc":{"start":{"line":161,"column":12},"end":{"line":161,"column":85}},"type":"cond-expr","locations":[{"start":{"line":161,"column":28},"end":{"line":161,"column":80}},{"start":{"line":161,"column":83},"end":{"line":161,"column":85}}],"line":161},"13":{"loc":{"start":{"line":162,"column":12},"end":{"line":162,"column":87}},"type":"cond-expr","locations":[{"start":{"line":162,"column":36},"end":{"line":162,"column":82}},{"start":{"line":162,"column":85},"end":{"line":162,"column":87}}],"line":162},"14":{"loc":{"start":{"line":168,"column":8},"end":{"line":168,"column":86}},"type":"cond-expr","locations":[{"start":{"line":168,"column":25},"end":{"line":168,"column":81}},{"start":{"line":168,"column":84},"end":{"line":168,"column":86}}],"line":168},"15":{"loc":{"start":{"line":171,"column":10},"end":{"line":171,"column":116}},"type":"cond-expr","locations":[{"start":{"line":171,"column":26},"end":{"line":171,"column":111}},{"start":{"line":171,"column":114},"end":{"line":171,"column":116}}],"line":171},"16":{"loc":{"start":{"line":172,"column":10},"end":{"line":172,"column":97}},"type":"cond-expr","locations":[{"start":{"line":172,"column":34},"end":{"line":172,"column":92}},{"start":{"line":172,"column":95},"end":{"line":172,"column":97}}],"line":172},"17":{"loc":{"start":{"line":188,"column":4},"end":{"line":192,"column":5}},"type":"if","locations":[{"start":{"line":188,"column":4},"end":{"line":192,"column":5}},{"start":{},"end":{}}],"line":188},"18":{"loc":{"start":{"line":195,"column":4},"end":{"line":198,"column":5}},"type":"if","locations":[{"start":{"line":195,"column":4},"end":{"line":198,"column":5}},{"start":{},"end":{}}],"line":195},"19":{"loc":{"start":{"line":206,"column":33},"end":{"line":206,"column":54}},"type":"binary-expr","locations":[{"start":{"line":206,"column":33},"end":{"line":206,"column":40}},{"start":{"line":206,"column":44},"end":{"line":206,"column":54}}],"line":206},"20":{"loc":{"start":{"line":211,"column":37},"end":{"line":211,"column":56}},"type":"binary-expr","locations":[{"start":{"line":211,"column":37},"end":{"line":211,"column":47}},{"start":{"line":211,"column":51},"end":{"line":211,"column":56}}],"line":211},"21":{"loc":{"start":{"line":212,"column":8},"end":{"line":212,"column":122}},"type":"cond-expr","locations":[{"start":{"line":212,"column":26},"end":{"line":212,"column":117}},{"start":{"line":212,"column":120},"end":{"line":212,"column":122}}],"line":212},"22":{"loc":{"start":{"line":213,"column":41},"end":{"line":213,"column":64}},"type":"binary-expr","locations":[{"start":{"line":213,"column":41},"end":{"line":213,"column":55}},{"start":{"line":213,"column":59},"end":{"line":213,"column":64}}],"line":213},"23":{"loc":{"start":{"line":215,"column":8},"end":{"line":231,"column":12}},"type":"cond-expr","locations":[{"start":{"line":215,"column":60},"end":{"line":231,"column":7}},{"start":{"line":231,"column":10},"end":{"line":231,"column":12}}],"line":215},"24":{"loc":{"start":{"line":215,"column":8},"end":{"line":215,"column":57}},"type":"binary-expr","locations":[{"start":{"line":215,"column":8},"end":{"line":215,"column":25}},{"start":{"line":215,"column":29},"end":{"line":215,"column":57}}],"line":215},"25":{"loc":{"start":{"line":222,"column":26},"end":{"line":222,"column":49}},"type":"binary-expr","locations":[{"start":{"line":222,"column":26},"end":{"line":222,"column":36}},{"start":{"line":222,"column":40},"end":{"line":222,"column":49}}],"line":222},"26":{"loc":{"start":{"line":223,"column":18},"end":{"line":223,"column":117}},"type":"cond-expr","locations":[{"start":{"line":223,"column":33},"end":{"line":223,"column":112}},{"start":{"line":223,"column":115},"end":{"line":223,"column":117}}],"line":223},"27":{"loc":{"start":{"line":233,"column":56},"end":{"line":233,"column":77}},"type":"binary-expr","locations":[{"start":{"line":233,"column":56},"end":{"line":233,"column":72}},{"start":{"line":233,"column":76},"end":{"line":233,"column":77}}],"line":233},"28":{"loc":{"start":{"line":234,"column":8},"end":{"line":326,"column":107}},"type":"cond-expr","locations":[{"start":{"line":234,"column":69},"end":{"line":326,"column":7}},{"start":{"line":326,"column":10},"end":{"line":326,"column":107}}],"line":234},"29":{"loc":{"start":{"line":234,"column":8},"end":{"line":234,"column":66}},"type":"binary-expr","locations":[{"start":{"line":234,"column":8},"end":{"line":234,"column":16}},{"start":{"line":234,"column":20},"end":{"line":234,"column":43}},{"start":{"line":234,"column":47},"end":{"line":234,"column":66}}],"line":234},"30":{"loc":{"start":{"line":238,"column":27},"end":{"line":238,"column":53}},"type":"binary-expr","locations":[{"start":{"line":238,"column":27},"end":{"line":238,"column":34}},{"start":{"line":238,"column":38},"end":{"line":238,"column":53}}],"line":238},"31":{"loc":{"start":{"line":239,"column":27},"end":{"line":239,"column":51}},"type":"binary-expr","locations":[{"start":{"line":239,"column":27},"end":{"line":239,"column":38}},{"start":{"line":239,"column":42},"end":{"line":239,"column":51}}],"line":239},"32":{"loc":{"start":{"line":240,"column":27},"end":{"line":240,"column":51}},"type":"binary-expr","locations":[{"start":{"line":240,"column":27},"end":{"line":240,"column":38}},{"start":{"line":240,"column":42},"end":{"line":240,"column":51}}],"line":240},"33":{"loc":{"start":{"line":241,"column":32},"end":{"line":241,"column":54}},"type":"binary-expr","locations":[{"start":{"line":241,"column":32},"end":{"line":241,"column":48}},{"start":{"line":241,"column":52},"end":{"line":241,"column":54}}],"line":241},"34":{"loc":{"start":{"line":242,"column":27},"end":{"line":242,"column":44}},"type":"binary-expr","locations":[{"start":{"line":242,"column":27},"end":{"line":242,"column":38}},{"start":{"line":242,"column":42},"end":{"line":242,"column":44}}],"line":242},"35":{"loc":{"start":{"line":243,"column":28},"end":{"line":243,"column":46}},"type":"binary-expr","locations":[{"start":{"line":243,"column":28},"end":{"line":243,"column":40}},{"start":{"line":243,"column":44},"end":{"line":243,"column":46}}],"line":243},"36":{"loc":{"start":{"line":245,"column":30},"end":{"line":245,"column":50}},"type":"binary-expr","locations":[{"start":{"line":245,"column":30},"end":{"line":245,"column":44}},{"start":{"line":245,"column":48},"end":{"line":245,"column":50}}],"line":245},"37":{"loc":{"start":{"line":251,"column":12},"end":{"line":272,"column":13}},"type":"if","locations":[{"start":{"line":251,"column":12},"end":{"line":272,"column":13}},{"start":{},"end":{}}],"line":251},"38":{"loc":{"start":{"line":253,"column":14},"end":{"line":271,"column":15}},"type":"if","locations":[{"start":{"line":253,"column":14},"end":{"line":271,"column":15}},{"start":{"line":261,"column":21},"end":{"line":271,"column":15}}],"line":253},"39":{"loc":{"start":{"line":261,"column":21},"end":{"line":271,"column":15}},"type":"if","locations":[{"start":{"line":261,"column":21},"end":{"line":271,"column":15}},{"start":{},"end":{}}],"line":261},"40":{"loc":{"start":{"line":261,"column":25},"end":{"line":261,"column":72}},"type":"binary-expr","locations":[{"start":{"line":261,"column":25},"end":{"line":261,"column":54}},{"start":{"line":261,"column":58},"end":{"line":261,"column":72}}],"line":261},"41":{"loc":{"start":{"line":265,"column":22},"end":{"line":265,"column":112}},"type":"cond-expr","locations":[{"start":{"line":265,"column":44},"end":{"line":265,"column":107}},{"start":{"line":265,"column":110},"end":{"line":265,"column":112}}],"line":265},"42":{"loc":{"start":{"line":268,"column":22},"end":{"line":268,"column":104}},"type":"cond-expr","locations":[{"start":{"line":268,"column":39},"end":{"line":268,"column":99}},{"start":{"line":268,"column":102},"end":{"line":268,"column":104}}],"line":268},"43":{"loc":{"start":{"line":286,"column":18},"end":{"line":286,"column":94}},"type":"cond-expr","locations":[{"start":{"line":286,"column":32},"end":{"line":286,"column":89}},{"start":{"line":286,"column":92},"end":{"line":286,"column":94}}],"line":286},"44":{"loc":{"start":{"line":288,"column":18},"end":{"line":293,"column":22}},"type":"cond-expr","locations":[{"start":{"line":288,"column":51},"end":{"line":293,"column":17}},{"start":{"line":293,"column":20},"end":{"line":293,"column":22}}],"line":288},"45":{"loc":{"start":{"line":295,"column":18},"end":{"line":306,"column":22}},"type":"cond-expr","locations":[{"start":{"line":295,"column":50},"end":{"line":306,"column":17}},{"start":{"line":306,"column":20},"end":{"line":306,"column":22}}],"line":295},"46":{"loc":{"start":{"line":295,"column":18},"end":{"line":295,"column":47}},"type":"binary-expr","locations":[{"start":{"line":295,"column":18},"end":{"line":295,"column":25}},{"start":{"line":295,"column":29},"end":{"line":295,"column":47}}],"line":295},"47":{"loc":{"start":{"line":300,"column":37},"end":{"line":300,"column":86}},"type":"cond-expr","locations":[{"start":{"line":300,"column":61},"end":{"line":300,"column":62}},{"start":{"line":300,"column":66},"end":{"line":300,"column":85}}],"line":300},"48":{"loc":{"start":{"line":300,"column":66},"end":{"line":300,"column":85}},"type":"binary-expr","locations":[{"start":{"line":300,"column":66},"end":{"line":300,"column":72}},{"start":{"line":300,"column":76},"end":{"line":300,"column":85}}],"line":300},"49":{"loc":{"start":{"line":301,"column":37},"end":{"line":301,"column":86}},"type":"cond-expr","locations":[{"start":{"line":301,"column":62},"end":{"line":301,"column":77}},{"start":{"line":301,"column":81},"end":{"line":301,"column":86}}],"line":301},"50":{"loc":{"start":{"line":301,"column":62},"end":{"line":301,"column":77}},"type":"binary-expr","locations":[{"start":{"line":301,"column":62},"end":{"line":301,"column":68}},{"start":{"line":301,"column":72},"end":{"line":301,"column":77}}],"line":301},"51":{"loc":{"start":{"line":310,"column":20},"end":{"line":316,"column":24}},"type":"cond-expr","locations":[{"start":{"line":310,"column":32},"end":{"line":316,"column":19}},{"start":{"line":316,"column":22},"end":{"line":316,"column":24}}],"line":310},"52":{"loc":{"start":{"line":330,"column":36},"end":{"line":330,"column":50}},"type":"binary-expr","locations":[{"start":{"line":330,"column":36},"end":{"line":330,"column":44}},{"start":{"line":330,"column":48},"end":{"line":330,"column":50}}],"line":330},"53":{"loc":{"start":{"line":333,"column":52},"end":{"line":333,"column":80}},"type":"binary-expr","locations":[{"start":{"line":333,"column":52},"end":{"line":333,"column":75}},{"start":{"line":333,"column":79},"end":{"line":333,"column":80}}],"line":333},"54":{"loc":{"start":{"line":334,"column":8},"end":{"line":346,"column":36}},"type":"cond-expr","locations":[{"start":{"line":334,"column":38},"end":{"line":346,"column":7}},{"start":{"line":346,"column":10},"end":{"line":346,"column":36}}],"line":334},"55":{"loc":{"start":{"line":342,"column":16},"end":{"line":342,"column":74}},"type":"cond-expr","locations":[{"start":{"line":342,"column":39},"end":{"line":342,"column":69}},{"start":{"line":342,"column":72},"end":{"line":342,"column":74}}],"line":342},"56":{"loc":{"start":{"line":351,"column":51},"end":{"line":351,"column":72}},"type":"binary-expr","locations":[{"start":{"line":351,"column":51},"end":{"line":351,"column":67}},{"start":{"line":351,"column":71},"end":{"line":351,"column":72}}],"line":351},"57":{"loc":{"start":{"line":355,"column":4},"end":{"line":403,"column":5}},"type":"if","locations":[{"start":{"line":355,"column":4},"end":{"line":403,"column":5}},{"start":{"line":360,"column":11},"end":{"line":403,"column":5}}],"line":355},"58":{"loc":{"start":{"line":360,"column":11},"end":{"line":403,"column":5}},"type":"if","locations":[{"start":{"line":360,"column":11},"end":{"line":403,"column":5}},{"start":{},"end":{}}],"line":360},"59":{"loc":{"start":{"line":360,"column":15},"end":{"line":360,"column":73}},"type":"binary-expr","locations":[{"start":{"line":360,"column":15},"end":{"line":360,"column":23}},{"start":{"line":360,"column":27},"end":{"line":360,"column":50}},{"start":{"line":360,"column":54},"end":{"line":360,"column":73}}],"line":360},"60":{"loc":{"start":{"line":373,"column":23},"end":{"line":373,"column":49}},"type":"binary-expr","locations":[{"start":{"line":373,"column":23},"end":{"line":373,"column":30}},{"start":{"line":373,"column":34},"end":{"line":373,"column":49}}],"line":373},"61":{"loc":{"start":{"line":374,"column":23},"end":{"line":374,"column":47}},"type":"binary-expr","locations":[{"start":{"line":374,"column":23},"end":{"line":374,"column":34}},{"start":{"line":374,"column":38},"end":{"line":374,"column":47}}],"line":374},"62":{"loc":{"start":{"line":375,"column":23},"end":{"line":375,"column":47}},"type":"binary-expr","locations":[{"start":{"line":375,"column":23},"end":{"line":375,"column":34}},{"start":{"line":375,"column":38},"end":{"line":375,"column":47}}],"line":375},"63":{"loc":{"start":{"line":376,"column":28},"end":{"line":376,"column":50}},"type":"binary-expr","locations":[{"start":{"line":376,"column":28},"end":{"line":376,"column":44}},{"start":{"line":376,"column":48},"end":{"line":376,"column":50}}],"line":376},"64":{"loc":{"start":{"line":389,"column":12},"end":{"line":389,"column":88}},"type":"cond-expr","locations":[{"start":{"line":389,"column":26},"end":{"line":389,"column":83}},{"start":{"line":389,"column":86},"end":{"line":389,"column":88}}],"line":389},"65":{"loc":{"start":{"line":397,"column":6},"end":{"line":401,"column":7}},"type":"if","locations":[{"start":{"line":397,"column":6},"end":{"line":401,"column":7}},{"start":{"line":399,"column":13},"end":{"line":401,"column":7}}],"line":397},"66":{"loc":{"start":{"line":397,"column":10},"end":{"line":397,"column":50}},"type":"binary-expr","locations":[{"start":{"line":397,"column":10},"end":{"line":397,"column":22}},{"start":{"line":397,"column":26},"end":{"line":397,"column":50}}],"line":397},"67":{"loc":{"start":{"line":407,"column":4},"end":{"line":412,"column":5}},"type":"if","locations":[{"start":{"line":407,"column":4},"end":{"line":412,"column":5}},{"start":{"line":410,"column":11},"end":{"line":412,"column":5}}],"line":407},"68":{"loc":{"start":{"line":424,"column":17},"end":{"line":424,"column":34}},"type":"binary-expr","locations":[{"start":{"line":424,"column":17},"end":{"line":424,"column":28}},{"start":{"line":424,"column":32},"end":{"line":424,"column":34}}],"line":424},"69":{"loc":{"start":{"line":438,"column":2},"end":{"line":441,"column":3}},"type":"if","locations":[{"start":{"line":438,"column":2},"end":{"line":441,"column":3}},{"start":{},"end":{}}],"line":438},"70":{"loc":{"start":{"line":444,"column":20},"end":{"line":444,"column":34}},"type":"binary-expr","locations":[{"start":{"line":444,"column":20},"end":{"line":444,"column":28}},{"start":{"line":444,"column":32},"end":{"line":444,"column":34}}],"line":444},"71":{"loc":{"start":{"line":445,"column":24},"end":{"line":445,"column":79}},"type":"binary-expr","locations":[{"start":{"line":445,"column":24},"end":{"line":445,"column":52}},{"start":{"line":445,"column":56},"end":{"line":445,"column":73}},{"start":{"line":445,"column":77},"end":{"line":445,"column":79}}],"line":445},"72":{"loc":{"start":{"line":446,"column":22},"end":{"line":446,"column":84}},"type":"binary-expr","locations":[{"start":{"line":446,"column":22},"end":{"line":446,"column":37}},{"start":{"line":446,"column":41},"end":{"line":446,"column":56}},{"start":{"line":446,"column":60},"end":{"line":446,"column":84}}],"line":446},"73":{"loc":{"start":{"line":451,"column":39},"end":{"line":451,"column":92}},"type":"cond-expr","locations":[{"start":{"line":451,"column":49},"end":{"line":451,"column":80}},{"start":{"line":451,"column":83},"end":{"line":451,"column":92}}],"line":451},"74":{"loc":{"start":{"line":453,"column":38},"end":{"line":453,"column":63}},"type":"binary-expr","locations":[{"start":{"line":453,"column":38},"end":{"line":453,"column":50}},{"start":{"line":453,"column":54},"end":{"line":453,"column":63}}],"line":453},"75":{"loc":{"start":{"line":453,"column":68},"end":{"line":453,"column":93}},"type":"binary-expr","locations":[{"start":{"line":453,"column":68},"end":{"line":453,"column":80}},{"start":{"line":453,"column":84},"end":{"line":453,"column":93}}],"line":453},"76":{"loc":{"start":{"line":454,"column":12},"end":{"line":458,"column":16}},"type":"cond-expr","locations":[{"start":{"line":454,"column":71},"end":{"line":458,"column":11}},{"start":{"line":458,"column":14},"end":{"line":458,"column":16}}],"line":454},"77":{"loc":{"start":{"line":454,"column":13},"end":{"line":454,"column":67}},"type":"binary-expr","locations":[{"start":{"line":454,"column":13},"end":{"line":454,"column":37}},{"start":{"line":454,"column":41},"end":{"line":454,"column":67}}],"line":454},"78":{"loc":{"start":{"line":462,"column":36},"end":{"line":462,"column":59}},"type":"binary-expr","locations":[{"start":{"line":462,"column":36},"end":{"line":462,"column":46}},{"start":{"line":462,"column":50},"end":{"line":462,"column":59}}],"line":462},"79":{"loc":{"start":{"line":463,"column":37},"end":{"line":463,"column":61}},"type":"binary-expr","locations":[{"start":{"line":463,"column":37},"end":{"line":463,"column":56}},{"start":{"line":463,"column":60},"end":{"line":463,"column":61}}],"line":463},"80":{"loc":{"start":{"line":465,"column":10},"end":{"line":465,"column":230}},"type":"cond-expr","locations":[{"start":{"line":465,"column":24},"end":{"line":465,"column":225}},{"start":{"line":465,"column":228},"end":{"line":465,"column":230}}],"line":465},"81":{"loc":{"start":{"line":466,"column":10},"end":{"line":466,"column":90}},"type":"cond-expr","locations":[{"start":{"line":466,"column":27},"end":{"line":466,"column":85}},{"start":{"line":466,"column":88},"end":{"line":466,"column":90}}],"line":466},"82":{"loc":{"start":{"line":467,"column":10},"end":{"line":467,"column":122}},"type":"cond-expr","locations":[{"start":{"line":467,"column":29},"end":{"line":467,"column":117}},{"start":{"line":467,"column":120},"end":{"line":467,"column":122}}],"line":467},"83":{"loc":{"start":{"line":487,"column":8},"end":{"line":493,"column":12}},"type":"cond-expr","locations":[{"start":{"line":487,"column":26},"end":{"line":493,"column":7}},{"start":{"line":493,"column":10},"end":{"line":493,"column":12}}],"line":487},"84":{"loc":{"start":{"line":494,"column":8},"end":{"line":501,"column":12}},"type":"cond-expr","locations":[{"start":{"line":494,"column":25},"end":{"line":501,"column":7}},{"start":{"line":501,"column":10},"end":{"line":501,"column":12}}],"line":494},"85":{"loc":{"start":{"line":500,"column":10},"end":{"line":500,"column":140}},"type":"cond-expr","locations":[{"start":{"line":500,"column":38},"end":{"line":500,"column":135}},{"start":{"line":500,"column":138},"end":{"line":500,"column":140}}],"line":500},"86":{"loc":{"start":{"line":502,"column":8},"end":{"line":502,"column":120}},"type":"cond-expr","locations":[{"start":{"line":502,"column":27},"end":{"line":502,"column":115}},{"start":{"line":502,"column":118},"end":{"line":502,"column":120}}],"line":502},"87":{"loc":{"start":{"line":504,"column":8},"end":{"line":504,"column":105}},"type":"cond-expr","locations":[{"start":{"line":504,"column":24},"end":{"line":504,"column":100}},{"start":{"line":504,"column":103},"end":{"line":504,"column":105}}],"line":504},"88":{"loc":{"start":{"line":505,"column":8},"end":{"line":505,"column":117}},"type":"cond-expr","locations":[{"start":{"line":505,"column":28},"end":{"line":505,"column":112}},{"start":{"line":505,"column":115},"end":{"line":505,"column":117}}],"line":505},"89":{"loc":{"start":{"line":508,"column":19},"end":{"line":508,"column":40}},"type":"binary-expr","locations":[{"start":{"line":508,"column":19},"end":{"line":508,"column":31}},{"start":{"line":508,"column":35},"end":{"line":508,"column":40}}],"line":508},"90":{"loc":{"start":{"line":510,"column":47},"end":{"line":510,"column":71}},"type":"binary-expr","locations":[{"start":{"line":510,"column":47},"end":{"line":510,"column":66}},{"start":{"line":510,"column":70},"end":{"line":510,"column":71}}],"line":510},"91":{"loc":{"start":{"line":511,"column":34},"end":{"line":511,"column":51}},"type":"binary-expr","locations":[{"start":{"line":511,"column":34},"end":{"line":511,"column":45}},{"start":{"line":511,"column":49},"end":{"line":511,"column":51}}],"line":511},"92":{"loc":{"start":{"line":513,"column":8},"end":{"line":516,"column":12}},"type":"cond-expr","locations":[{"start":{"line":513,"column":33},"end":{"line":516,"column":7}},{"start":{"line":516,"column":10},"end":{"line":516,"column":12}}],"line":513},"93":{"loc":{"start":{"line":518,"column":8},"end":{"line":533,"column":12}},"type":"cond-expr","locations":[{"start":{"line":518,"column":65},"end":{"line":533,"column":7}},{"start":{"line":533,"column":10},"end":{"line":533,"column":12}}],"line":518},"94":{"loc":{"start":{"line":518,"column":8},"end":{"line":518,"column":62}},"type":"binary-expr","locations":[{"start":{"line":518,"column":8},"end":{"line":518,"column":32}},{"start":{"line":518,"column":36},"end":{"line":518,"column":62}}],"line":518},"95":{"loc":{"start":{"line":546,"column":2},"end":{"line":548,"column":3}},"type":"if","locations":[{"start":{"line":546,"column":2},"end":{"line":548,"column":3}},{"start":{},"end":{}}],"line":546},"96":{"loc":{"start":{"line":571,"column":4},"end":{"line":597,"column":5}},"type":"if","locations":[{"start":{"line":571,"column":4},"end":{"line":597,"column":5}},{"start":{"line":595,"column":11},"end":{"line":597,"column":5}}],"line":571},"97":{"loc":{"start":{"line":580,"column":8},"end":{"line":582,"column":9}},"type":"if","locations":[{"start":{"line":580,"column":8},"end":{"line":582,"column":9}},{"start":{},"end":{}}],"line":580},"98":{"loc":{"start":{"line":591,"column":8},"end":{"line":593,"column":9}},"type":"if","locations":[{"start":{"line":591,"column":8},"end":{"line":593,"column":9}},{"start":{},"end":{}}],"line":591},"99":{"loc":{"start":{"line":596,"column":22},"end":{"line":596,"column":63}},"type":"binary-expr","locations":[{"start":{"line":596,"column":22},"end":{"line":596,"column":34}},{"start":{"line":596,"column":38},"end":{"line":596,"column":63}}],"line":596},"100":{"loc":{"start":{"line":607,"column":6},"end":{"line":609,"column":7}},"type":"if","locations":[{"start":{"line":607,"column":6},"end":{"line":609,"column":7}},{"start":{},"end":{}}],"line":607},"101":{"loc":{"start":{"line":625,"column":21},"end":{"line":625,"column":42}},"type":"binary-expr","locations":[{"start":{"line":625,"column":21},"end":{"line":625,"column":36}},{"start":{"line":625,"column":40},"end":{"line":625,"column":42}}],"line":625},"102":{"loc":{"start":{"line":639,"column":2},"end":{"line":642,"column":3}},"type":"if","locations":[{"start":{"line":639,"column":2},"end":{"line":642,"column":3}},{"start":{},"end":{}}],"line":639},"103":{"loc":{"start":{"line":647,"column":39},"end":{"line":647,"column":90}},"type":"binary-expr","locations":[{"start":{"line":647,"column":39},"end":{"line":647,"column":58}},{"start":{"line":647,"column":62},"end":{"line":647,"column":77}},{"start":{"line":647,"column":81},"end":{"line":647,"column":90}}],"line":647},"104":{"loc":{"start":{"line":652,"column":40},"end":{"line":652,"column":91}},"type":"binary-expr","locations":[{"start":{"line":652,"column":40},"end":{"line":652,"column":59}},{"start":{"line":652,"column":63},"end":{"line":652,"column":78}},{"start":{"line":652,"column":82},"end":{"line":652,"column":91}}],"line":652},"105":{"loc":{"start":{"line":653,"column":10},"end":{"line":653,"column":139}},"type":"cond-expr","locations":[{"start":{"line":653,"column":38},"end":{"line":653,"column":134}},{"start":{"line":653,"column":137},"end":{"line":653,"column":139}}],"line":653},"106":{"loc":{"start":{"line":654,"column":10},"end":{"line":654,"column":120}},"type":"cond-expr","locations":[{"start":{"line":654,"column":28},"end":{"line":654,"column":115}},{"start":{"line":654,"column":118},"end":{"line":654,"column":120}}],"line":654},"107":{"loc":{"start":{"line":656,"column":10},"end":{"line":656,"column":117}},"type":"cond-expr","locations":[{"start":{"line":656,"column":29},"end":{"line":656,"column":112}},{"start":{"line":656,"column":115},"end":{"line":656,"column":117}}],"line":656},"108":{"loc":{"start":{"line":657,"column":10},"end":{"line":657,"column":89}},"type":"cond-expr","locations":[{"start":{"line":657,"column":32},"end":{"line":657,"column":84}},{"start":{"line":657,"column":87},"end":{"line":657,"column":89}}],"line":657},"109":{"loc":{"start":{"line":673,"column":38},"end":{"line":673,"column":231}},"type":"cond-expr","locations":[{"start":{"line":673,"column":54},"end":{"line":673,"column":200}},{"start":{"line":673,"column":203},"end":{"line":673,"column":231}}],"line":673},"110":{"loc":{"start":{"line":673,"column":203},"end":{"line":673,"column":231}},"type":"binary-expr","locations":[{"start":{"line":673,"column":203},"end":{"line":673,"column":218}},{"start":{"line":673,"column":222},"end":{"line":673,"column":231}}],"line":673},"111":{"loc":{"start":{"line":674,"column":8},"end":{"line":674,"column":137}},"type":"cond-expr","locations":[{"start":{"line":674,"column":36},"end":{"line":674,"column":132}},{"start":{"line":674,"column":135},"end":{"line":674,"column":137}}],"line":674},"112":{"loc":{"start":{"line":675,"column":8},"end":{"line":675,"column":118}},"type":"cond-expr","locations":[{"start":{"line":675,"column":26},"end":{"line":675,"column":113}},{"start":{"line":675,"column":116},"end":{"line":675,"column":118}}],"line":675},"113":{"loc":{"start":{"line":678,"column":8},"end":{"line":678,"column":115}},"type":"cond-expr","locations":[{"start":{"line":678,"column":27},"end":{"line":678,"column":110}},{"start":{"line":678,"column":113},"end":{"line":678,"column":115}}],"line":678},"114":{"loc":{"start":{"line":680,"column":8},"end":{"line":692,"column":12}},"type":"cond-expr","locations":[{"start":{"line":680,"column":34},"end":{"line":692,"column":7}},{"start":{"line":692,"column":10},"end":{"line":692,"column":12}}],"line":680},"115":{"loc":{"start":{"line":694,"column":47},"end":{"line":694,"column":70}},"type":"binary-expr","locations":[{"start":{"line":694,"column":47},"end":{"line":694,"column":65}},{"start":{"line":694,"column":69},"end":{"line":694,"column":70}}],"line":694},"116":{"loc":{"start":{"line":695,"column":34},"end":{"line":695,"column":50}},"type":"binary-expr","locations":[{"start":{"line":695,"column":34},"end":{"line":695,"column":44}},{"start":{"line":695,"column":48},"end":{"line":695,"column":50}}],"line":695},"117":{"loc":{"start":{"line":710,"column":19},"end":{"line":710,"column":38}},"type":"binary-expr","locations":[{"start":{"line":710,"column":19},"end":{"line":710,"column":32}},{"start":{"line":710,"column":36},"end":{"line":710,"column":38}}],"line":710},"118":{"loc":{"start":{"line":724,"column":2},"end":{"line":727,"column":3}},"type":"if","locations":[{"start":{"line":724,"column":2},"end":{"line":727,"column":3}},{"start":{},"end":{}}],"line":724},"119":{"loc":{"start":{"line":735,"column":8},"end":{"line":735,"column":76}},"type":"cond-expr","locations":[{"start":{"line":735,"column":20},"end":{"line":735,"column":71}},{"start":{"line":735,"column":74},"end":{"line":735,"column":76}}],"line":735},"120":{"loc":{"start":{"line":737,"column":38},"end":{"line":737,"column":61}},"type":"cond-expr","locations":[{"start":{"line":737,"column":52},"end":{"line":737,"column":55}},{"start":{"line":737,"column":58},"end":{"line":737,"column":61}}],"line":737},"121":{"loc":{"start":{"line":738,"column":40},"end":{"line":738,"column":65}},"type":"cond-expr","locations":[{"start":{"line":738,"column":56},"end":{"line":738,"column":59}},{"start":{"line":738,"column":62},"end":{"line":738,"column":65}}],"line":738},"122":{"loc":{"start":{"line":739,"column":10},"end":{"line":739,"column":74}},"type":"cond-expr","locations":[{"start":{"line":739,"column":22},"end":{"line":739,"column":69}},{"start":{"line":739,"column":72},"end":{"line":739,"column":74}}],"line":739},"123":{"loc":{"start":{"line":740,"column":10},"end":{"line":740,"column":80}},"type":"cond-expr","locations":[{"start":{"line":740,"column":24},"end":{"line":740,"column":75}},{"start":{"line":740,"column":78},"end":{"line":740,"column":80}}],"line":740},"124":{"loc":{"start":{"line":741,"column":10},"end":{"line":741,"column":125}},"type":"cond-expr","locations":[{"start":{"line":741,"column":33},"end":{"line":741,"column":120}},{"start":{"line":741,"column":123},"end":{"line":741,"column":125}}],"line":741},"125":{"loc":{"start":{"line":753,"column":2},"end":{"line":756,"column":3}},"type":"if","locations":[{"start":{"line":753,"column":2},"end":{"line":756,"column":3}},{"start":{},"end":{}}],"line":753},"126":{"loc":{"start":{"line":758,"column":26},"end":{"line":760,"column":7}},"type":"cond-expr","locations":[{"start":{"line":759,"column":6},"end":{"line":759,"column":78}},{"start":{"line":760,"column":6},"end":{"line":760,"column":7}}],"line":758},"127":{"loc":{"start":{"line":768,"column":8},"end":{"line":768,"column":87}},"type":"cond-expr","locations":[{"start":{"line":768,"column":26},"end":{"line":768,"column":82}},{"start":{"line":768,"column":85},"end":{"line":768,"column":87}}],"line":768},"128":{"loc":{"start":{"line":770,"column":10},"end":{"line":770,"column":75}},"type":"cond-expr","locations":[{"start":{"line":770,"column":28},"end":{"line":770,"column":70}},{"start":{"line":770,"column":73},"end":{"line":770,"column":75}}],"line":770},"129":{"loc":{"start":{"line":771,"column":10},"end":{"line":771,"column":81}},"type":"cond-expr","locations":[{"start":{"line":771,"column":30},"end":{"line":771,"column":76}},{"start":{"line":771,"column":79},"end":{"line":771,"column":81}}],"line":771},"130":{"loc":{"start":{"line":772,"column":10},"end":{"line":777,"column":14}},"type":"cond-expr","locations":[{"start":{"line":772,"column":39},"end":{"line":777,"column":9}},{"start":{"line":777,"column":12},"end":{"line":777,"column":14}}],"line":772},"131":{"loc":{"start":{"line":778,"column":10},"end":{"line":778,"column":115}},"type":"cond-expr","locations":[{"start":{"line":778,"column":40},"end":{"line":778,"column":110}},{"start":{"line":778,"column":113},"end":{"line":778,"column":115}}],"line":778},"132":{"loc":{"start":{"line":779,"column":10},"end":{"line":779,"column":103}},"type":"cond-expr","locations":[{"start":{"line":779,"column":36},"end":{"line":779,"column":98}},{"start":{"line":779,"column":101},"end":{"line":779,"column":103}}],"line":779},"133":{"loc":{"start":{"line":794,"column":2},"end":{"line":796,"column":3}},"type":"if","locations":[{"start":{"line":794,"column":2},"end":{"line":796,"column":3}},{"start":{},"end":{}}],"line":794},"134":{"loc":{"start":{"line":805,"column":39},"end":{"line":805,"column":50}},"type":"default-arg","locations":[{"start":{"line":805,"column":48},"end":{"line":805,"column":50}}],"line":805},"135":{"loc":{"start":{"line":810,"column":4},"end":{"line":818,"column":5}},"type":"if","locations":[{"start":{"line":810,"column":4},"end":{"line":818,"column":5}},{"start":{},"end":{}}],"line":810},"136":{"loc":{"start":{"line":840,"column":4},"end":{"line":875,"column":5}},"type":"if","locations":[{"start":{"line":840,"column":4},"end":{"line":875,"column":5}},{"start":{"line":873,"column":11},"end":{"line":875,"column":5}}],"line":840},"137":{"loc":{"start":{"line":849,"column":8},"end":{"line":851,"column":9}},"type":"if","locations":[{"start":{"line":849,"column":8},"end":{"line":851,"column":9}},{"start":{},"end":{}}],"line":849},"138":{"loc":{"start":{"line":856,"column":8},"end":{"line":860,"column":9}},"type":"if","locations":[{"start":{"line":856,"column":8},"end":{"line":860,"column":9}},{"start":{"line":858,"column":15},"end":{"line":860,"column":9}}],"line":856},"139":{"loc":{"start":{"line":858,"column":15},"end":{"line":860,"column":9}},"type":"if","locations":[{"start":{"line":858,"column":15},"end":{"line":860,"column":9}},{"start":{},"end":{}}],"line":858},"140":{"loc":{"start":{"line":867,"column":6},"end":{"line":872,"column":7}},"type":"if","locations":[{"start":{"line":867,"column":6},"end":{"line":872,"column":7}},{"start":{},"end":{}}],"line":867},"141":{"loc":{"start":{"line":874,"column":22},"end":{"line":874,"column":62}},"type":"binary-expr","locations":[{"start":{"line":874,"column":22},"end":{"line":874,"column":34}},{"start":{"line":874,"column":38},"end":{"line":874,"column":62}}],"line":874},"142":{"loc":{"start":{"line":885,"column":6},"end":{"line":887,"column":7}},"type":"if","locations":[{"start":{"line":885,"column":6},"end":{"line":887,"column":7}},{"start":{},"end":{}}],"line":885}},"s":{"0":0,"1":0,"2":0,"3":0,"4":0,"5":0,"6":0,"7":0,"8":0,"9":0,"10":0,"11":0,"12":0,"13":0,"14":0,"15":0,"16":0,"17":0,"18":0,"19":0,"20":0,"21":0,"22":0,"23":0,"24":0,"25":0,"26":0,"27":0,"28":0,"29":0,"30":0,"31":0,"32":0,"33":0,"34":0,"35":0,"36":0,"37":0,"38":0,"39":0,"40":0,"41":0,"42":0,"43":0,"44":0,"45":0,"46":0,"47":0,"48":0,"49":0,"50":0,"51":0,"52":0,"53":0,"54":0,"55":0,"56":0,"57":0,"58":0,"59":0,"60":0,"61":0,"62":0,"63":0,"64":0,"65":0,"66":0,"67":0,"68":0,"69":0,"70":0,"71":0,"72":0,"73":0,"74":0,"75":0,"76":0,"77":0,"78":0,"79":0,"80":0,"81":0,"82":0,"83":0,"84":0,"85":0,"86":0,"87":0,"88":0,"89":0,"90":0,"91":0,"92":0,"93":0,"94":0,"95":0,"96":0,"97":0,"98":0,"99":0,"100":0,"101":0,"102":0,"103":0,"104":0,"105":0,"106":0,"107":0,"108":0,"109":0,"110":0,"111":0,"112":0,"113":0,"114":0,"115":0,"116":0,"117":0,"118":0,"119":0,"120":0,"121":0,"122":0,"123":0,"124":0,"125":0,"126":0,"127":0,"128":0,"129":0,"130":0,"131":0,"132":0,"133":0,"134":0,"135":0,"136":0,"137":0,"138":0,"139":0,"140":0,"141":0,"142":0,"143":0,"144":0,"145":0,"146":0,"147":0,"148":0,"149":0,"150":0,"151":0,"152":0,"153":0,"154":0,"155":0,"156":0,"157":0,"158":0,"159":0,"160":0,"161":0,"162":0,"163":0,"164":0,"165":0,"166":0,"167":0,"168":0,"169":0,"170":0,"171":0,"172":0,"173":0,"174":0,"175":0,"176":0,"177":0,"178":0,"179":0,"180":0,"181":0,"182":0,"183":0,"184":0,"185":0,"186":0,"187":0,"188":0,"189":0,"190":0,"191":0,"192":0,"193":0,"194":0,"195":0,"196":0,"197":0,"198":0,"199":0,"200":0,"201":0,"202":0,"203":0,"204":0,"205":0,"206":0,"207":0,"208":0,"209":0,"210":0,"211":0,"212":0,"213":0,"214":0,"215":0,"216":0,"217":0,"218":0,"219":0,"220":0,"221":0,"222":0,"223":0,"224":0,"225":0,"226":0,"227":0,"228":0,"229":0,"230":0,"231":0,"232":0,"233":0,"234":0,"235":0,"236":0,"237":0,"238":0,"239":0,"240":0,"241":0,"242":0,"243":0,"244":0,"245":0,"246":0,"247":0,"248":0,"249":0,"250":0,"251":0,"252":0,"253":0,"254":0,"255":0,"256":0,"257":0,"258":0,"259":0,"260":0,"261":0,"262":0,"263":0,"264":0,"265":0,"266":0,"267":0,"268":0,"269":0},"f":{"0":0,"1":0,"2":0,"3":0,"4":0,"5":0,"6":0,"7":0,"8":0,"9":0,"10":0,"11":0,"12":0,"13":0,"14":0,"15":0,"16":0,"17":0,"18":0,"19":0,"20":0,"21":0,"22":0,"23":0,"24":0,"25":0,"26":0,"27":0,"28":0,"29":0,"30":0,"31":0,"32":0,"33":0,"34":0,"35":0,"36":0,"37":0,"38":0,"39":0,"40":0,"41":0,"42":0,"43":0,"44":0},"b":{"0":[0,0,0,0,0],"1":[0],"2":[0,0],"3":[0,0],"4":[0,0],"5":[0,0],"6":[0,0],"7":[0,0],"8":[0,0],"9":[0,0],"10":[0,0],"11":[0,0],"12":[0,0],"13":[0,0],"14":[0,0],"15":[0,0],"16":[0,0],"17":[0,0],"18":[0,0],"19":[0,0],"20":[0,0],"21":[0,0],"22":[0,0],"23":[0,0],"24":[0,0],"25":[0,0],"26":[0,0],"27":[0,0],"28":[0,0],"29":[0,0,0],"30":[0,0],"31":[0,0],"32":[0,0],"33":[0,0],"34":[0,0],"35":[0,0],"36":[0,0],"37":[0,0],"38":[0,0],"39":[0,0],"40":[0,0],"41":[0,0],"42":[0,0],"43":[0,0],"44":[0,0],"45":[0,0],"46":[0,0],"47":[0,0],"48":[0,0],"49":[0,0],"50":[0,0],"51":[0,0],"52":[0,0],"53":[0,0],"54":[0,0],"55":[0,0],"56":[0,0],"57":[0,0],"58":[0,0],"59":[0,0,0],"60":[0,0],"61":[0,0],"62":[0,0],"63":[0,0],"64":[0,0],"65":[0,0],"66":[0,0],"67":[0,0],"68":[0,0],"69":[0,0],"70":[0,0],"71":[0,0,0],"72":[0,0,0],"73":[0,0],"74":[0,0],"75":[0,0],"76":[0,0],"77":[0,0],"78":[0,0],"79":[0,0],"80":[0,0],"81":[0,0],"82":[0,0],"83":[0,0],"84":[0,0],"85":[0,0],"86":[0,0],"87":[0,0],"88":[0,0],"89":[0,0],"90":[0,0],"91":[0,0],"92":[0,0],"93":[0,0],"94":[0,0],"95":[0,0],"96":[0,0],"97":[0,0],"98":[0,0],"99":[0,0],"100":[0,0],"101":[0,0],"102":[0,0],"103":[0,0,0],"104":[0,0,0],"105":[0,0],"106":[0,0],"107":[0,0],"108":[0,0],"109":[0,0],"110":[0,0],"111":[0,0],"112":[0,0],"113":[0,0],"114":[0,0],"115":[0,0],"116":[0,0],"117":[0,0],"118":[0,0],"119":[0,0],"120":[0,0],"121":[0,0],"122":[0,0],"123":[0,0],"124":[0,0],"125":[0,0],"126":[0,0],"127":[0,0],"128":[0,0],"129":[0,0],"130":[0,0],"131":[0,0],"132":[0,0],"133":[0,0],"134":[0],"135":[0,0],"136":[0,0],"137":[0,0],"138":[0,0],"139":[0,0],"140":[0,0],"141":[0,0],"142":[0,0]}}
,"/Users/kaczmarek/x/swietlik/beautiful.web/kaczmarek.ai-dev/lib/agent/debug.js": {"path":"/Users/kaczmarek/x/swietlik/beautiful.web/kaczmarek.ai-dev/lib/agent/debug.js","statementMap":{"0":{"start":{"line":5,"column":11},"end":{"line":5,"column":24}},"1":{"start":{"line":6,"column":13},"end":{"line":6,"column":28}},"2":{"start":{"line":10,"column":4},"end":{"line":10,"column":19}},"3":{"start":{"line":11,"column":4},"end":{"line":11,"column":67}},"4":{"start":{"line":18,"column":21},"end":{"line":18,"column":63}},"5":{"start":{"line":20,"column":4},"end":{"line":22,"column":5}},"6":{"start":{"line":21,"column":6},"end":{"line":21,"column":59}},"7":{"start":{"line":24,"column":4},"end":{"line":45,"column":5}},"8":{"start":{"line":25,"column":19},"end":{"line":25,"column":64}},"9":{"start":{"line":27,"column":6},"end":{"line":42,"column":8}},"10":{"start":{"line":44,"column":6},"end":{"line":44,"column":66}},"11":{"start":{"line":52,"column":4},"end":{"line":54,"column":5}},"12":{"start":{"line":53,"column":6},"end":{"line":53,"column":16}},"13":{"start":{"line":56,"column":18},"end":{"line":62,"column":28}},"14":{"start":{"line":57,"column":19},"end":{"line":57,"column":38}},"15":{"start":{"line":59,"column":23},"end":{"line":59,"column":45}},"16":{"start":{"line":60,"column":8},"end":{"line":60,"column":43}},"17":{"start":{"line":62,"column":19},"end":{"line":62,"column":27}},"18":{"start":{"line":64,"column":4},"end":{"line":64,"column":17}},"19":{"start":{"line":71,"column":4},"end":{"line":71,"column":66}},"20":{"start":{"line":71,"column":43},"end":{"line":71,"column":64}},"21":{"start":{"line":78,"column":17},"end":{"line":78,"column":44}},"22":{"start":{"line":79,"column":4},"end":{"line":81,"column":5}},"23":{"start":{"line":80,"column":6},"end":{"line":80,"column":35}},"24":{"start":{"line":83,"column":20},"end":{"line":83,"column":22}},"25":{"start":{"line":85,"column":4},"end":{"line":87,"column":5}},"26":{"start":{"line":86,"column":6},"end":{"line":86,"column":86}},"27":{"start":{"line":89,"column":4},"end":{"line":91,"column":5}},"28":{"start":{"line":90,"column":6},"end":{"line":90,"column":111}},"29":{"start":{"line":93,"column":4},"end":{"line":95,"column":5}},"30":{"start":{"line":94,"column":6},"end":{"line":94,"column":81}},"31":{"start":{"line":97,"column":4},"end":{"line":104,"column":5}},"32":{"start":{"line":98,"column":6},"end":{"line":103,"column":9}},"33":{"start":{"line":106,"column":4},"end":{"line":111,"column":6}},"34":{"start":{"line":118,"column":17},"end":{"line":118,"column":44}},"35":{"start":{"line":120,"column":4},"end":{"line":128,"column":5}},"36":{"start":{"line":121,"column":6},"end":{"line":127,"column":8}},"37":{"start":{"line":130,"column":4},"end":{"line":134,"column":6}},"38":{"start":{"line":141,"column":4},"end":{"line":141,"column":35}},"39":{"start":{"line":141,"column":23},"end":{"line":141,"column":35}},"40":{"start":{"line":143,"column":21},"end":{"line":146,"column":5}},"41":{"start":{"line":148,"column":4},"end":{"line":152,"column":5}},"42":{"start":{"line":149,"column":6},"end":{"line":149,"column":41}},"43":{"start":{"line":150,"column":6},"end":{"line":150,"column":60}},"44":{"start":{"line":151,"column":6},"end":{"line":151,"column":71}},"45":{"start":{"line":154,"column":4},"end":{"line":157,"column":5}},"46":{"start":{"line":155,"column":6},"end":{"line":155,"column":39}},"47":{"start":{"line":156,"column":6},"end":{"line":156,"column":68}},"48":{"start":{"line":159,"column":4},"end":{"line":162,"column":5}},"49":{"start":{"line":160,"column":6},"end":{"line":160,"column":36}},"50":{"start":{"line":161,"column":6},"end":{"line":161,"column":57}},"51":{"start":{"line":164,"column":4},"end":{"line":167,"column":5}},"52":{"start":{"line":165,"column":6},"end":{"line":165,"column":37}},"53":{"start":{"line":166,"column":6},"end":{"line":166,"column":62}},"54":{"start":{"line":169,"column":4},"end":{"line":169,"column":20}},"55":{"start":{"line":176,"column":24},"end":{"line":176,"column":26}},"56":{"start":{"line":178,"column":4},"end":{"line":182,"column":5}},"57":{"start":{"line":179,"column":6},"end":{"line":179,"column":85}},"58":{"start":{"line":180,"column":6},"end":{"line":180,"column":83}},"59":{"start":{"line":181,"column":6},"end":{"line":181,"column":81}},"60":{"start":{"line":184,"column":4},"end":{"line":186,"column":5}},"61":{"start":{"line":185,"column":6},"end":{"line":185,"column":82}},"62":{"start":{"line":188,"column":4},"end":{"line":190,"column":5}},"63":{"start":{"line":189,"column":6},"end":{"line":189,"column":90}},"64":{"start":{"line":192,"column":4},"end":{"line":192,"column":23}},"65":{"start":{"line":196,"column":0},"end":{"line":196,"column":31}}},"fnMap":{"0":{"name":"(anonymous_0)","decl":{"start":{"line":9,"column":2},"end":{"line":9,"column":3}},"loc":{"start":{"line":9,"column":35},"end":{"line":12,"column":3}},"line":9},"1":{"name":"(anonymous_1)","decl":{"start":{"line":17,"column":2},"end":{"line":17,"column":3}},"loc":{"start":{"line":17,"column":25},"end":{"line":46,"column":3}},"line":17},"2":{"name":"(anonymous_2)","decl":{"start":{"line":51,"column":2},"end":{"line":51,"column":3}},"loc":{"start":{"line":51,"column":17},"end":{"line":65,"column":3}},"line":51},"3":{"name":"(anonymous_3)","decl":{"start":{"line":57,"column":14},"end":{"line":57,"column":15}},"loc":{"start":{"line":57,"column":19},"end":{"line":57,"column":38}},"line":57},"4":{"name":"(anonymous_4)","decl":{"start":{"line":58,"column":11},"end":{"line":58,"column":12}},"loc":{"start":{"line":58,"column":16},"end":{"line":61,"column":7}},"line":58},"5":{"name":"(anonymous_5)","decl":{"start":{"line":62,"column":14},"end":{"line":62,"column":15}},"loc":{"start":{"line":62,"column":19},"end":{"line":62,"column":27}},"line":62},"6":{"name":"(anonymous_6)","decl":{"start":{"line":70,"column":2},"end":{"line":70,"column":3}},"loc":{"start":{"line":70,"column":19},"end":{"line":72,"column":3}},"line":70},"7":{"name":"(anonymous_7)","decl":{"start":{"line":71,"column":38},"end":{"line":71,"column":39}},"loc":{"start":{"line":71,"column":43},"end":{"line":71,"column":64}},"line":71},"8":{"name":"(anonymous_8)","decl":{"start":{"line":77,"column":2},"end":{"line":77,"column":3}},"loc":{"start":{"line":77,"column":25},"end":{"line":112,"column":3}},"line":77},"9":{"name":"(anonymous_9)","decl":{"start":{"line":117,"column":2},"end":{"line":117,"column":3}},"loc":{"start":{"line":117,"column":25},"end":{"line":135,"column":3}},"line":117},"10":{"name":"(anonymous_10)","decl":{"start":{"line":140,"column":2},"end":{"line":140,"column":3}},"loc":{"start":{"line":140,"column":29},"end":{"line":170,"column":3}},"line":140},"11":{"name":"(anonymous_11)","decl":{"start":{"line":175,"column":2},"end":{"line":175,"column":3}},"loc":{"start":{"line":175,"column":37},"end":{"line":193,"column":3}},"line":175}},"branchMap":{"0":{"loc":{"start":{"line":9,"column":14},"end":{"line":9,"column":33}},"type":"default-arg","locations":[{"start":{"line":9,"column":20},"end":{"line":9,"column":33}}],"line":9},"1":{"loc":{"start":{"line":20,"column":4},"end":{"line":22,"column":5}},"type":"if","locations":[{"start":{"line":20,"column":4},"end":{"line":22,"column":5}},{"start":{},"end":{}}],"line":20},"2":{"loc":{"start":{"line":36,"column":20},"end":{"line":36,"column":69}},"type":"cond-expr","locations":[{"start":{"line":36,"column":48},"end":{"line":36,"column":65}},{"start":{"line":36,"column":68},"end":{"line":36,"column":69}}],"line":36},"3":{"loc":{"start":{"line":37,"column":15},"end":{"line":37,"column":31}},"type":"binary-expr","locations":[{"start":{"line":37,"column":15},"end":{"line":37,"column":25}},{"start":{"line":37,"column":29},"end":{"line":37,"column":31}}],"line":37},"4":{"loc":{"start":{"line":38,"column":22},"end":{"line":38,"column":58}},"type":"cond-expr","locations":[{"start":{"line":38,"column":36},"end":{"line":38,"column":54}},{"start":{"line":38,"column":57},"end":{"line":38,"column":58}}],"line":38},"5":{"loc":{"start":{"line":52,"column":4},"end":{"line":54,"column":5}},"type":"if","locations":[{"start":{"line":52,"column":4},"end":{"line":54,"column":5}},{"start":{},"end":{}}],"line":52},"6":{"loc":{"start":{"line":79,"column":4},"end":{"line":81,"column":5}},"type":"if","locations":[{"start":{"line":79,"column":4},"end":{"line":81,"column":5}},{"start":{},"end":{}}],"line":79},"7":{"loc":{"start":{"line":85,"column":4},"end":{"line":87,"column":5}},"type":"if","locations":[{"start":{"line":85,"column":4},"end":{"line":87,"column":5}},{"start":{},"end":{}}],"line":85},"8":{"loc":{"start":{"line":89,"column":4},"end":{"line":91,"column":5}},"type":"if","locations":[{"start":{"line":89,"column":4},"end":{"line":91,"column":5}},{"start":{},"end":{}}],"line":89},"9":{"loc":{"start":{"line":93,"column":4},"end":{"line":95,"column":5}},"type":"if","locations":[{"start":{"line":93,"column":4},"end":{"line":95,"column":5}},{"start":{},"end":{}}],"line":93},"10":{"loc":{"start":{"line":97,"column":4},"end":{"line":104,"column":5}},"type":"if","locations":[{"start":{"line":97,"column":4},"end":{"line":104,"column":5}},{"start":{},"end":{}}],"line":97},"11":{"loc":{"start":{"line":120,"column":4},"end":{"line":128,"column":5}},"type":"if","locations":[{"start":{"line":120,"column":4},"end":{"line":128,"column":5}},{"start":{},"end":{}}],"line":120},"12":{"loc":{"start":{"line":141,"column":4},"end":{"line":141,"column":35}},"type":"if","locations":[{"start":{"line":141,"column":4},"end":{"line":141,"column":35}},{"start":{},"end":{}}],"line":141},"13":{"loc":{"start":{"line":148,"column":4},"end":{"line":152,"column":5}},"type":"if","locations":[{"start":{"line":148,"column":4},"end":{"line":152,"column":5}},{"start":{},"end":{}}],"line":148},"14":{"loc":{"start":{"line":148,"column":8},"end":{"line":148,"column":77}},"type":"binary-expr","locations":[{"start":{"line":148,"column":8},"end":{"line":148,"column":38}},{"start":{"line":148,"column":42},"end":{"line":148,"column":77}}],"line":148},"15":{"loc":{"start":{"line":154,"column":4},"end":{"line":157,"column":5}},"type":"if","locations":[{"start":{"line":154,"column":4},"end":{"line":157,"column":5}},{"start":{},"end":{}}],"line":154},"16":{"loc":{"start":{"line":154,"column":8},"end":{"line":154,"column":77}},"type":"binary-expr","locations":[{"start":{"line":154,"column":8},"end":{"line":154,"column":39}},{"start":{"line":154,"column":43},"end":{"line":154,"column":77}}],"line":154},"17":{"loc":{"start":{"line":159,"column":4},"end":{"line":162,"column":5}},"type":"if","locations":[{"start":{"line":159,"column":4},"end":{"line":162,"column":5}},{"start":{},"end":{}}],"line":159},"18":{"loc":{"start":{"line":159,"column":8},"end":{"line":159,"column":71}},"type":"binary-expr","locations":[{"start":{"line":159,"column":8},"end":{"line":159,"column":37}},{"start":{"line":159,"column":41},"end":{"line":159,"column":71}}],"line":159},"19":{"loc":{"start":{"line":164,"column":4},"end":{"line":167,"column":5}},"type":"if","locations":[{"start":{"line":164,"column":4},"end":{"line":167,"column":5}},{"start":{},"end":{}}],"line":164},"20":{"loc":{"start":{"line":164,"column":8},"end":{"line":164,"column":75}},"type":"binary-expr","locations":[{"start":{"line":164,"column":8},"end":{"line":164,"column":39}},{"start":{"line":164,"column":43},"end":{"line":164,"column":75}}],"line":164},"21":{"loc":{"start":{"line":178,"column":4},"end":{"line":182,"column":5}},"type":"if","locations":[{"start":{"line":178,"column":4},"end":{"line":182,"column":5}},{"start":{},"end":{}}],"line":178},"22":{"loc":{"start":{"line":178,"column":8},"end":{"line":178,"column":54}},"type":"binary-expr","locations":[{"start":{"line":178,"column":8},"end":{"line":178,"column":20}},{"start":{"line":178,"column":24},"end":{"line":178,"column":54}}],"line":178},"23":{"loc":{"start":{"line":184,"column":4},"end":{"line":186,"column":5}},"type":"if","locations":[{"start":{"line":184,"column":4},"end":{"line":186,"column":5}},{"start":{},"end":{}}],"line":184},"24":{"loc":{"start":{"line":184,"column":8},"end":{"line":184,"column":31}},"type":"binary-expr","locations":[{"start":{"line":184,"column":8},"end":{"line":184,"column":12}},{"start":{"line":184,"column":16},"end":{"line":184,"column":31}}],"line":184},"25":{"loc":{"start":{"line":188,"column":4},"end":{"line":190,"column":5}},"type":"if","locations":[{"start":{"line":188,"column":4},"end":{"line":190,"column":5}},{"start":{},"end":{}}],"line":188},"26":{"loc":{"start":{"line":188,"column":8},"end":{"line":188,"column":37}},"type":"binary-expr","locations":[{"start
[...]
25,"column":84}},"10":{"start":{"line":33,"column":4},"end":{"line":50,"column":5}},"11":{"start":{"line":35,"column":18},"end":{"line":35,"column":40}},"12":{"start":{"line":36,"column":6},"end":{"line":38,"column":7}},"13":{"start":{"line":37,"column":8},"end":{"line":37,"column":47}},"14":{"start":{"line":40,"column":26},"end":{"line":44,"column":8}},"15":{"start":{"line":46,"column":6},"end":{"line":46,"column":54}},"16":{"start":{"line":47,"column":6},"end":{"line":47,"column":18}},"17":{"start":{"line":49,"column":6},"end":{"line":49,"column":82}},"18":{"start":{"line":57,"column":4},"end":{"line":57,"column":48}},"19":{"start":{"line":64,"column":4},"end":{"line":64,"column":44}},"20":{"start":{"line":71,"column":19},"end":{"line":71,"column":21}},"21":{"start":{"line":73,"column":4},"end":{"line":75,"column":5}},"22":{"start":{"line":74,"column":6},"end":{"line":74,"column":47}},"23":{"start":{"line":77,"column":4},"end":{"line":80,"column":5}},"24":{"start":{"line":78,"column":6},"end":{"line":78,"column":54}},"25":{"start":{"line":79,"column":6},"end":{"line":79,"column":38}},"26":{"start":{"line":82,"column":4},"end":{"line":84,"column":5}},"27":{"start":{"line":83,"column":6},"end":{"line":83,"column":58}},"28":{"start":{"line":87,"column":20},"end":{"line":87,"column":29}},"29":{"start":{"line":88,"column":4},"end":{"line":127,"column":7}},"30":{"start":{"line":89,"column":6},"end":{"line":96,"column":7}},"31":{"start":{"line":90,"column":8},"end":{"line":90,"column":54}},"32":{"start":{"line":92,"column":8},"end":{"line":94,"column":9}},"33":{"start":{"line":93,"column":10},"end":{"line":93,"column":55}},"34":{"start":{"line":95,"column":8},"end":{"line":95,"column":29}},"35":{"start":{"line":98,"column":6},"end":{"line":100,"column":7}},"36":{"start":{"line":99,"column":8},"end":{"line":99,"column":59}},"37":{"start":{"line":102,"column":6},"end":{"line":104,"column":7}},"38":{"start":{"line":103,"column":8},"end":{"line":103,"column":60}},"39":{"start":{"line":107,"column":6},"end":{"line":120,"column":7}},"40":{"start":{"line":108,"column":8},"end":{"line":119,"column":9}},"41":{"start":{"line":109,"column":10},"end":{"line":111,"column":11}},"42":{"start":{"line":109,"column":72},"end":{"line":109,"column":95}},"43":{"start":{"line":110,"column":12},"end":{"line":110,"column":99}},"44":{"start":{"line":112,"column":15},"end":{"line":119,"column":9}},"45":{"start":{"line":113,"column":10},"end":{"line":115,"column":11}},"46":{"start":{"line":113,"column":63},"end":{"line":113,"column":91}},"47":{"start":{"line":114,"column":12},"end":{"line":114,"column":109}},"48":{"start":{"line":116,"column":10},"end":{"line":118,"column":11}},"49":{"start":{"line":116,"column":63},"end":{"line":116,"column":91}},"50":{"start":{"line":117,"column":12},"end":{"line":117,"column":109}},"51":{"start":{"line":122,"column":6},"end":{"line":126,"column":7}},"52":{"start":{"line":123,"column":8},"end":{"line":125,"column":9}},"53":{"start":{"line":123,"column":38},"end":{"line":123,"column":61}},"54":{"start":{"line":124,"column":10},"end":{"line":124,"column":97}},"55":{"start":{"line":129,"column":4},"end":{"line":132,"column":6}},"56":{"start":{"line":139,"column":18},"end":{"line":179,"column":6}},"57":{"start":{"line":140,"column":19},"end":{"line":144,"column":7}},"58":{"start":{"line":146,"column":6},"end":{"line":148,"column":7}},"59":{"start":{"line":147,"column":8},"end":{"line":147,"column":39}},"60":{"start":{"line":150,"column":6},"end":{"line":152,"column":7}},"61":{"start":{"line":151,"column":8},"end":{"line":151,"column":41}},"62":{"start":{"line":155,"column":26},"end":{"line":157,"column":7}},"63":{"start":{"line":156,"column":13},"end":{"line":156,"column":62}},"64":{"start":{"line":158,"column":26},"end":{"line":160,"column":7}},"65":{"start":{"line":159,"column":13},"end":{"line":159,"column":62}},"66":{"start":{"line":162,"column":6},"end":{"line":172,"column":7}},"67":{"start":{"line":163,"column":8},"end":{"line":171,"column":9}},"68":{"start":{"line":164,"column":10},"end":{"line":168,"column":12}},"69":{"start":{"line":170,"column":10},"end":{"line":170,"column":46}},"70":{"start":{"line":174,"column":6},"end":{"line":176,"column":7}},"71":{"start":{"line":175,"column":8},"end":{"line":175,"column":44}},"72":{"start":{"line":178,"column":6},"end":{"line":178,"column":18}},"73":{"start":{"line":181,"column":4},"end":{"line":186,"column":6}},"74":{"start":{"line":193,"column":18},"end":{"line":210,"column":6}},"75":{"start":{"line":195,"column":16},"end":{"line":195,"column":19}},"76":{"start":{"line":196,"column":16},"end":{"line":196,"column":35}},"77":{"start":{"line":198,"column":6},"end":{"line":209,"column":8}},"78":{"start":{"line":212,"column":18},"end":{"line":212,"column":20}},"79":{"start":{"line":213,"column":4},"end":{"line":250,"column":7}},"80":{"start":{"line":214,"column":6},"end":{"line":240,"column":7}},"81":{"start":{"line":215,"column":8},"end":{"line":239,"column":9}},"82":{"start":{"line":216,"column":10},"end":{"line":221,"column":13}},"83":{"start":{"line":222,"column":15},"end":{"line":239,"column":9}},"84":{"start":{"line":223,"column":10},"end":{"line":229,"column":13}},"85":{"start":{"line":230,"column":10},"end":{"line":238,"column":11}},"86":{"start":{"line":231,"column":12},"end":{"line":237,"column":15}},"87":{"start":{"line":242,"column":6},"end":{"line":249,"column":7}},"88":{"start":{"line":243,"column":8},"end":{"line":248,"column":11}},"89":{"start":{"line":252,"column":4},"end":{"line":258,"column":6}},"90":{"start":{"line":262,"column":0},"end":{"line":262,"column":36}}},"fnMap":{"0":{"name":"(anonymous_0)","decl":{"start":{"line":13,"column":2},"end":{"line":13,"column":3}},"loc":{"start":{"line":13,"column":32},"end":{"line":27,"column":3}},"line":13},"1":{"name":"(anonymous_1)","decl":{"start":{"line":32,"column":2},"end":{"line":32,"column":3}},"loc":{"start":{"line":32,"column":40},"end":{"line":51,"column":3}},"line":32},"2":{"name":"(anonymous_2)","decl":{"start":{"line":56,"column":2},"end":{"line":56,"column":3}},"loc":{"start":{"line":56,"column":26},"end":{"line":58,"column":3}},"line":56},"3":{"name":"(anonymous_3)","decl":{"start":{"line":63,"column":2},"end":{"line":63,"column":3}},"loc":{"start":{"line":63,"column":24},"end":{"line":65,"column":3}},"line":63},"4":{"name":"(anonymous_4)","decl":{"start":{"line":70,"column":2},"end":{"line":70,"column":3}},"loc":{"start":{"line":70,"column":28},"end":{"line":133,"column":3}},"line":70},"5":{"name":"(anonymous_5)","decl":{"start":{"line":88,"column":27},"end":{"line":88,"column":28}},"loc":{"start":{"line":88,"column":44},"end":{"line":127,"column":5}},"line":88},"6":{"name":"(anonymous_6)","decl":{"start":{"line":109,"column":67},"end":{"line":109,"column":68}},"loc":{"start":{"line":109,"column":72},"end":{"line":109,"column":95}},"line":109},"7":{"name":"(anonymous_7)","decl":{"start":{"line":113,"column":58},"end":{"line":113,"column":59}},"loc":{"start":{"line":113,"column":63},"end":{"line":113,"column":91}},"line":113},"8":{"name":"(anonymous_8)","decl":{"start":{"line":116,"column":58},"end":{"line":116,"column":59}},"loc":{"start":{"line":116,"column":63},"end":{"line":116,"column":91}},"line":116},"9":{"name":"(anonymous_9)","decl":{"start":{"line":123,"column":33},"end":{"line":123,"column":34}},"loc":{"start":{"line":123,"column":38},"end":{"line":123,"column":61}},"line":123},"10":{"name":"(anonymous_10)","decl":{"start":{"line":138,"column":2},"end":{"line":138,"column":3}},"loc":{"start":{"line":138,"column":38},"end":{"line":187,"column":3}},"line":138},"11":{"name":"(anonymous_11)","decl":{"start":{"line":139,"column":43},"end":{"line":139,"column":44}},"loc":{"start":{"line":139,"column":51},"end":{"line":179,"column":5}},"line":139},"12":{"name":"(anonymous_12)","decl":{"start":{"line":156,"column":8},"end":{"line":156,"column":9}},"loc":{"start":{"line":156,"column":13},"end":{"line":156,"column":62}},"line":156},"13":{"name":"(anonymous_13)","decl":{"start":{"line":159,"column":8},"end":{"line":159,"column":9}},"loc":{"start":{"line":159,"column":13},"end":{"line":159,"column":62}},"line":159},"14":{"name":"(anonymous_14)","decl":{"start":{"line":192,"column":2},"end":{"line":192,"column":3}},"loc":{"start":{"line":192,"column":36},"end":{"line":259,"column":3}},"line":192},"15":{"name":"(anonymous_15)","decl":{"start":{"line":193,"column":41},"end":{"line":193,"column":42}},"loc":{"start":{"line":193,"column":58},"end":{"line":210,"column":5}},"line":193},"16":{"name":"(anonymous_16)","decl":{"start":{"line":213,"column":31},"end":{"line":213,"column":32}},"loc":{"start":{"line":213,"column":39},"end":{"line":250,"column":5}},"line":213}},"branchMap":{"0":{"loc":{"start":{"line":19,"column":6},"end":{"line":21,"column":7}},"type":"if","locations":[{"start":{"line":19,"column":6},"end":{"line":21,"column":7}},{"start":{},"end":{}}],"line":19},"1":{"loc":{"start":{"line":19,"column":10},"end":{"line":19,"column":43}},"type":"binary-expr","locations":[{"start":{"line":19,"column":10},"end":{"line":19,"column":24}},{"start":{"line":19,"column":28},"end":{"line":19,"column":43}}],"line":19},"2":{"loc":{"start":{"line":36,"column":6},"end":{"line":38,"column":7}},"type":"if","locations":[{"start":{"line":36,"column":6},"end":{"line":38,"column":7}},{"start":{},"end":{}}],"line":36},"3":{"loc":{"start":{"line":73,"column":4},"end":{"line":75,"column":5}},"type":"if","locations":[{"start":{"line":73,"column":4},"end":{"line":75,"column":5}},{"start":{},"end":{}}],"line":73},"4":{"loc":{"start":{"line":77,"column":4},"end":{"line":80,"column":5}},"type":"if","locations":[{"start":{"line":77,"column":4},"end":{"line":80,"column":5}},{"start":{},"end":{}}],"line":77},"5":{"loc":{"start":{"line":77,"column":8},"end":{"line":77,"column":57}},"type":"binary-expr","locations":[{"start":{"line":77,"column":8},"end":{"line":77,"column":23}},{"start":{"line":77,"column":27},"end":{"line":77,"column":57}}],"line":77},"6":{"loc":{"start":{"line":82,"column":4},"end":{"line":84,"column":5}},"type":"if","locations":[{"start":{"line":82,"column":4},"end":{"line":84,"column":5}},{"start":{},"end":{}}],"line":82},"7":{"loc":{"start":{"line":89,"column":6},"end":{"line":96,"column":7}},"type":"if","locations":[{"start":{"line":89,"column":6},"end":{"line":96,"column":7}},{"start":{"line":91,"column":13},"end":{"line":96,"column":7}}],"line":89},"8":{"loc":{"start":{"line":92,"column":8},"end":{"line":94,"column":9}},"type":"if","locations":[{"start":{"line":92,"column":8},"end":{"line":94,"column":9}},{"start":{},"end":{}}],"line":92},"9":{"loc":{"start":{"line":98,"column":6},"end":{"line":100,"column":7}},"type":"if","locations":[{"start":{"line":98,"column":6},"end":{"line":100,"column":7}},{"start":{},"end":{}}],"line":98},"10":{"loc":{"start":{"line":102,"column":6},"end":{"line":104,"column":7}},"type":"if","locations":[{"start":{"line":102,"column":6},"end":{"line":104,"column":7}},{"start":{},"end":{}}],"line":102},"11":{"loc":{"start":{"line":107,"column":6},"end":{"line":120,"column":7}},"type":"if","locations":[{"start":{"line":107,"column":6},"end":{"line":120,"column":7}},{"start":{},"end":{}}],"line":107},"12":{"loc":{"start":{"line":108,"column":8},"end":{"line":119,"column":9}},"type":"if","locations":[{"start":{"line":108,"column":8},"end":{"line":119,"column":9}},{"start":{"line":112,"column":15},"end":{"line":119,"column":9}}],"line":108},"13":{"loc":{"start":{"line":109,"column":10},"end":{"line":111,"column":11}},"type":"if","locations":[{"start":{"line":109,"column":10},"end":{"line":111,"column":11}},{"start":{},"end":{}}],"line":109},"14":{"loc":{"start":{"line":109,"column":14},"end":{"line":109,"column":96}},"type":"binary-expr","locations":[{"start":{"line":109,"column":14},"end":{"line":109,"column":42}},{"start":{"line":109,"column":46},"end":{"line":109,"column":96}}],"line":109},"15":{"loc":{"start":{"line":112,"column":15},"end":{"line":119,"column":9}},"type":"if","locations":[{"start":{"line":112,"column":15},"end":{"line":119,"column":9}},{"start":{},"end":{}}],"line":112},"16":{"loc":{"start":{"line":112,"column":19},"end":{"line":112,"column":61}},"type":"binary-expr","locations":[{"start":{"line":112,"column":19},"end":{"line":112,"column":38}},{"start":{"line":112,"column":42},"end":{"line":112,"column":61}}],"line":112},"17":{"loc":{"start":{"line":113,"column":10},"end":{"line":115,"column":11}},"type":"if","locations":[{"start":{"line":113,"column":10},"end":{"line":115,"column":11}},{"start":{},"end":{}}],"line":113},"18":{"loc":{"start":{"line":113,"column":14},"end":{"line":113,"column":92}},"type":"binary-expr","locations":[{"start":{"line":113,"column":14},"end":{"line":113,"column":33}},{"start":{"line":113,"column":37},"end":{"line":113,"column":92}}],"line":113},"19":{"loc":{"start":{"line":116,"column":10},"end":{"line":118,"column":11}},"type":"if","locations":[{"start":{"line":116,"column":10},"end":{"line":118,"column":11}},{"start":{},"end":{}}],"line":116},"20":{"loc":{"start":{"line":116,"column":14},"end":{"line":116,"column":92}},"type":"binary-expr","locations":[{"start":{"line":116,"column":14},"end":{"line":116,"column":33}},{"start":{"line":116,"column":37},"end":{"line":116,"column":92}}],"line":116},"21":{"loc":{"start":{"line":122,"column":6},"end":{"line":126,"column":7}},"type":"if","locations":[{"start":{"line":122,"column":6},"end":{"line":126,"column":7}},{"start":{},"end":{}}],"line":122},"22":{"loc":{"start":{"line":122,"column":10},"end":{"line":122,"column":62}},"type":"binary-expr","locations":[{"start":{"line":122,"column":10},"end":{"line":122,"column":24}},{"start":{"line":122,"column":28},"end":{"line":122,"column":62}}],"line":122},"23":{"loc":{"start":{"line":123,"column":8},"end":{"line":125,"column":9}},"type":"if","locations":[{"start":{"line":123,"column":8},"end":{"line":125,"column":9}},{"start":{},"end":{}}],"line":123},"24":{"loc":{"start":{"line":141,"column":12},"end":{"line":141,"column":39}},"type":"binary-expr","locations":[{"start":{"line":141,"column":12},"end":{"line":141,"column":28}},{"start":{"line":141,"column":32},"end":{"line":141,"column":39}}],"line":141},"25":{"loc":{"start":{"line":146,"column":6},"end":{"line":148,"column":7}},"type":"if","locations":[{"start":{"line":146,"column":6},"end":{"line":148,"column":7}},{"start":{},"end":{}}],"line":146},"26":{"loc":{"start":{"line":150,"column":6},"end":{"line":152,"column":7}},"type":"if","locations":[{"start":{"line":150,"column":6},"end":{"line":152,"column":7}},{"start":{},"end":{}}],"line":150},"27":{"loc":{"start":{"line":156,"column":13},"end":{"line":156,"column":62}},"type":"binary-expr","locations":[{"start":{"line":156,"column":13},"end":{"line":156,"column":33}},{"start":{"line":156,"column":37},"end":{"line":156,"column":62}}],"line":156},"28":{"loc":{"start":{"line":159,"column":13},"end":{"line":159,"column":62}},"type":"binary-expr","locations":[{"start":{"line":159,"column":13},"end":{"line":159,"column":33}},{"start":{"line":159,"column":37},"end":{"line":159,"column":62}}],"line":159},"29":{"loc":{"start":{"line":162,"column":6},"end":{"line":172,"column":7}},"type":"if","locations":[{"start":{"line":162,"column":6},"end":{"line":172,"column":7}},{"start":{},"end":{}}],"line":162},"30":{"loc":{"start":{"line":163,"column":8},"end":{"line":171,"column":9}},"type":"if","locations":[{"start":{"line":163,"column":8},"end":{"line":171,"column":9}},{"start":{"line":169,"column":15},"end":{"line":171,"column":9}}],"line":163},"31":{"loc":{"start":{"line":167,"column":18},"end":{"line":167,"column":45}},"type":"binary-expr","locations":[{"start":{"line":167,"column":18},"end":{"line":167,"column":37}},{"start":{"line":167,"column":41},"end":{"line":167,"column":45}}],"line":167},"32":{"loc":{"start":{"line":174,"column":6},"end":{"line":176,"column":7}},"type":"if","locations":[{"start":{"line":174,"column":6},"end":{"line":176,"column":7}},{"start":{},"end":{}}],"line":174},"33":{"loc":{"start":{"line":182,"column":12},"end":{"line":182,"column":54}},"type":"binary-expr","locations":[{"start":{"line":182,"column":12},"end":{"line":182,"column":31}},{"start":{"line":182,"column":35},"end":{"line":182,"column":54}}],"line":182},"34":{"loc":{"start":{"line":183,"column":15},"end":{"line":183,"column":48}},"type":"binary-expr","locations":[{"start":{"line":183,"column":15},"end":{"line":183,"column":37}},{"start":{"line":183,"column":41},"end":{"line":183,"column":48}}],"line":183},"35":{"loc":{"start":{"line":184,"column":19},"end":{"line":184,"column":51}},"type":"binary-expr","locations":[{"start":{"line":184,"column":19},"end":{"line":184,"column":45}},{"start":{"line":184,"column":49},"end":{"line":184,"column":51}}],"line":184},"36":{"loc":{"start":{"line":206,"column":18},"end":{"line":206,"column":35}},"type":"binary-expr","locations":[{"start":{"line":206,"column":18},"end":{"line":206,"column":29}},{"start":{"line":206,"column":33},"end":{"line":206,"column":35}}],"line":206},"37":{"loc":{"start":{"line":207,"column":19},"end":{"line":207,"column":37}},"type":"binary-expr","locations":[{"start":{"line":207,"column":19},"end":{"line":207,"column":31}},{"start":{"line":207,"column":35},"end":{"line":207,"column":37}}],"line":207},"38":{"loc":{"start":{"line":214,"column":6},"end":{"line":240,"column":7}},"type":"if","locations":[{"start":{"line":214,"column":6},"end":{"line":240,"column":7}},{"start":{},"end":{}}],"line":214},"39":{"loc":{"start":{"line":215,"column":8},"end":{"line":239,"column":9}},"type":"if","locations":[{"start":{"line":215,"column":8},"end":{"line":239,"column":9}},{"start":{"line":222,"column":15},"end":{"line":239,"column":9}}],"line":215},"40":{"loc":{"start":{"line":222,"column":15},"end":{"line":239,"column":9}},"type":"if","locations":[{"start":{"line":222,"column":15},"end":{"line":239,"column":9}},{"start":{},"end":{}}],"line":222},"41":{"loc":{"start":{"line":230,"column":10},"end":{"line":238,"column":11}},"type":"if","locations":[{"start":{"line":230,"column":10},"end":{"line":238,"column":11}},{"start":{},"end":{}}],"line":230},"42":{"loc":{"start":{"line":242,"column":6},"end":{"line":249,"column":7}},"type":"if","locations":[{"start":{"line":242,"column":6},"end":{"line":249,"column":7}},{"start":{},"end":{}}],"line":242},"43":{"loc":{"start":{"line":255,"column":19},"end":{"line":255,"column":49}},"type":"binary-expr","locations":[{"start":{"line":255,"column":19},"end":{"line":255,"column":43}},{"start":{"line":255,"column":47},"end":{"line":255,"column":49}}],"line":255}},"s":{"0":1,"1":1,"2":1,"3":1,"4":1,"5":1,"6":1,"7":0,"8":1,"9":0,"10":0,"11":0,"12":0,"13":0,"14":0,"15":0,"16":0,"17":0,"18":0,"19":0,"20":2,"21":2,"22":1,"23":2,"24":0,"25":0,"26":2,"27":1,"28":2,"29":2,"30":1,"31":0,"32":1,"33":0,"34":1,"35":1,"36":0,"37":1,"38":0,"39":1,"40":0,"41":0,"42":0,"43":0,"44":0,"45":0,"46":0,"47":0,"48":0,"49":0,"50":0,"51":1,"52":0,"53":0,"54":0,"55":2,"56":0,"57":0,"58":0,"59":0,"60":0,"61":0,"62":0,"63":0,"64":0,"65":0,"66":0,"67":0,"68":0,"69":0,"70":0,"71":0,"72":0,"73":0,"74":0,"75":0,"76":0,"77":0,"78":0,"79":0,"80":0,"81":0,"82":0,"83":0,"84":0,"85":0,"86":0,"87":0,"88":0,"89":0,"90":1},"f":{"0":1,"1":0,"2":0,"3":0,"4":2,"5":1,"6":0,"7":0,"8":0,"9":0,"10":0,"11":0,"12":0,"13":0,"14":0,"15":0,"16":0},"b":{"0":[0,1],"1":[1,1],"2":[0,0],"3":[1,1],"4":[0,2],"5":[2,2],"6":[1,1],"7":[0,1],"8":[0,1],"9":[0,1],"10":[0,1],"11":[0,1],"12":[0,0],"13":[0,0],"14":[0,0],"15":[0,0],"16":[0,0],"17":[0,0],"18":[0,0],"19":[0,0],"20":[0,0],"21":[0,1],"22":[1,0],"23":[0,0],"24":[0,0],"25":[0,0],"26":[0,0],"27":[0,0],"28":[0,0],"29":[0,0],"30":[0,0],"31":[0,0],"32":[0,0],"33":[0,0],"34":[0,0],"35":[0,0],"36":[0,0],"37":[0,0],"38":[0,0],"39":[0,0],"40":[0,0],"41":[0,0],"42":[0,0],"43":[0,0]},"_coverageSchema":"1a1c01bbd47fc00a2c39e90264f33305004495a9","hash":"9b5e3155fd68f79d71cd45f336e25eac292a51e5"}
}
