TN:
SF:frontend/app-v2.js
FN:12,(anonymous_0)
FN:20,setupNavigation
FN:21,(anonymous_2)
FN:22,(anonymous_3)
FN:32,switchView
FN:36,(anonymous_5)
FN:47,(anonymous_6)
FN:75,showVersionDetail
FN:88,showStage
FN:92,(anonymous_9)
FN:105,refreshHome
FN:113,loadHome
FN:141,renderCurrentVersion
FN:160,renderStageProgress
FN:162,(anonymous_14)
FN:163,(anonymous_15)
FN:164,(anonymous_16)
FN:165,(anonymous_17)
FN:168,(anonymous_18)
FN:181,renderNoVersion
FN:195,loadRecentActivity
FN:198,(anonymous_21)
FN:199,(anonymous_22)
FN:205,(anonymous_23)
FN:215,(anonymous_24)
FN:215,(anonymous_25)
FN:225,(anonymous_26)
FN:235,renderActivityList
FN:243,(anonymous_28)
FN:255,switchLibraryTab
FN:256,(anonymous_30)
FNF:31
FNH:0
FNDA:0,(anonymous_0)
FNDA:0,setupNavigation
FNDA:0,(anonymous_2)
FNDA:0,(anonymous_3)
FNDA:0,switchView
FNDA:0,(anonymous_5)
FNDA:0,(anonymous_6)
FNDA:0,showVersionDetail
FNDA:0,showStage
FNDA:0,(anonymous_9)
FNDA:0,refreshHome
FNDA:0,loadHome
FNDA:0,renderCurrentVersion
FNDA:0,renderStageProgress
FNDA:0,(anonymous_14)
FNDA:0,(anonymous_15)
FNDA:0,(anonymous_16)
FNDA:0,(anonymous_17)
FNDA:0,(anonymous_18)
FNDA:0,renderNoVersion
FNDA:0,loadRecentActivity
FNDA:0,(anonymous_21)
FNDA:0,(anonymous_22)
FNDA:0,(anonymous_23)
FNDA:0,(anonymous_24)
FNDA:0,(anonymous_25)
FNDA:0,(anonymous_26)
FNDA:0,renderActivityList
FNDA:0,(anonymous_28)
FNDA:0,switchLibraryTab
FNDA:0,(anonymous_30)
DA:7,0
DA:8,0
DA:9,0
DA:12,0
DA:13,0
DA:14,0
DA:21,0
DA:22,0
DA:23,0
DA:24,0
DA:33,0
DA:36,0
DA:37,0
DA:41,0
DA:42,0
DA:43,0
DA:47,0
DA:48,0
DA:52,0
DA:54,0
DA:56,0
DA:57,0
DA:59,0
DA:61,0
DA:62,0
DA:64,0
DA:65,0
DA:67,0
DA:68,0
DA:77,0
DA:78,0
DA:79,0
DA:80,0
DA:81,0
DA:89,0
DA:92,0
DA:93,0
DA:97,0
DA:98,0
DA:106,0
DA:115,0
DA:116,0
DA:119,0
DA:120,0
DA:121,0
DA:123,0
DA:124,0
DA:125,0
DA:129,0
DA:130,0
DA:133,0
DA:142,0
DA:143,0
DA:144,0
DA:146,0
DA:147,0
DA:148,0
DA:151,0
DA:152,0
DA:153,0
DA:161,0
DA:162,0
DA:163,0
DA:164,0
DA:165,0
DA:168,0
DA:169,0
DA:170,0
DA:172,0
DA:173,0
DA:182,0
DA:183,0
DA:196,0
DA:197,0
DA:198,0
DA:199,0
DA:202,0
DA:205,0
DA:206,0
DA:215,0
DA:216,0
DA:225,0
DA:226,0
DA:228,0
DA:236,0
DA:238,0
DA:239,0
DA:240,0
DA:243,0
DA:256,0
DA:257,0
DA:260,0
DA:261,0
DA:266,0
DA:267,0
DA:268,0
DA:269,0
DA:270,0
DA:271,0
LF:99
LH:0
BRDA:42,0,0,0
BRDA:42,0,1,0
BRDA:52,1,0,0
BRDA:52,1,1,0
BRDA:52,1,2,0
BRDA:52,1,3,0
BRDA:56,2,0,0
BRDA:56,2,1,0
BRDA:61,3,0,0
BRDA:61,3,1,0
BRDA:64,4,0,0
BRDA:64,4,1,0
BRDA:67,5,0,0
BRDA:67,5,1,0
BRDA:80,6,0,0
BRDA:80,6,1,0
BRDA:97,7,0,0
BRDA:97,7,1,0
BRDA:115,8,0,0
BRDA:115,8,1,0
BRDA:121,9,0,0
BRDA:121,9,1,0
BRDA:123,10,0,0
BRDA:123,10,1,0
BRDA:129,11,0,0
BRDA:129,11,1,0
BRDA:147,12,0,0
BRDA:147,12,1,0
BRDA:148,13,0,0
BRDA:148,13,1,0
BRDA:151,14,0,0
BRDA:151,14,1,0
BRDA:162,15,0,0
BRDA:162,15,1,0
BRDA:163,16,0,0
BRDA:163,16,1,0
BRDA:164,17,0,0
BRDA:164,17,1,0
BRDA:165,18,0,0
BRDA:165,18,1,0
BRDA:172,19,0,0
BRDA:172,19,1,0
BRDA:172,20,0,0
BRDA:172,20,1,0
BRDA:173,21,0,0
BRDA:173,21,1,0
BRDA:205,22,0,0
BRDA:205,22,1,0
BRDA:215,23,0,0
BRDA:215,23,1,0
BRDA:238,24,0,0
BRDA:238,24,1,0
BRDA:247,25,0,0
BRDA:247,25,1,0
BRDA:260,26,0,0
BRDA:260,26,1,0
BRF:56
BRH:0
end_of_record
TN:
SF:frontend/app.js
FN:11,(anonymous_0)
FN:14,(anonymous_1)
FN:19,(anonymous_2)
FN:33,setupNavigation
FN:34,(anonymous_4)
FN:35,(anonymous_5)
FN:45,switchView
FN:50,(anonymous_7)
FN:55,(anonymous_8)
FN:93,closeModal
FN:100,showExecutionSummary
FN:129,copyTextToClipboard
FNF:12
FNH:0
FNDA:0,(anonymous_0)
FNDA:0,(anonymous_1)
FNDA:0,(anonymous_2)
FNDA:0,setupNavigation
FNDA:0,(anonymous_4)
FNDA:0,(anonymous_5)
FNDA:0,switchView
FNDA:0,(anonymous_7)
FNDA:0,(anonymous_8)
FNDA:0,closeModal
FNDA:0,showExecutionSummary
FNDA:0,copyTextToClipboard
DA:7,0
DA:8,0
DA:11,0
DA:12,0
DA:14,0
DA:15,0
DA:16,0
DA:18,0
DA:19,0
DA:20,0
DA:21,0
DA:23,0
DA:34,0
DA:35,0
DA:36,0
DA:37,0
DA:46,0
DA:47,0
DA:50,0
DA:51,0
DA:55,0
DA:57,0
DA:58,0
DA:60,0
DA:65,0
DA:67,0
DA:68,0
DA:70,0
DA:71,0
DA:74,0
DA:76,0
DA:77,0
DA:79,0
DA:80,0
DA:82,0
DA:83,0
DA:85,0
DA:86,0
DA:94,0
DA:101,0
DA:102,0
DA:103,0
DA:105,0
DA:106,0
DA:107,0
DA:110,0
DA:111,0
DA:119,0
DA:121,0
DA:122,0
DA:130,0
DA:131,0
DA:132,0
DA:134,0
DA:135,0
DA:140,0
DA:141,0
DA:142,0
DA:143,0
DA:144,0
LF:60
LH:0
BRDA:15,0,0,0
BRDA:15,0,1,0
BRDA:20,1,0,0
BRDA:20,1,1,0
BRDA:57,2,0,0
BRDA:57,2,1,0
BRDA:65,3,0,0
BRDA:65,3,1,0
BRDA:65,3,2,0
BRDA:65,3,3,0
BRDA:65,3,4,0
BRDA:65,3,5,0
BRDA:65,3,6,0
BRDA:67,4,0,0
BRDA:67,4,1,0
BRDA:70,5,0,0
BRDA:70,5,1,0
BRDA:76,6,0,0
BRDA:76,6,1,0
BRDA:79,7,0,0
BRDA:79,7,1,0
BRDA:82,8,0,0
BRDA:82,8,1,0
BRDA:85,9,0,0
BRDA:85,9,1,0
BRDA:105,10,0,0
BRDA:105,10,1,0
BRF:27
BRH:0
end_of_record
TN:
SF:frontend/utils.js
FN:10,formatDateForDisplay
FN:27,showNotification
FN:60,(anonymous_2)
FN:70,apiCall
FNF:4
FNH:0
FNDA:0,formatDateForDisplay
FNDA:0,showNotification
FNDA:0,(anonymous_2)
FNDA:0,apiCall
DA:5,0
DA:11,0
DA:12,0
DA:13,0
DA:14,0
DA:16,0
DA:18,0
DA:20,0
DA:28,0
DA:35,0
DA:42,0
DA:43,0
DA:55,0
DA:56,0
DA:59,0
DA:60,0
DA:61,0
DA:62,0
DA:71,0
DA:72,0
DA:80,0
DA:81,0
DA:84,0
DA:86,0
DA:87,0
DA:92,0
DA:95,0
DA:96,0
DA:100,0
DA:101,0
DA:102,0
LF:31
LH:0
BRDA:11,0,0,0
BRDA:11,0,1,0
BRDA:14,1,0,0
BRDA:14,1,1,0
BRDA:27,2,0,0
BRDA:47,3,0,0
BRDA:47,3,1,0
BRDA:55,4,0,0
BRDA:55,4,1,0
BRDA:59,5,0,0
BRDA:59,5,1,0
BRDA:61,6,0,0
BRDA:61,6,1,0
BRDA:70,7,0,0
BRDA:80,8,0,0
BRDA:80,8,1,0
BRDA:95,9,0,0
BRDA:95,9,1,0
BRDA:95,10,0,0
BRDA:95,10,1,0
BRF:20
BRH:0
end_of_record
TN:
SF:frontend/views/agents.js
FN:11,loadAgents
FN:31,populateWorkflowFilter
FN:37,(anonymous_2)
FN:48,(anonymous_3)
FN:49,(anonymous_4)
FN:60,filterAndSortAgents
FN:71,(anonymous_6)
FN:77,(anonymous_7)
FN:82,(anonymous_8)
FN:128,renderAgents
FN:154,(anonymous_10)
FN:209,showAgentDetails
FN:300,copyAgentSummary
FN:309,(anonymous_13)
FN:365,(anonymous_14)
FN:387,(anonymous_15)
FN:394,(anonymous_16)
FN:404,(anonymous_17)
FN:426,completeAgentTask
FN:455,(anonymous_19)
FNF:20
FNH:0
FNDA:0,loadAgents
FNDA:0,populateWorkflowFilter
FNDA:0,(anonymous_2)
FNDA:0,(anonymous_3)
FNDA:0,(anonymous_4)
FNDA:0,filterAndSortAgents
FNDA:0,(anonymous_6)
FNDA:0,(anonymous_7)
FNDA:0,(anonymous_8)
FNDA:0,renderAgents
FNDA:0,(anonymous_10)
FNDA:0,showAgentDetails
FNDA:0,copyAgentSummary
FNDA:0,(anonymous_13)
FNDA:0,(anonymous_14)
FNDA:0,(anonymous_15)
FNDA:0,(anonymous_16)
FNDA:0,(anonymous_17)
FNDA:0,completeAgentTask
FNDA:0,(anonymous_19)
DA:6,0
DA:12,0
DA:13,0
DA:14,0
DA:17,0
DA:20,0
DA:22,0
DA:23,0
DA:32,0
DA:33,0
DA:36,0
DA:37,0
DA:38,0
DA:39,0
DA:44,0
DA:47,0
DA:48,0
DA:50,0
DA:51,0
DA:52,0
DA:53,0
DA:61,0
DA:62,0
DA:63,0
DA:66,0
DA:69,0
DA:70,0
DA:71,0
DA:75,0
DA:76,0
DA:77,0
DA:81,0
DA:82,0
DA:83,0
DA:85,0
DA:86,0
DA:87,0
DA:91,0
DA:92,0
DA:93,0
DA:97,0
DA:98,0
DA:99,0
DA:103,0
DA:104,0
DA:105,0
DA:109,0
DA:112,0
DA:115,0
DA:118,0
DA:122,0
DA:129,0
DA:132,0
DA:133,0
DA:134,0
DA:136,0
DA:137,0
DA:138,0
DA:140,0
DA:142,0
DA:146,0
DA:154,0
DA:155,0
DA:156,0
DA:157,0
DA:158,0
DA:160,0
DA:210,0
DA:211,0
DA:212,0
DA:214,0
DA:215,0
DA:216,0
DA:291,0
DA:293,0
DA:301,0
DA:302,0
DA:303,0
DA:305,0
DA:306,0
DA:309,0
DA:310,0
DA:311,0
DA:312,0
DA:313,0
DA:314,0
DA:316,0
DA:320,0
DA:321,0
DA:322,0
DA:323,0
DA:324,0
DA:325,0
DA:326,0
DA:328,0
DA:329,0
DA:331,0
DA:332,0
DA:334,0
DA:335,0
DA:338,0
DA:339,0
DA:340,0
DA:342,0
DA:343,0
DA:345,0
DA:346,0
DA:349,0
DA:350,0
DA:351,0
DA:352,0
DA:355,0
DA:356,0
DA:359,0
DA:360,0
DA:363,0
DA:364,0
DA:365,0
DA:366,0
DA:367,0
DA:368,0
DA:370,0
DA:371,0
DA:373,0
DA:374,0
DA:376,0
DA:379,0
DA:380,0
DA:383,0
DA:384,0
DA:385,0
DA:386,0
DA:387,0
DA:388,0
DA:390,0
DA:392,0
DA:393,0
DA:394,0
DA:395,0
DA:396,0
DA:397,0
DA:400,0
DA:402,0
DA:403,0
DA:404,0
DA:405,0
DA:407,0
DA:411,0
DA:412,0
DA:414,0
DA:416,0
DA:418,0
DA:419,0
DA:427,0
DA:428,0
DA:431,0
DA:432,0
DA:433,0
DA:434,0
DA:435,0
DA:436,0
DA:438,0
DA:446,0
DA:448,0
DA:450,0
DA:451,0
DA:453,0
DA:455,0
DA:456,0
DA:457,0
DA:458,0
DA:462,0
DA:465,0
DA:466,0
DA:471,0
DA:472,0
DA:473,0
DA:474,0
DA:475,0
DA:476,0
DA:477,0
LF:181
LH:0
BRDA:14,0,0,0
BRDA:14,0,1,0
BRDA:33,1,0,0
BRDA:33,1,1,0
BRDA:38,2,0,0
BRDA:38,2,1,0
BRDA:38,3,0,0
BRDA:38,3,1,0
BRDA:61,4,0,0
BRDA:61,4,1,0
BRDA:61,5,0,0
BRDA:61,5,1,0
BRDA:69,6,0,0
BRDA:69,6,1,0
BRDA:70,7,0,0
BRDA:70,7,1,0
BRDA:75,8,0,0
BRDA:75,8,1,0
BRDA:76,9,0,0
BRDA:76,9,1,0
BRDA:77,10,0,0
BRDA:77,10,1,0
BRDA:81,11,0,0
BRDA:81,11,1,0
BRDA:83,12,0,0
BRDA:83,12,1,0
BRDA:83,12,2,0
BRDA:83,12,3,0
BRDA:83,12,4,0
BRDA:83,12,5,0
BRDA:83,12,6,0
BRDA:83,12,7,0
BRDA:85,13,0,0
BRDA:85,13,1,0
BRDA:85,13,2,0
BRDA:86,14,0,0
BRDA:86,14,1,0
BRDA:86,14,2,0
BRDA:91,15,0,0
BRDA:91,15,1,0
BRDA:91,15,2,0
BRDA:92,16,0,0
BRDA:92,16,1,0
BRDA:92,16,2,0
BRDA:97,17,0,0
BRDA:97,17,1,0
BRDA:98,18,0,0
BRDA:98,18,1,0
BRDA:103,19,0,0
BRDA:103,19,1,0
BRDA:104,20,0,0
BRDA:104,20,1,0
BRDA:109,21,0,0
BRDA:109,21,1,0
BRDA:109,22,0,0
BRDA:109,22,1,0
BRDA:112,23,0,0
BRDA:112,23,1,0
BRDA:112,24,0,0
BRDA:112,24,1,0
BRDA:115,25,0,0
BRDA:115,25,1,0
BRDA:115,26,0,0
BRDA:115,26,1,0
BRDA:136,27,0,0
BRDA:136,27,1,0
BRDA:137,28,0,0
BRDA:137,28,1,0
BRDA:146,29,0,0
BRDA:146,29,1,0
BRDA:151,30,0,0
BRDA:151,30,1,0
BRDA:155,31,0,0
BRDA:155,31,1,0
BRDA:156,32,0,0
BRDA:156,32,1,0
BRDA:156,32,2,0
BRDA:157,33,0,0
BRDA:157,33,1,0
BRDA:157,33,2,0
BRDA:158,34,0,0
BRDA:158,34,1,0
BRDA:158,35,0,0
BRDA:158,35,1,0
BRDA:165,36,0,0
BRDA:165,36,1,0
BRDA:165,37,0,0
BRDA:165,37,1,0
BRDA:166,38,0,0
BRDA:166,38,1,0
BRDA:166,39,0,0
BRDA:166,39,1,0
BRDA:175,40,0,0
BRDA:175,40,1,0
BRDA:183,41,0,0
BRDA:183,41,1,0
BRDA:191,42,0,0
BRDA:191,42,1,0
BRDA:197,43,0,0
BRDA:197,43,1,0
BRDA:215,44,0,0
BRDA:215,44,1,0
BRDA:215,44,2,0
BRDA:225,45,0,0
BRDA:225,45,1,0
BRDA:226,46,0,0
BRDA:226,46,1,0
BRDA:227,47,0,0
BRDA:227,47,1,0
BRDA:235,48,0,0
BRDA:235,48,1,0
BRDA:238,49,0,0
BRDA:238,49,1,0
BRDA:239,50,0,0
BRDA:239,50,1,0
BRDA:239,50,2,0
BRDA:243,51,0,0
BRDA:243,51,1,0
BRDA:243,52,0,0
BRDA:243,52,1,0
BRDA:246,53,0,0
BRDA:246,53,1,0
BRDA:250,54,0,0
BRDA:250,54,1,0
BRDA:252,55,0,0
BRDA:252,55,1,0
BRDA:259,56,0,0
BRDA:259,56,1,0
BRDA:260,57,0,0
BRDA:260,57,1,0
BRDA:263,58,0,0
BRDA:263,58,1,0
BRDA:265,59,0,0
BRDA:265,59,1,0
BRDA:266,60,0,0
BRDA:266,60,1,0
BRDA:268,61,0,0
BRDA:268,61,1,0
BRDA:273,62,0,0
BRDA:273,62,1,0
BRDA:273,63,0,0
BRDA:273,63,1,0
BRDA:305,64,0,0
BRDA:305,64,1,0
BRDA:310,65,0,0
BRDA:310,65,1,0
BRDA:313,66,0,0
BRDA:313,66,1,0
BRDA:323,67,0,0
BRDA:323,67,1,0
BRDA:324,68,0,0
BRDA:324,68,1,0
BRDA:324,69,0,0
BRDA:324,69,1,0
BRDA:325,70,0,0
BRDA:325,70,1,0
BRDA:326,71,0,0
BRDA:326,71,1,0
BRDA:328,72,0,0
BRDA:328,72,1,0
BRDA:331,73,0,0
BRDA:331,73,1,0
BRDA:332,74,0,0
BRDA:332,74,1,0
BRDA:332,74,2,0
BRDA:334,75,0,0
BRDA:334,75,1,0
BRDA:338,76,0,0
BRDA:338,76,1,0
BRDA:339,77,0,0
BRDA:339,77,1,0
BRDA:342,78,0,0
BRDA:342,78,1,0
BRDA:345,79,0,0
BRDA:345,79,1,0
BRDA:349,80,0,0
BRDA:349,80,1,0
BRDA:352,81,0,0
BRDA:352,81,1,0
BRDA:355,82,0,0
BRDA:355,82,1,0
BRDA:359,83,0,0
BRDA:359,83,1,0
BRDA:363,84,0,0
BRDA:363,84,1,0
BRDA:363,85,0,0
BRDA:363,85,1,0
BRDA:367,86,0,0
BRDA:367,86,1,0
BRDA:370,87,0,0
BRDA:370,87,1,0
BRDA:373,88,0,0
BRDA:373,88,1,0
BRDA:383,89,0,0
BRDA:383,89,1,0
BRDA:385,90,0,0
BRDA:385,90,1,0
BRDA:385,91,0,0
BRDA:385,91,1,0
BRDA:388,92,0,0
BRDA:388,92,1,0
BRDA:388,92,2,0
BRDA:392,93,0,0
BRDA:392,93,1,0
BRDA:392,94,0,0
BRDA:392,94,1,0
BRDA:395,95,0,0
BRDA:395,95,1,0
BRDA:395,95,2,0
BRDA:396,96,0,0
BRDA:396,96,1,0
BRDA:402,97,0,0
BRDA:402,97,1,0
BRDA:402,98,0,0
BRDA:402,98,1,0
BRDA:405,99,0,0
BRDA:405,99,1,0
BRDA:405,99,2,0
BRDA:427,100,0,0
BRDA:427,100,1,0
BRDA:450,101,0,0
BRDA:450,101,1,0
BRDA:457,102,0,0
BRDA:457,102,1,0
BRDA:462,103,0,0
BRDA:462,103,1,0
BRF:226
BRH:0
end_of_record
TN:
SF:frontend/views/dashboard.js
FN:11,loadDashboard
FN:25,(anonymous_1)
FN:33,(anonymous_2)
FN:43,(anonymous_3)
FN:52,(anonymous_4)
FN:72,renderRepoStatus
FN:147,(anonymous_6)
FN:173,(anonymous_7)
FN:215,escapeHtml
FNF:9
FNH:0
FNDA:0,loadDashboard
FNDA:0,(anonymous_1)
FNDA:0,(anonymous_2)
FNDA:0,(anonymous_3)
FNDA:0,(anonymous_4)
FNDA:0,renderRepoStatus
FNDA:0,(anonymous_6)
FNDA:0,(anonymous_7)
FNDA:0,escapeHtml
DA:12,0
DA:14,0
DA:15,0
DA:16,0
DA:20,0
DA:26,0
DA:27,0
DA:32,0
DA:33,0
DA:34,0
DA:35,0
DA:38,0
DA:39,0
DA:42,0
DA:43,0
DA:46,0
DA:47,0
DA:51,0
DA:52,0
DA:55,0
DA:56,0
DA:60,0
DA:61,0
DA:62,0
DA:65,0
DA:73,0
DA:74,0
DA:75,0
DA:76,0
DA:79,0
DA:82,0
DA:83,0
DA:89,0
DA:92,0
DA:93,0
DA:99,0
DA:102,0
DA:105,0
DA:109,0
DA:141,0
DA:142,0
DA:147,0
DA:148,0
DA:150,0
DA:151,0
DA:153,0
DA:157,0
DA:158,0
DA:167,0
DA:168,0
DA:173,0
DA:174,0
DA:175,0
DA:188,0
DA:193,0
DA:200,0
DA:208,0
DA:209,0
DA:216,0
DA:217,0
DA:218,0
DA:222,0
LF:62
LH:0
BRDA:15,0,0,0
BRDA:15,0,1,0
BRDA:32,1,0,0
BRDA:32,1,1,0
BRDA:33,2,0,0
BRDA:33,2,1,0
BRDA:34,3,0,0
BRDA:34,3,1,0
BRDA:35,4,0,0
BRDA:35,4,1,0
BRDA:42,5,0,0
BRDA:42,5,1,0
BRDA:46,6,0,0
BRDA:46,6,1,0
BRDA:51,7,0,0
BRDA:51,7,1,0
BRDA:55,8,0,0
BRDA:55,8,1,0
BRDA:61,9,0,0
BRDA:61,9,1,0
BRDA:61,10,0,0
BRDA:61,10,1,0
BRDA:74,11,0,0
BRDA:74,11,1,0
BRDA:82,12,0,0
BRDA:82,12,1,0
BRDA:82,13,0,0
BRDA:82,13,1,0
BRDA:92,14,0,0
BRDA:92,14,1,0
BRDA:92,15,0,0
BRDA:92,15,1,0
BRDA:105,16,0,0
BRDA:105,16,1,0
BRDA:106,17,0,0
BRDA:106,17,1,0
BRDA:107,18,0,0
BRDA:107,18,1,0
BRDA:114,19,0,0
BRDA:114,19,1,0
BRDA:118,20,0,0
BRDA:118,20,1,0
BRDA:131,21,0,0
BRDA:131,21,1,0
BRDA:131,22,0,0
BRDA:131,22,1,0
BRDA:131,23,0,0
BRDA:131,23,1,0
BRDA:135,24,0,0
BRDA:135,24,1,0
BRDA:135,25,0,0
BRDA:135,25,1,0
BRDA:135,26,0,0
BRDA:135,26,1,0
BRDA:141,27,0,0
BRDA:141,27,1,0
BRDA:141,28,0,0
BRDA:141,28,1,0
BRDA:148,29,0,0
BRDA:148,29,1,0
BRDA:150,30,0,0
BRDA:150,30,1,0
BRDA:157,31,0,0
BRDA:157,31,1,0
BRDA:167,32,0,0
BRDA:167,32,1,0
BRDA:167,33,0,0
BRDA:167,33,1,0
BRDA:174,34,0,0
BRDA:174,34,1,0
BRDA:182,35,0,0
BRDA:182,35,1,0
BRDA:183,36,0,0
BRDA:183,36,1,0
BRDA:203,37,0,0
BRDA:203,37,1,0
BRDA:203,38,0,0
BRDA:203,38,1,0
BRF:78
BRH:0
end_of_record
TN:
SF:frontend/views/dashboards.js
FN:8,loadDashboards
FN:22,renderDashboardsList
FN:30,(anonymous_2)
FN:52,loadDashboardById
FN:80,renderDashboard
FN:107,(anonymous_5)
FN:119,renderWidget
FN:165,renderWorkflowListWidget
FN:180,(anonymous_8)
FN:195,renderVersionStatusWidget
FN:212,(anonymous_10)
FN:228,renderExecutionSummaryWidget
FN:242,(anonymous_12)
FN:264,renderAgentStatusWidget
FN:279,(anonymous_14)
FN:293,renderStageProgressWidget
FN:308,(anonymous_16)
FN:327,renderMetricWidget
FNF:18
FNH:0
FNDA:0,loadDashboards
FNDA:0,renderDashboardsList
FNDA:0,(anonymous_2)
FNDA:0,loadDashboardById
FNDA:0,renderDashboard
FNDA:0,(anonymous_5)
FNDA:0,renderWidget
FNDA:0,renderWorkflowListWidget
FNDA:0,(anonymous_8)
FNDA:0,renderVersionStatusWidget
FNDA:0,(anonymous_10)
FNDA:0,renderExecutionSummaryWidget
FNDA:0,(anonymous_12)
FNDA:0,renderAgentStatusWidget
FNDA:0,(anonymous_14)
FNDA:0,renderStageProgressWidget
FNDA:0,(anonymous_16)
FNDA:0,renderMetricWidget
DA:9,0
DA:10,0
DA:11,0
DA:13,0
DA:14,0
DA:23,0
DA:25,0
DA:26,0
DA:27,0
DA:30,0
DA:31,0
DA:32,0
DA:53,0
DA:54,0
DA:55,0
DA:58,0
DA:59,0
DA:61,0
DA:62,0
DA:63,0
DA:67,0
DA:70,0
DA:72,0
DA:73,0
DA:81,0
DA:82,0
DA:83,0
DA:84,0
DA:87,0
DA:107,0
DA:108,0
DA:111,0
DA:113,0
DA:120,0
DA:121,0
DA:129,0
DA:131,0
DA:133,0
DA:134,0
DA:136,0
DA:137,0
DA:139,0
DA:140,0
DA:142,0
DA:143,0
DA:145,0
DA:146,0
DA:148,0
DA:149,0
DA:151,0
DA:154,0
DA:166,0
DA:167,0
DA:168,0
DA:170,0
DA:171,0
DA:174,0
DA:180,0
DA:196,0
DA:197,0
DA:200,0
DA:201,0
DA:202,0
DA:204,0
DA:212,0
DA:229,0
DA:230,0
DA:232,0
DA:233,0
DA:236,0
DA:242,0
DA:265,0
DA:266,0
DA:267,0
DA:269,0
DA:270,0
DA:273,0
DA:279,0
DA:294,0
DA:295,0
DA:298,0
DA:300,0
DA:301,0
DA:304,0
DA:309,0
DA:310,0
DA:328,0
DA:329,0
DA:330,0
DA:332,0
DA:333,0
DA:334,0
DA:337,0
DA:350,0
DA:351,0
DA:352,0
LF:96
LH:0
BRDA:11,0,0,0
BRDA:11,0,1,0
BRDA:25,1,0,0
BRDA:25,1,1,0
BRDA:31,2,0,0
BRDA:31,2,1,0
BRDA:43,3,0,0
BRDA:43,3,1,0
BRDA:53,4,0,0
BRDA:53,4,1,0
BRDA:61,5,0,0
BRDA:61,5,1,0
BRDA:61,6,0,0
BRDA:61,6,1,0
BRDA:82,7,0,0
BRDA:82,7,1,0
BRDA:92,8,0,0
BRDA:92,8,1,0
BRDA:120,9,0,0
BRDA:120,9,1,0
BRDA:131,10,0,0
BRDA:131,10,1,0
BRDA:131,10,2,0
BRDA:131,10,3,0
BRDA:131,10,4,0
BRDA:131,10,5,0
BRDA:131,10,6,0
BRDA:166,11,0,0
BRDA:166,11,1,0
BRDA:167,12,0,0
BRDA:167,12,1,0
BRDA:168,13,0,0
BRDA:168,13,1,0
BRDA:170,14,0,0
BRDA:170,14,1,0
BRDA:182,15,0,0
BRDA:182,15,1,0
BRDA:183,16,0,0
BRDA:183,16,1,0
BRDA:187,17,0,0
BRDA:187,17,1,0
BRDA:196,18,0,0
BRDA:196,18,1,0
BRDA:200,19,0,0
BRDA:200,19,1,0
BRDA:201,20,0,0
BRDA:201,20,1,0
BRDA:202,21,0,0
BRDA:202,21,1,0
BRDA:206,22,0,0
BRDA:206,22,1,0
BRDA:207,23,0,0
BRDA:207,23,1,0
BRDA:208,24,0,0
BRDA:208,24,1,0
BRDA:215,25,0,0
BRDA:215,25,1,0
BRDA:215,26,0,0
BRDA:215,26,1,0
BRDA:229,27,0,0
BRDA:229,27,1,0
BRDA:230,28,0,0
BRDA:230,28,1,0
BRDA:232,29,0,0
BRDA:232,29,1,0
BRDA:246,30,0,0
BRDA:246,30,1,0
BRDA:256,31,0,0
BRDA:256,31,1,0
BRDA:265,32,0,0
BRDA:265,32,1,0
BRDA:266,33,0,0
BRDA:266,33,1,0
BRDA:267,34,0,0
BRDA:267,34,1,0
BRDA:269,35,0,0
BRDA:269,35,1,0
BRDA:294,36,0,0
BRDA:294,36,1,0
BRDA:298,37,0,0
BRDA:298,37,1,0
BRDA:300,38,0,0
BRDA:300,38,1,0
BRDA:306,39,0,0
BRDA:306,39,1,0
BRDA:309,40,0,0
BRDA:309,40,1,0
BRDA:309,41,0,0
BRDA:309,41,1,0
BRDA:328,42,0,0
BRDA:328,42,1,0
BRDA:329,43,0,0
BRDA:329,43,1,0
BRDA:330,44,0,0
BRDA:330,44,1,0
BRDA:333,45,0,0
BRDA:333,45,1,0
BRF:97
BRH:0
end_of_record
TN:
SF:frontend/views/executions.js
FN:8,loadExecutions
FN:22,renderExecutions
FN:30,(anonymous_2)
FN:55,checkExecutionDecisions
FN:59,(anonymous_4)
FN:68,showExecutionDetails
FN:141,(anonymous_6)
FN:162,(anonymous_7)
FN:176,(anonymous_8)
FN:177,(anonymous_9)
FN:178,(anonymous_10)
FN:192,(anonymous_11)
FN:262,recalculateOutcome
FN:269,(anonymous_13)
FN:288,runFollowUpWorkflow
FN:329,runNextStep
FN:364,copyExecutionSummary
FN:376,(anonymous_17)
FN:377,(anonymous_18)
FN:392,(anonymous_19)
FN:428,(anonymous_20)
FN:447,(anonymous_21)
FNF:22
FNH:0
FNDA:0,loadExecutions
FNDA:0,renderExecutions
FNDA:0,(anonymous_2)
FNDA:0,checkExecutionDecisions
FNDA:0,(anonymous_4)
FNDA:0,showExecutionDetails
FNDA:0,(anonymous_6)
FNDA:0,(anonymous_7)
FNDA:0,(anonymous_8)
FNDA:0,(anonymous_9)
FNDA:0,(anonymous_10)
FNDA:0,(anonymous_11)
FNDA:0,recalculateOutcome
FNDA:0,(anonymous_13)
FNDA:0,runFollowUpWorkflow
FNDA:0,runNextStep
FNDA:0,copyExecutionSummary
FNDA:0,(anonymous_17)
FNDA:0,(anonymous_18)
FNDA:0,(anonymous_19)
FNDA:0,(anonymous_20)
FNDA:0,(anonymous_21)
DA:9,0
DA:10,0
DA:11,0
DA:13,0
DA:14,0
DA:23,0
DA:25,0
DA:26,0
DA:27,0
DA:30,0
DA:56,0
DA:57,0
DA:59,0
DA:60,0
DA:61,0
DA:62,0
DA:70,0
DA:71,0
DA:72,0
DA:73,0
DA:75,0
DA:83,0
DA:84,0
DA:141,0
DA:162,0
DA:177,0
DA:178,0
DA:179,0
DA:180,0
DA:193,0
DA:196,0
DA:197,0
DA:198,0
DA:200,0
DA:251,0
DA:253,0
DA:255,0
DA:263,0
DA:264,0
DA:266,0
DA:267,0
DA:269,0
DA:271,0
DA:273,0
DA:274,0
DA:275,0
DA:277,0
DA:280,0
DA:281,0
DA:289,0
DA:290,0
DA:293,0
DA:294,0
DA:296,0
DA:306,0
DA:307,0
DA:308,0
DA:311,0
DA:312,0
DA:314,0
DA:315,0
DA:316,0
DA:318,0
DA:321,0
DA:322,0
DA:330,0
DA:331,0
DA:333,0
DA:340,0
DA:342,0
DA:343,0
DA:346,0
DA:348,0
DA:350,0
DA:351,0
DA:352,0
DA:353,0
DA:356,0
DA:357,0
DA:365,0
DA:366,0
DA:367,0
DA:369,0
DA:371,0
DA:372,0
DA:373,0
DA:374,0
DA:376,0
DA:377,0
DA:378,0
DA:379,0
DA:380,0
DA:381,0
DA:383,0
DA:384,0
DA:385,0
DA:386,0
DA:387,0
DA:388,0
DA:389,0
DA:390,0
DA:392,0
DA:393,0
DA:394,0
DA:395,0
DA:396,0
DA:397,0
DA:399,0
DA:403,0
DA:405,0
DA:406,0
DA:407,0
DA:408,0
DA:409,0
DA:410,0
DA:411,0
DA:412,0
DA:413,0
DA:419,0
DA:422,0
DA:423,0
DA:426,0
DA:427,0
DA:428,0
DA:429,0
DA:430,0
DA:431,0
DA:432,0
DA:433,0
DA:435,0
DA:436,0
DA:438,0
DA:439,0
DA:441,0
DA:445,0
DA:446,0
DA:447,0
DA:448,0
DA:449,0
DA:450,0
DA:451,0
DA:452,0
DA:453,0
DA:454,0
DA:456,0
DA:457,0
DA:459,0
DA:460,0
DA:462,0
DA:463,0
DA:464,0
DA:465,0
DA:467,0
DA:470,0
DA:471,0
DA:472,0
DA:473,0
DA:475,0
DA:478,0
DA:479,0
DA:481,0
DA:485,0
DA:486,0
DA:489,0
DA:490,0
DA:492,0
DA:493,0
DA:498,0
DA:499,0
DA:500,0
DA:501,0
DA:502,0
DA:503,0
DA:504,0
LF:174
LH:0
BRDA:11,0,0,0
BRDA:11,0,1,0
BRDA:25,1,0,0
BRDA:25,1,1,0
BRDA:33,2,0,0
BRDA:33,2,1,0
BRDA:33,2,2,0
BRDA:38,3,0,0
BRDA:38,3,1,0
BRDA:38,3,2,0
BRDA:39,4,0,0
BRDA:39,4,1,0
BRDA:40,5,0,0
BRDA:40,5,1,0
BRDA:42,6,0,0
BRDA:42,6,1,0
BRDA:43,7,0,0
BRDA:43,7,1,0
BRDA:56,8,0,0
BRDA:56,8,1,0
BRDA:60,9,0,0
BRDA:60,9,1,0
BRDA:60,10,0,0
BRDA:60,10,1,0
BRDA:61,11,0,0
BRDA:61,11,1,0
BRDA:80,12,0,0
BRDA:80,12,1,0
BRDA:80,12,2,0
BRDA:88,13,0,0
BRDA:88,13,1,0
BRDA:88,14,0,0
BRDA:88,14,1,0
BRDA:96,15,0,0
BRDA:96,15,1,0
BRDA:104,16,0,0
BRDA:104,16,1,0
BRDA:112,17,0,0
BRDA:112,17,1,0
BRDA:115,18,0,0
BRDA:115,18,1,0
BRDA:115,19,0,0
BRDA:115,19,1,0
BRDA:116,20,0,0
BRDA:116,20,1,0
BRDA:117,21,0,0
BRDA:117,21,1,0
BRDA:119,22,0,0
BRDA:119,22,1,0
BRDA:120,23,0,0
BRDA:120,23,1,0
BRDA:122,24,0,0
BRDA:122,24,1,0
BRDA:123,25,0,0
BRDA:123,25,1,0
BRDA:123,26,0,0
BRDA:123,26,1,0
BRDA:134,27,0,0
BRDA:134,27,1,0
BRDA:134,28,0,0
BRDA:134,28,1,0
BRDA:134,28,2,0
BRDA:145,29,0,0
BRDA:145,29,1,0
BRDA:146,30,0,0
BRDA:146,30,1,0
BRDA:147,31,0,0
BRDA:147,31,1,0
BRDA:159,32,0,0
BRDA:159,32,1,0
BRDA:173,33,0,0
BRDA:173,33,1,0
BRDA:174,34,0,0
BRDA:174,34,1,0
BRDA:174,35,0,0
BRDA:174,35,1,0
BRDA:186,36,0,0
BRDA:186,36,1,0
BRDA:186,37,0,0
BRDA:186,37,1,0
BRDA:186,38,0,0
BRDA:186,38,1,0
BRDA:193,39,0,0
BRDA:193,39,1,0
BRDA:193,40,0,0
BRDA:193,40,1,0
BRDA:195,41,0,0
BRDA:195,41,1,0
BRDA:195,42,0,0
BRDA:195,42,1,0
BRDA:196,43,0,0
BRDA:196,43,1,0
BRDA:196,44,0,0
BRDA:196,44,1,0
BRDA:197,45,0,0
BRDA:197,45,1,0
BRDA:197,46,0,0
BRDA:197,46,1,0
BRDA:198,47,0,0
BRDA:198,47,1,0
BRDA:201,48,0,0
BRDA:201,48,1,0
BRDA:202,49,0,0
BRDA:202,49,1,0
BRDA:206,50,0,0
BRDA:206,50,1,0
BRDA:206,50,2,0
BRDA:207,51,0,0
BRDA:207,51,1,0
BRDA:209,52,0,0
BRDA:209,52,1,0
BRDA:209,53,0,0
BRDA:209,53,1,0
BRDA:213,54,0,0
BRDA:213,54,1,0
BRDA:214,55,0,0
BRDA:214,55,1,0
BRDA:215,56,0,0
BRDA:215,56,1,0
BRDA:219,57,0,0
BRDA:219,57,1,0
BRDA:227,58,0,0
BRDA:227,58,1,0
BRDA:227,59,0,0
BRDA:227,59,1,0
BRDA:233,60,0,0
BRDA:233,60,1,0
BRDA:233,61,0,0
BRDA:233,61,1,0
BRDA:246,62,0,0
BRDA:246,62,1,0
BRDA:274,63,0,0
BRDA:274,63,1,0
BRDA:274,64,0,0
BRDA:274,64,1,0
BRDA:289,65,0,0
BRDA:289,65,1,0
BRDA:306,66,0,0
BRDA:306,66,1,0
BRDA:308,67,0,0
BRDA:308,67,1,0
BRDA:315,68,0,0
BRDA:315,68,1,0
BRDA:342,69,0,0
BRDA:342,69,1,0
BRDA:342,70,0,0
BRDA:342,70,1,0
BRDA:343,71,0,0
BRDA:343,71,1,0
BRDA:346,72,0,0
BRDA:346,72,1,0
BRDA:350,73,0,0
BRDA:350,73,1,0
BRDA:352,74,0,0
BRDA:352,74,1,0
BRDA:371,75,0,0
BRDA:371,75,1,0
BRDA:373,76,0,0
BRDA:373,76,1,0
BRDA:374,77,0,0
BRDA:374,77,1,0
BRDA:381,78,0,0
BRDA:381,78,1,0
BRDA:381,79,0,0
BRDA:381,79,1,0
BRDA:381,80,0,0
BRDA:381,80,1,0
BRDA:386,81,0,0
BRDA:386,81,1,0
BRDA:386,82,0,0
BRDA:386,82,1,0
BRDA:387,83,0,0
BRDA:387,83,1,0
BRDA:387,84,0,0
BRDA:387,84,1,0
BRDA:388,85,0,0
BRDA:388,85,1,0
BRDA:388,85,2,0
BRDA:390,86,0,0
BRDA:390,86,1,0
BRDA:390,87,0,0
BRDA:390,87,1,0
BRDA:393,88,0,0
BRDA:393,88,1,0
BRDA:396,89,0,0
BRDA:396,89,1,0
BRDA:403,90,0,0
BRDA:403,90,1,0
BRDA:403,90,2,0
BRDA:406,91,0,0
BRDA:406,91,1,0
BRDA:406,92,0,0
BRDA:406,92,1,0
BRDA:411,93,0,0
BRDA:411,93,1,0
BRDA:411,94,0,0
BRDA:411,94,1,0
BRDA:419,95,0,0
BRDA:419,95,1,0
BRDA:422,96,0,0
BRDA:422,96,1,0
BRDA:426,97,0,0
BRDA:426,97,1,0
BRDA:432,98,0,0
BRDA:432,98,1,0
BRDA:435,99,0,0
BRDA:435,99,1,0
BRDA:438,100,0,0
BRDA:438,100,1,0
BRDA:445,101,0,0
BRDA:445,101,1,0
BRDA:448,102,0,0
BRDA:448,102,1,0
BRDA:448,102,2,0
BRDA:449,103,0,0
BRDA:449,103,1,0
BRDA:450,104,0,0
BRDA:450,104,1,0
BRDA:451,105,0,0
BRDA:451,105,1,0
BRDA:452,106,0,0
BRDA:452,106,1,0
BRDA:452,107,0,0
BRDA:452,107,1,0
BRDA:452,108,0,0
BRDA:452,108,1,0
BRDA:452,109,0,0
BRDA:452,109,1,0
BRDA:452,110,0,0
BRDA:452,110,1,0
BRDA:452,111,0,0
BRDA:452,111,1,0
BRDA:453,112,0,0
BRDA:453,112,1,0
BRDA:456,113,0,0
BRDA:456,113,1,0
BRDA:459,114,0,0
BRDA:459,114,1,0
BRDA:462,115,0,0
BRDA:462,115,1,0
BRDA:464,116,0,0
BRDA:464,116,1,0
BRDA:470,117,0,0
BRDA:470,117,1,0
BRDA:472,118,0,0
BRDA:472,118,1,0
BRDA:478,119,0,0
BRDA:478,119,1,0
BRF:248
BRH:0
end_of_record
TN:
SF:frontend/views/versions.js
FN:8,loadVersions
FN:22,renderVersions
FN:30,(anonymous_2)
FN:51,renderVersionSummary
FNF:4
FNH:0
FNDA:0,loadVersions
FNDA:0,renderVersions
FNDA:0,(anonymous_2)
FNDA:0,renderVersionSummary
DA:9,0
DA:10,0
DA:11,0
DA:13,0
DA:14,0
DA:23,0
DA:25,0
DA:26,0
DA:27,0
DA:30,0
DA:52,0
DA:54,0
DA:55,0
DA:56,0
DA:59,0
DA:63,0
DA:87,0
DA:88,0
DA:89,0
LF:19
LH:0
BRDA:11,0,0,0
BRDA:11,0,1,0
BRDA:25,1,0,0
BRDA:25,1,1,0
BRDA:36,2,0,0
BRDA:36,2,1,0
BRDA:38,3,0,0
BRDA:38,3,1,0
BRDA:39,4,0,0
BRDA:39,4,1,0
BRDA:40,5,0,0
BRDA:40,5,1,0
BRDA:41,6,0,0
BRDA:41,6,1,0
BRDA:42,7,0,0
BRDA:42,7,1,0
BRDA:54,8,0,0
BRDA:54,8,1,0
BRDA:59,9,0,0
BRDA:59,9,1,0
BRDA:69,10,0,0
BRDA:69,10,1,0
BRDA:71,11,0,0
BRDA:71,11,1,0
BRDA:72,12,0,0
BRDA:72,12,1,0
BRDA:73,13,0,0
BRDA:73,13,1,0
BRDA:79,14,0,0
BRDA:79,14,1,0
BRDA:80,15,0,0
BRDA:80,15,1,0
BRF:32
BRH:0
end_of_record
TN:
SF:frontend/views/workflow-execution.js
FN:8,runWorkflow
FN:41,(anonymous_1)
FN:52,(anonymous_2)
FN:69,runWorkflowStepByStep
FN:94,(anonymous_4)
FNF:5
FNH:0
FNDA:0,runWorkflow
FNDA:0,(anonymous_1)
FNDA:0,(anonymous_2)
FNDA:0,runWorkflowStepByStep
FNDA:0,(anonymous_4)
DA:9,0
DA:10,0
DA:12,0
DA:13,0
DA:14,0
DA:20,0
DA:21,0
DA:22,0
DA:23,0
DA:24,0
DA:26,0
DA:34,0
DA:36,0
DA:38,0
DA:39,0
DA:41,0
DA:42,0
DA:43,0
DA:44,0
DA:45,0
DA:49,0
DA:51,0
DA:52,0
DA:53,0
DA:54,0
DA:58,0
DA:61,0
DA:62,0
DA:70,0
DA:71,0
DA:73,0
DA:74,0
DA:75,0
DA:76,0
DA:77,0
DA:79,0
DA:87,0
DA:89,0
DA:91,0
DA:92,0
DA:94,0
DA:95,0
DA:96,0
DA:98,0
DA:101,0
DA:104,0
DA:105,0
DA:110,0
DA:111,0
LF:49
LH:0
BRDA:8,0,0,0
BRDA:12,1,0,0
BRDA:12,1,1,0
BRDA:38,2,0,0
BRDA:38,2,1,0
BRDA:42,3,0,0
BRDA:42,3,1,0
BRDA:44,4,0,0
BRDA:44,4,1,0
BRDA:51,5,0,0
BRDA:51,5,1,0
BRDA:58,6,0,0
BRDA:58,6,1,0
BRDA:69,7,0,0
BRDA:91,8,0,0
BRDA:91,8,1,0
BRDA:95,9,0,0
BRDA:95,9,1,0
BRDA:101,10,0,0
BRDA:101,10,1,0
BRF:20
BRH:0
end_of_record
TN:
SF:frontend/views/workflows.js
FN:8,loadWorkflows
FN:22,renderWorkflows
FN:37,(anonymous_2)
FN:82,renderWorkflowList
FN:83,(anonymous_4)
FN:130,showWorkflowDetails
FN:172,(anonymous_6)
FN:209,(anonymous_7)
FN:231,(anonymous_8)
FN:291,(anonymous_9)
FN:371,filterWorkflowSteps
FN:377,(anonymous_11)
FN:395,(anonymous_12)
FNF:13
FNH:0
FNDA:0,loadWorkflows
FNDA:0,renderWorkflows
FNDA:0,(anonymous_2)
FNDA:0,renderWorkflowList
FNDA:0,(anonymous_4)
FNDA:0,showWorkflowDetails
FNDA:0,(anonymous_6)
FNDA:0,(anonymous_7)
FNDA:0,(anonymous_8)
FNDA:0,(anonymous_9)
FNDA:0,filterWorkflowSteps
FNDA:0,(anonymous_11)
FNDA:0,(anonymous_12)
DA:9,0
DA:10,0
DA:11,0
DA:13,0
DA:14,0
DA:23,0
DA:25,0
DA:26,0
DA:27,0
DA:31,0
DA:37,0
DA:38,0
DA:39,0
DA:40,0
DA:44,0
DA:47,0
DA:48,0
DA:57,0
DA:58,0
DA:67,0
DA:68,0
DA:76,0
DA:83,0
DA:84,0
DA:85,0
DA:86,0
DA:87,0
DA:90,0
DA:91,0
DA:92,0
DA:93,0
DA:94,0
DA:95,0
DA:99,0
DA:131,0
DA:132,0
DA:133,0
DA:135,0
DA:137,0
DA:138,0
DA:139,0
DA:140,0
DA:143,0
DA:144,0
DA:145,0
DA:146,0
DA:150,0
DA:153,0
DA:172,0
DA:209,0
DA:223,0
DA:224,0
DA:227,0
DA:228,0
DA:229,0
DA:231,0
DA:235,0
DA:236,0
DA:237,0
DA:239,0
DA:240,0
DA:241,0
DA:242,0
DA:243,0
DA:244,0
DA:245,0
DA:246,0
DA:249,0
DA:250,0
DA:251,0
DA:254,0
DA:255,0
DA:256,0
DA:257,0
DA:264,0
DA:265,0
DA:278,0
DA:279,0
DA:280,0
DA:289,0
DA:290,0
DA:291,0
DA:292,0
DA:293,0
DA:294,0
DA:296,0
DA:305,0
DA:306,0
DA:307,0
DA:316,0
DA:337,0
DA:339,0
DA:340,0
DA:341,0
DA:342,0
DA:343,0
DA:347,0
DA:348,0
DA:349,0
DA:350,0
DA:351,0
DA:355,0
DA:356,0
DA:357,0
DA:358,0
DA:360,0
DA:363,0
DA:364,0
DA:372,0
DA:373,0
DA:376,0
DA:377,0
DA:378,0
DA:379,0
DA:380,0
DA:381,0
DA:382,0
DA:384,0
DA:385,0
DA:386,0
DA:387,0
DA:392,0
DA:393,0
DA:395,0
DA:396,0
DA:398,0
DA:399,0
DA:400,0
DA:401,0
DA:402,0
DA:403,0
DA:405,0
DA:410,0
DA:411,0
DA:412,0
DA:413,0
DA:414,0
DA:416,0
DA:420,0
DA:424,0
DA:425,0
DA:426,0
DA:427,0
LF:143
LH:0
BRDA:11,0,0,0
BRDA:11,0,1,0
BRDA:25,1,0,0
BRDA:25,1,1,0
BRDA:38,2,0,0
BRDA:38,2,1,0
BRDA:39,3,0,0
BRDA:39,3,1,0
BRDA:47,4,0,0
BRDA:47,4,1,0
BRDA:57,5,0,0
BRDA:57,5,1,0
BRDA:67,6,0,0
BRDA:67,6,1,0
BRDA:84,7,0,0
BRDA:84,7,1,0
BRDA:85,8,0,0
BRDA:85,8,1,0
BRDA:85,9,0,0
BRDA:85,9,1,0
BRDA:86,10,0,0
BRDA:86,10,1,0
BRDA:87,11,0,0
BRDA:87,11,1,0
BRDA:87,12,0,0
BRDA:87,12,1,0
BRDA:91,13,0,0
BRDA:91,13,1,0
BRDA:93,14,0,0
BRDA:93,14,1,0
BRDA:106,15,0,0
BRDA:106,15,1,0
BRDA:107,16,0,0
BRDA:107,16,1,0
BRDA:113,17,0,0
BRDA:113,17,1,0
BRDA:117,18,0,0
BRDA:117,18,1,0
BRDA:119,19,0,0
BRDA:119,19,1,0
BRDA:120,20,0,0
BRDA:120,20,1,0
BRDA:137,21,0,0
BRDA:137,21,1,0
BRDA:144,22,0,0
BRDA:144,22,1,0
BRDA:155,23,0,0
BRDA:155,23,1,0
BRDA:165,24,0,0
BRDA:165,24,1,0
BRDA:166,25,0,0
BRDA:166,25,1,0
BRDA:167,26,0,0
BRDA:167,26,1,0
BRDA:169,27,0,0
BRDA:169,27,1,0
BRDA:169,28,0,0
BRDA:169,28,1,0
BRDA:176,29,0,0
BRDA:176,29,1,0
BRDA:177,30,0,0
BRDA:177,30,1,0
BRDA:188,31,0,0
BRDA:188,31,1,0
BRDA:196,32,0,0
BRDA:196,32,1,0
BRDA:196,33,0,0
BRDA:196,33,1,0
BRDA:196,33,2,0
BRDA:203,34,0,0
BRDA:203,34,1,0
BRDA:206,35,0,0
BRDA:206,35,1,0
BRDA:207,36,0,0
BRDA:207,36,1,0
BRDA:215,37,0,0
BRDA:215,37,1,0
BRDA:224,38,0,0
BRDA:224,38,1,0
BRDA:228,39,0,0
BRDA:228,39,1,0
BRDA:228,40,0,0
BRDA:228,40,1,0
BRDA:228,40,2,0
BRDA:228,40,3,0
BRDA:239,41,0,0
BRDA:239,41,1,0
BRDA:240,42,0,0
BRDA:240,42,1,0
BRDA:241,43,0,0
BRDA:241,43,1,0
BRDA:242,44,0,0
BRDA:242,44,1,0
BRDA:243,45,0,0
BRDA:243,45,1,0
BRDA:244,46,0,0
BRDA:244,46,1,0
BRDA:246,47,0,0
BRDA:246,47,1,0
BRDA:249,48,0,0
BRDA:249,48,1,0
BRDA:250,49,0,0
BRDA:250,49,1,0
BRDA:255,50,0,0
BRDA:255,50,1,0
BRDA:256,51,0,0
BRDA:256,51,1,0
BRDA:264,52,0,0
BRDA:264,52,1,0
BRDA:264,53,0,0
BRDA:264,53,1,0
BRDA:268,54,0,0
BRDA:268,54,1,0
BRDA:271,55,0,0
BRDA:271,55,1,0
BRDA:279,56,0,0
BRDA:279,56,1,0
BRDA:290,57,0,0
BRDA:290,57,1,0
BRDA:290,58,0,0
BRDA:290,58,1,0
BRDA:292,59,0,0
BRDA:292,59,1,0
BRDA:292,60,0,0
BRDA:292,60,1,0
BRDA:293,61,0,0
BRDA:293,61,1,0
BRDA:293,62,0,0
BRDA:293,62,1,0
BRDA:306,63,0,0
BRDA:306,63,1,0
BRDA:328,64,0,0
BRDA:328,64,1,0
BRDA:350,65,0,0
BRDA:350,65,1,0
BRDA:350,66,0,0
BRDA:350,66,1,0
BRDA:350,66,2,0
BRDA:356,67,0,0
BRDA:356,67,1,0
BRDA:373,68,0,0
BRDA:373,68,1,0
BRDA:378,69,0,0
BRDA:378,69,1,0
BRDA:398,70,0,0
BRDA:398,70,1,0
BRDA:401,71,0,0
BRDA:401,71,1,0
BRDA:411,72,0,0
BRDA:411,72,1,0
BRDA:411,73,0,0
BRDA:411,73,1,0
BRDA:413,74,0,0
BRDA:413,74,1,0
BRF:154
BRH:0
end_of_record
TN:
SF:frontend/views-v2/decisions.js
FN:9,loadPendingDecisions
FN:27,renderDecisions
FN:43,(anonymous_2)
FN:50,renderDecisionCard
FN:67,(anonymous_4)
FN:101,escapeHtml
FN:111,submitDecisionFromButton
FN:121,submitDecision
FN:149,(anonymous_8)
FN:164,hideDecisions
FN:176,startDecisionsPolling
FN:183,(anonymous_11)
FN:190,stopDecisionsPolling
FN:199,(anonymous_13)
FNF:14
FNH:0
FNDA:0,loadPendingDecisions
FNDA:0,renderDecisions
FNDA:0,(anonymous_2)
FNDA:0,renderDecisionCard
FNDA:0,(anonymous_4)
FNDA:0,escapeHtml
FNDA:0,submitDecisionFromButton
FNDA:0,submitDecision
FNDA:0,(anonymous_8)
FNDA:0,hideDecisions
FNDA:0,startDecisionsPolling
FNDA:0,(anonymous_11)
FNDA:0,stopDecisionsPolling
FNDA:0,(anonymous_13)
DA:10,0
DA:11,0
DA:12,0
DA:14,0
DA:15,0
DA:17,0
DA:20,0
DA:28,0
DA:29,0
DA:31,0
DA:32,0
DA:33,0
DA:34,0
DA:35,0
DA:36,0
DA:37,0
DA:38,0
DA:40,0
DA:43,0
DA:44,0
DA:51,0
DA:53,0
DA:67,0
DA:102,0
DA:103,0
DA:104,0
DA:105,0
DA:112,0
DA:113,0
DA:114,0
DA:115,0
DA:122,0
DA:123,0
DA:128,0
DA:129,0
DA:132,0
DA:133,0
DA:134,0
DA:135,0
DA:136,0
DA:145,0
DA:148,0
DA:149,0
DA:150,0
DA:151,0
DA:156,0
DA:157,0
DA:165,0
DA:166,0
DA:167,0
DA:174,0
DA:178,0
DA:179,0
DA:183,0
DA:184,0
DA:187,0
DA:191,0
DA:193,0
DA:194,0
DA:195,0
DA:199,0
DA:200,0
DA:205,0
DA:206,0
DA:207,0
DA:208,0
DA:209,0
DA:210,0
LF:68
LH:0
BRDA:12,0,0,0
BRDA:12,0,1,0
BRDA:14,1,0,0
BRDA:14,1,1,0
BRDA:29,2,0,0
BRDA:29,2,1,0
BRDA:32,3,0,0
BRDA:32,3,1,0
BRDA:51,4,0,0
BRDA:51,4,1,0
BRDA:56,5,0,0
BRDA:56,5,1,0
BRDA:60,6,0,0
BRDA:60,6,1,0
BRDA:68,7,0,0
BRDA:68,7,1,0
BRDA:70,8,0,0
BRDA:70,8,1,0
BRDA:70,8,2,0
BRDA:72,9,0,0
BRDA:72,9,1,0
BRDA:78,10,0,0
BRDA:78,10,1,0
BRDA:102,11,0,0
BRDA:102,11,1,0
BRDA:121,12,0,0
BRDA:128,13,0,0
BRDA:128,13,1,0
BRDA:133,14,0,0
BRDA:133,14,1,0
BRDA:148,15,0,0
BRDA:148,15,1,0
BRDA:166,16,0,0
BRDA:166,16,1,0
BRDA:178,17,0,0
BRDA:178,17,1,0
BRDA:191,18,0,0
BRDA:191,18,1,0
BRDA:193,19,0,0
BRDA:193,19,1,0
BRF:40
BRH:0
end_of_record
TN:
SF:frontend/views-v2/helpers.js
FN:9,runTests
FN:51,consolidateWorkstreams
FN:83,markStageComplete
FN:127,createNextVersion
FN:175,savePlanStage
FN:179,(anonymous_5)
FN:212,addPlanGoal
FN:228,updatePlanGoal
FN:243,removePlanGoal
FN:264,runReviewWorkflow
FNF:10
FNH:0
FNDA:0,runTests
FNDA:0,consolidateWorkstreams
FNDA:0,markStageComplete
FNDA:0,createNextVersion
FNDA:0,savePlanStage
FNDA:0,(anonymous_5)
FNDA:0,addPlanGoal
FNDA:0,updatePlanGoal
FNDA:0,removePlanGoal
FNDA:0,runReviewWorkflow
DA:10,0
DA:11,0
DA:14,0
DA:15,0
DA:19,0
DA:20,0
DA:22,0
DA:26,0
DA:27,0
DA:33,0
DA:34,0
DA:36,0
DA:39,0
DA:43,0
DA:44,0
DA:52,0
DA:53,0
DA:55,0
DA:63,0
DA:64,0
DA:67,0
DA:68,0
DA:69,0
DA:72,0
DA:75,0
DA:76,0
DA:84,0
DA:86,0
DA:93,0
DA:95,0
DA:96,0
DA:104,0
DA:105,0
DA:108,0
DA:109,0
DA:112,0
DA:115,0
DA:116,0
DA:119,0
DA:120,0
DA:128,0
DA:130,0
DA:131,0
DA:134,0
DA:136,0
DA:137,0
DA:144,0
DA:147,0
DA:160,0
DA:162,0
DA:163,0
DA:167,0
DA:168,0
DA:176,0
DA:177,0
DA:178,0
DA:179,0
DA:180,0
DA:181,0
DA:185,0
DA:193,0
DA:194,0
DA:197,0
DA:198,0
DA:201,0
DA:204,0
DA:205,0
DA:213,0
DA:214,0
DA:216,0
DA:217,0
DA:218,0
DA:222,0
DA:230,0
DA:231,0
DA:232,0
DA:233,0
DA:237,0
DA:245,0
DA:246,0
DA:247,0
DA:248,0
DA:252,0
DA:253,0
DA:254,0
DA:257,0
DA:265,0
DA:266,0
DA:267,0
DA:269,0
DA:272,0
DA:273,0
DA:278,0
DA:279,0
DA:280,0
DA:281,0
DA:282,0
DA:283,0
DA:284,0
DA:285,0
DA:286,0
LF:101
LH:0
BRDA:14,0,0,0
BRDA:14,0,1,0
BRDA:16,1,0,0
BRDA:16,1,1,0
BRDA:19,2,0,0
BRDA:19,2,1,0
BRDA:29,3,0,0
BRDA:29,3,1,0
BRDA:33,4,0,0
BRDA:33,4,1,0
BRDA:63,5,0,0
BRDA:63,5,1,0
BRDA:64,6,0,0
BRDA:64,6,1,0
BRDA:67,7,0,0
BRDA:67,7,1,0
BRDA:68,8,0,0
BRDA:68,8,1,0
BRDA:68,9,0,0
BRDA:68,9,1,0
BRDA:72,10,0,0
BRDA:72,10,1,0
BRDA:104,11,0,0
BRDA:104,11,1,0
BRDA:108,12,0,0
BRDA:108,12,1,0
BRDA:112,13,0,0
BRDA:112,13,1,0
BRDA:134,14,0,0
BRDA:134,14,1,0
BRDA:136,15,0,0
BRDA:136,15,1,0
BRDA:162,16,0,0
BRDA:162,16,1,0
BRDA:180,17,0,0
BRDA:180,17,1,0
BRDA:193,18,0,0
BRDA:193,18,1,0
BRDA:197,19,0,0
BRDA:197,19,1,0
BRDA:201,20,0,0
BRDA:201,20,1,0
BRDA:214,21,0,0
BRDA:214,21,1,0
BRDA:230,22,0,0
BRDA:230,22,1,0
BRDA:231,23,0,0
BRDA:231,23,1,0
BRDA:245,24,0,0
BRDA:245,24,1,0
BRDA:246,25,0,0
BRDA:246,25,1,0
BRDA:253,26,0,0
BRDA:253,26,1,0
BRDA:266,27,0,0
BRDA:266,27,1,0
BRF:56
BRH:0
end_of_record
TN:
SF:frontend/views-v2/home.js
FN:9,checkAndDisplayDecisions
FN:12,(anonymous_1)
FN:16,(anonymous_2)
FN:21,(anonymous_3)
FN:28,(anonymous_4)
FN:40,loadHome
FN:85,(anonymous_6)
FN:108,(anonymous_7)
FN:133,refreshHome
FN:140,showExecutionDetails
FN:153,loadWorkstreams
FN:170,renderWorkstreams
FN:185,(anonymous_12)
FN:215,calculateWorkstreamProgress
FN:219,(anonymous_14)
FN:226,showWorkstreamDetail
FN:262,(anonymous_16)
FN:278,(anonymous_17)
FNF:18
FNH:0
FNDA:0,checkAndDisplayDecisions
FNDA:0,(anonymous_1)
FNDA:0,(anonymous_2)
FNDA:0,(anonymous_3)
FNDA:0,(anonymous_4)
FNDA:0,loadHome
FNDA:0,(anonymous_6)
FNDA:0,(anonymous_7)
FNDA:0,refreshHome
FNDA:0,showExecutionDetails
FNDA:0,loadWorkstreams
FNDA:0,renderWorkstreams
FNDA:0,(anonymous_12)
FNDA:0,calculateWorkstreamProgress
FNDA:0,(anonymous_14)
FNDA:0,showWorkstreamDetail
FNDA:0,(anonymous_16)
FNDA:0,(anonymous_17)
DA:10,0
DA:12,0
DA:13,0
DA:16,0
DA:19,0
DA:20,0
DA:21,0
DA:26,0
DA:28,0
DA:29,0
DA:33,0
DA:42,0
DA:45,0
DA:46,0
DA:47,0
DA:48,0
DA:50,0
DA:51,0
DA:52,0
DA:53,0
DA:54,0
DA:55,0
DA:58,0
DA:59,0
DA:62,0
DA:63,0
DA:67,0
DA:71,0
DA:72,0
DA:73,0
DA:74,0
DA:76,0
DA:77,0
DA:78,0
DA:79,0
DA:85,0
DA:86,0
DA:87,0
DA:108,0
DA:109,0
DA:110,0
DA:111,0
DA:117,0
DA:119,0
DA:120,0
DA:126,0
DA:134,0
DA:142,0
DA:143,0
DA:146,0
DA:154,0
DA:155,0
DA:156,0
DA:158,0
DA:159,0
DA:161,0
DA:162,0
DA:171,0
DA:173,0
DA:174,0
DA:182,0
DA:185,0
DA:186,0
DA:187,0
DA:189,0
DA:216,0
DA:217,0
DA:219,0
DA:220,0
DA:227,0
DA:229,0
DA:230,0
DA:231,0
DA:232,0
DA:236,0
DA:238,0
DA:239,0
DA:240,0
DA:243,0
DA:244,0
DA:245,0
DA:246,0
DA:262,0
DA:275,0
DA:278,0
DA:279,0
DA:280,0
DA:284,0
DA:287,0
DA:288,0
DA:294,0
DA:295,0
DA:296,0
DA:297,0
DA:298,0
DA:299,0
DA:300,0
LF:97
LH:0
BRDA:13,0,0,0
BRDA:13,0,1,0
BRDA:19,1,0,0
BRDA:19,1,1,0
BRDA:19,2,0,0
BRDA:19,2,1,0
BRDA:26,3,0,0
BRDA:26,3,1,0
BRDA:26,4,0,0
BRDA:26,4,1,0
BRDA:47,5,0,0
BRDA:47,5,1,0
BRDA:48,6,0,0
BRDA:48,6,1,0
BRDA:51,7,0,0
BRDA:51,7,1,0
BRDA:52,8,0,0
BRDA:52,8,1,0
BRDA:54,9,0,0
BRDA:54,9,1,0
BRDA:55,10,0,0
BRDA:55,10,1,0
BRDA:58,11,0,0
BRDA:58,11,1,0
BRDA:74,12,0,0
BRDA:74,12,1,0
BRDA:77,13,0,0
BRDA:77,13,1,0
BRDA:78,14,0,0
BRDA:78,14,1,0
BRDA:88,15,0,0
BRDA:88,15,1,0
BRDA:91,16,0,0
BRDA:91,16,1,0
BRDA:91,16,2,0
BRDA:93,17,0,0
BRDA:93,17,1,0
BRDA:95,18,0,0
BRDA:95,18,1,0
BRDA:110,19,0,0
BRDA:110,19,1,0
BRDA:117,20,0,0
BRDA:117,20,1,0
BRDA:117,21,0,0
BRDA:117,21,1,0
BRDA:142,22,0,0
BRDA:142,22,1,0
BRDA:156,23,0,0
BRDA:156,23,1,0
BRDA:173,24,0,0
BRDA:173,24,1,0
BRDA:186,25,0,0
BRDA:186,25,1,0
BRDA:193,26,0,0
BRDA:193,26,1,0
BRDA:197,27,0,0
BRDA:197,27,1,0
BRDA:204,28,0,0
BRDA:204,28,1,0
BRDA:216,29,0,0
BRDA:216,29,1,0
BRDA:217,30,0,0
BRDA:217,30,1,0
BRDA:229,31,0,0
BRDA:229,31,1,0
BRDA:230,32,0,0
BRDA:230,32,1,0
BRDA:238,33,0,0
BRDA:238,33,1,0
BRDA:240,34,0,0
BRDA:240,34,1,0
BRDA:249,35,0,0
BRDA:249,35,1,0
BRDA:254,36,0,0
BRDA:254,36,1,0
BRDA:254,37,0,0
BRDA:254,37,1,0
BRDA:256,38,0,0
BRDA:256,38,1,0
BRDA:257,39,0,0
BRDA:257,39,1,0
BRDA:258,40,0,0
BRDA:258,40,1,0
BRDA:258,41,0,0
BRDA:258,41,1,0
BRDA:262,42,0,0
BRDA:262,42,1,0
BRDA:262,43,0,0
BRDA:262,43,1,0
BRDA:266,44,0,0
BRDA:266,44,1,0
BRDA:266,45,0,0
BRDA:266,45,1,0
BRDA:267,46,0,0
BRDA:267,46,1,0
BRDA:279,47,0,0
BRDA:279,47,1,0
BRF:97
BRH:0
end_of_record
TN:
SF:frontend/views-v2/library.js
FN:12,loadLibraryV2
FN:21,loadLibraryTab
FN:50,loadLibraryWorkflows
FN:67,(anonymous_3)
FN:75,(anonymous_4)
FN:84,(anonymous_5)
FN:115,loadLibraryDashboards
FN:132,(anonymous_7)
FN:140,(anonymous_8)
FN:149,(anonymous_9)
FN:172,loadLibraryTemplates
FN:184,showWorkflowDetail
FN:213,(anonymous_12)
FN:246,(anonymous_13)
FNF:14
FNH:0
FNDA:0,loadLibraryV2
FNDA:0,loadLibraryTab
FNDA:0,loadLibraryWorkflows
FNDA:0,(anonymous_3)
FNDA:0,(anonymous_4)
FNDA:0,(anonymous_5)
FNDA:0,loadLibraryDashboards
FNDA:0,(anonymous_7)
FNDA:0,(anonymous_8)
FNDA:0,(anonymous_9)
FNDA:0,loadLibraryTemplates
FNDA:0,showWorkflowDetail
FNDA:0,(anonymous_12)
FNDA:0,(anonymous_13)
DA:13,0
DA:14,0
DA:22,0
DA:23,0
DA:25,0
DA:27,0
DA:28,0
DA:30,0
DA:31,0
DA:33,0
DA:34,0
DA:36,0
DA:37,0
DA:39,0
DA:42,0
DA:43,0
DA:51,0
DA:52,0
DA:53,0
DA:55,0
DA:56,0
DA:62,0
DA:66,0
DA:67,0
DA:68,0
DA:69,0
DA:70,0
DA:72,0
DA:75,0
DA:76,0
DA:77,0
DA:84,0
DA:108,0
DA:116,0
DA:117,0
DA:118,0
DA:120,0
DA:121,0
DA:127,0
DA:131,0
DA:132,0
DA:133,0
DA:134,0
DA:135,0
DA:137,0
DA:140,0
DA:141,0
DA:142,0
DA:149,0
DA:165,0
DA:173,0
DA:185,0
DA:187,0
DA:189,0
DA:190,0
DA:193,0
DA:194,0
DA:195,0
DA:196,0
DA:213,0
DA:243,0
DA:246,0
DA:247,0
DA:248,0
DA:252,0
DA:255,0
DA:256,0
DA:261,0
DA:262,0
DA:263,0
LF:70
LH:0
BRDA:13,0,0,0
BRDA:13,0,1,0
BRDA:28,1,0,0
BRDA:28,1,1,0
BRDA:28,1,2,0
BRDA:28,1,3,0
BRDA:53,2,0,0
BRDA:53,2,1,0
BRDA:55,3,0,0
BRDA:55,3,1,0
BRDA:68,4,0,0
BRDA:68,4,1,0
BRDA:69,5,0,0
BRDA:69,5,1,0
BRDA:88,6,0,0
BRDA:88,6,1,0
BRDA:89,7,0,0
BRDA:89,7,1,0
BRDA:92,8,0,0
BRDA:92,8,1,0
BRDA:94,9,0,0
BRDA:94,9,1,0
BRDA:118,10,0,0
BRDA:118,10,1,0
BRDA:120,11,0,0
BRDA:120,11,1,0
BRDA:133,12,0,0
BRDA:133,12,1,0
BRDA:134,13,0,0
BRDA:134,13,1,0
BRDA:154,14,0,0
BRDA:154,14,1,0
BRDA:189,15,0,0
BRDA:189,15,1,0
BRDA:199,16,0,0
BRDA:199,16,1,0
BRDA:203,17,0,0
BRDA:203,17,1,0
BRDA:205,18,0,0
BRDA:205,18,1,0
BRDA:206,19,0,0
BRDA:206,19,1,0
BRDA:207,20,0,0
BRDA:207,20,1,0
BRDA:209,21,0,0
BRDA:209,21,1,0
BRDA:209,22,0,0
BRDA:209,22,1,0
BRDA:215,23,0,0
BRDA:215,23,1,0
BRDA:216,24,0,0
BRDA:216,24,1,0
BRDA:216,25,0,0
BRDA:216,25,1,0
BRDA:217,26,0,0
BRDA:217,26,1,0
BRDA:223,27,0,0
BRDA:223,27,1,0
BRDA:229,28,0,0
BRDA:229,28,1,0
BRDA:232,29,0,0
BRDA:232,29,1,0
BRDA:247,30,0,0
BRDA:247,30,1,0
BRF:64
BRH:0
end_of_record
TN:
SF:frontend/views-v2/versions-stage-renderers.js
FN:8,renderPlanStage
FN:13,(anonymous_1)
FN:80,(anonymous_2)
FN:108,renderImplementStage
FN:152,(anonymous_4)
FN:180,(anonymous_5)
FN:214,renderTestStage
FN:247,(anonymous_7)
FN:275,renderReviewStage
FN:313,(anonymous_9)
FNF:10
FNH:0
FNDA:0,renderPlanStage
FNDA:0,(anonymous_1)
FNDA:0,(anonymous_2)
FNDA:0,renderImplementStage
FNDA:0,(anonymous_4)
FNDA:0,(anonymous_5)
FNDA:0,renderTestStage
FNDA:0,(anonymous_7)
FNDA:0,renderReviewStage
FNDA:0,(anonymous_9)
DA:9,0
DA:11,0
DA:13,0
DA:16,0
DA:17,0
DA:20,0
DA:21,0
DA:22,0
DA:25,0
DA:26,0
DA:27,0
DA:28,0
DA:30,0
DA:80,0
DA:96,0
DA:97,0
DA:109,0
DA:110,0
DA:111,0
DA:112,0
DA:114,0
DA:115,0
DA:116,0
DA:117,0
DA:118,0
DA:119,0
DA:121,0
DA:152,0
DA:180,0
DA:202,0
DA:203,0
DA:215,0
DA:216,0
DA:217,0
DA:218,0
DA:220,0
DA:221,0
DA:222,0
DA:223,0
DA:224,0
DA:226,0
DA:247,0
DA:263,0
DA:264,0
DA:276,0
DA:277,0
DA:278,0
DA:279,0
DA:281,0
DA:282,0
DA:283,0
DA:284,0
DA:286,0
DA:313,0
DA:329,0
DA:330,0
DA:339,0
DA:340,0
DA:341,0
DA:342,0
LF:60
LH:0
BRDA:16,0,0,0
BRDA:16,0,1,0
BRDA:16,1,0,0
BRDA:16,1,1,0
BRDA:17,2,0,0
BRDA:17,2,1,0
BRDA:21,3,0,0
BRDA:21,3,1,0
BRDA:21,4,0,0
BRDA:21,4,1,0
BRDA:25,5,0,0
BRDA:25,5,1,0
BRDA:26,6,0,0
BRDA:26,6,1,0
BRDA:27,7,0,0
BRDA:27,7,1,0
BRDA:28,8,0,0
BRDA:28,8,1,0
BRDA:47,9,0,0
BRDA:47,9,1,0
BRDA:52,10,0,0
BRDA:52,10,1,0
BRDA:52,11,0,0
BRDA:52,11,1,0
BRDA:52,12,0,0
BRDA:52,12,1,0
BRDA:55,13,0,0
BRDA:55,13,1,0
BRDA:64,14,0,0
BRDA:64,14,1,0
BRDA:68,15,0,0
BRDA:68,15,1,0
BRDA:70,16,0,0
BRDA:70,16,1,0
BRDA:78,17,0,0
BRDA:78,17,1,0
BRDA:82,18,0,0
BRDA:82,18,1,0
BRDA:83,19,0,0
BRDA:83,19,1,0
BRDA:89,20,0,0
BRDA:89,20,1,0
BRDA:89,21,0,0
BRDA:89,21,1,0
BRDA:111,22,0,0
BRDA:111,22,1,0
BRDA:112,23,0,0
BRDA:112,23,1,0
BRDA:114,24,0,0
BRDA:114,24,1,0
BRDA:115,25,0,0
BRDA:115,25,1,0
BRDA:116,26,0,0
BRDA:116,26,1,0
BRDA:117,27,0,0
BRDA:117,27,1,0
BRDA:118,28,0,0
BRDA:118,28,1,0
BRDA:119,29,0,0
BRDA:119,29,1,0
BRDA:138,30,0,0
BRDA:138,30,1,0
BRDA:143,31,0,0
BRDA:143,31,1,0
BRDA:150,32,0,0
BRDA:150,32,1,0
BRDA:156,33,0,0
BRDA:156,33,1,0
BRDA:161,34,0,0
BRDA:161,34,1,0
BRDA:178,35,0,0
BRDA:178,35,1,0
BRDA:187,36,0,0
BRDA:187,36,1,0
BRDA:217,37,0,0
BRDA:217,37,1,0
BRDA:218,38,0,0
BRDA:218,38,1,0
BRDA:220,39,0,0
BRDA:220,39,1,0
BRDA:221,40,0,0
BRDA:221,40,1,0
BRDA:222,41,0,0
BRDA:222,41,1,0
BRDA:223,42,0,0
BRDA:223,42,1,0
BRDA:224,43,0,0
BRDA:224,43,1,0
BRDA:245,44,0,0
BRDA:245,44,1,0
BRDA:249,45,0,0
BRDA:249,45,1,0
BRDA:249,46,0,0
BRDA:249,46,1,0
BRDA:278,47,0,0
BRDA:278,47,1,0
BRDA:279,48,0,0
BRDA:279,48,1,0
BRDA:281,49,0,0
BRDA:281,49,1,0
BRDA:282,50,0,0
BRDA:282,50,1,0
BRDA:283,51,0,0
BRDA:283,51,1,0
BRDA:284,52,0,0
BRDA:284,52,1,0
BRDA:303,53,0,0
BRDA:303,53,1,0
BRDA:311,54,0,0
BRDA:311,54,1,0
BRDA:315,55,0,0
BRDA:315,55,1,0
BRDA:316,56,0,0
BRDA:316,56,1,0
BRF:114
BRH:0
end_of_record
TN:
SF:frontend/views-v2/versions.js
FN:11,loadVersionsV2
FN:29,renderVersionsList
FN:44,(anonymous_2)
FN:53,(anonymous_3)
FN:86,(anonymous_4)
FN:100,(anonymous_5)
FN:119,renderVersionStageProgress
FN:122,(anonymous_7)
FN:123,(anonymous_8)
FN:124,(anonymous_9)
FN:125,(anonymous_10)
FN:131,(anonymous_11)
FN:155,loadVersionDetail
FN:159,(anonymous_13)
FN:160,(anonymous_14)
FN:191,(anonymous_15)
FN:198,(anonymous_16)
FN:209,(anonymous_17)
FN:230,loadVersionStages
FN:235,(anonymous_19)
FN:246,loadStageContent
FN:291,renderPlanStage
FN:381,(anonymous_22)
FN:415,(anonymous_23)
FN:429,renderImplementStage
FN:443,(anonymous_25)
FN:471,(anonymous_26)
FN:514,renderTestStage
FN:582,renderReviewStage
FN:624,(anonymous_29)
FN:669,refreshVersionDetail
FN:679,rejectVersion
FN:720,startPlanningAgentPolling
FN:727,(anonymous_33)
FN:771,stopPlanningAgentPolling
FN:781,refreshPlanStage
FNF:36
FNH:0
FNDA:0,loadVersionsV2
FNDA:0,renderVersionsList
FNDA:0,(anonymous_2)
FNDA:0,(anonymous_3)
FNDA:0,(anonymous_4)
FNDA:0,(anonymous_5)
FNDA:0,renderVersionStageProgress
FNDA:0,(anonymous_7)
FNDA:0,(anonymous_8)
FNDA:0,(anonymous_9)
FNDA:0,(anonymous_10)
FNDA:0,(anonymous_11)
FNDA:0,loadVersionDetail
FNDA:0,(anonymous_13)
FNDA:0,(anonymous_14)
FNDA:0,(anonymous_15)
FNDA:0,(anonymous_16)
FNDA:0,(anonymous_17)
FNDA:0,loadVersionStages
FNDA:0,(anonymous_19)
FNDA:0,loadStageContent
FNDA:0,renderPlanStage
FNDA:0,(anonymous_22)
FNDA:0,(anonymous_23)
FNDA:0,renderImplementStage
FNDA:0,(anonymous_25)
FNDA:0,(anonymous_26)
FNDA:0,renderTestStage
FNDA:0,renderReviewStage
FNDA:0,(anonymous_29)
FNDA:0,refreshVersionDetail
FNDA:0,rejectVersion
FNDA:0,startPlanningAgentPolling
FNDA:0,(anonymous_33)
FNDA:0,stopPlanningAgentPolling
FNDA:0,refreshPlanStage
DA:12,0
DA:13,0
DA:14,0
DA:16,0
DA:18,0
DA:19,0
DA:30,0
DA:32,0
DA:33,0
DA:40,0
DA:44,0
DA:45,0
DA:49,0
DA:53,0
DA:54,0
DA:55,0
DA:59,0
DA:86,0
DA:101,0
DA:102,0
DA:103,0
DA:120,0
DA:121,0
DA:122,0
DA:123,0
DA:124,0
DA:125,0
DA:128,0
DA:129,0
DA:131,0
DA:132,0
DA:133,0
DA:134,0
DA:137,0
DA:144,0
DA:145,0
DA:149,0
DA:156,0
DA:157,0
DA:158,0
DA:160,0
DA:161,0
DA:166,0
DA:167,0
DA:168,0
DA:171,0
DA:172,0
DA:175,0
DA:178,0
DA:179,0
DA:180,0
DA:181,0
DA:182,0
DA:185,0
DA:187,0
DA:188,0
DA:189,0
DA:190,0
DA:191,0
DA:192,0
DA:197,0
DA:198,0
DA:199,0
DA:200,0
DA:201,0
DA:202,0
DA:203,0
DA:209,0
DA:210,0
DA:211,0
DA:212,0
DA:213,0
DA:217,0
DA:218,0
DA:222,0
DA:223,0
DA:231,0
DA:233,0
DA:234,0
DA:235,0
DA:236,0
DA:238,0
DA:239,0
DA:247,0
DA:248,0
DA:250,0
DA:252,0
DA:255,0
DA:266,0
DA:268,0
DA:269,0
DA:271,0
DA:272,0
DA:274,0
DA:275,0
DA:277,0
DA:278,0
DA:280,0
DA:283,0
DA:284,0
DA:293,0
DA:294,0
DA:295,0
DA:296,0
DA:299,0
DA:300,0
DA:305,0
DA:306,0
DA:307,0
DA:308,0
DA:309,0
DA:311,0
DA:312,0
DA:313,0
DA:318,0
DA:321,0
DA:381,0
DA:412,0
DA:413,0
DA:414,0
DA:415,0
DA:431,0
DA:432,0
DA:433,0
DA:434,0
DA:437,0
DA:438,0
DA:443,0
DA:445,0
DA:471,0
DA:500,0
DA:501,0
DA:503,0
DA:504,0
DA:505,0
DA:506,0
DA:516,0
DA:517,0
DA:518,0
DA:519,0
DA:522,0
DA:523,0
DA:527,0
DA:584,0
DA:585,0
DA:586,0
DA:587,0
DA:590,0
DA:591,0
DA:595,0
DA:624,0
DA:670,0
DA:671,0
DA:672,0
DA:680,0
DA:681,0
DA:684,0
DA:686,0
DA:687,0
DA:695,0
DA:698,0
DA:701,0
DA:702,0
DA:703,0
DA:704,0
DA:705,0
DA:706,0
DA:710,0
DA:711,0
DA:718,0
DA:722,0
DA:723,0
DA:727,0
DA:728,0
DA:729,0
DA:731,0
DA:732,0
DA:735,0
DA:736,0
DA:739,0
DA:740,0
DA:742,0
DA:746,0
DA:747,0
DA:748,0
DA:749,0
DA:750,0
DA:755,0
DA:756,0
DA:761,0
DA:764,0
DA:768,0
DA:772,0
DA:773,0
DA:774,0
DA:782,0
DA:783,0
DA:784,0
DA:789,0
DA:791,0
DA:792,0
DA:793,0
DA:794,0
DA:795,0
DA:796,0
DA:797,0
DA:798,0
LF:207
LH:0
BRDA:14,0,0,0
BRDA:14,0,1,0
BRDA:32,1,0,0
BRDA:32,1,1,0
BRDA:45,2,0,0
BRDA:45,2,1,0
BRDA:45,3,0,0
BRDA:45,3,1,0
BRDA:45,3,2,0
BRDA:45,3,3,0
BRDA:54,4,0,0
BRDA:54,4,1,0
BRDA:55,5,0,0
BRDA:55,5,1,0
BRDA:55,5,2,0
BRDA:65,6,0,0
BRDA:65,6,1,0
BRDA:66,7,0,0
BRDA:66,7,1,0
BRDA:76,8,0,0
BRDA:76,8,1,0
BRDA:84,9,0,0
BRDA:84,9,1,0
BRDA:90,10,0,0
BRDA:90,10,1,0
BRDA:90,11,0,0
BRDA:90,11,1,0
BRDA:101,12,0,0
BRDA:101,12,1,0
BRDA:102,13,0,0
BRDA:102,13,1,0
BRDA:102,13,2,0
BRDA:102,13,3,0
BRDA:103,14,0,0
BRDA:103,14,1,0
BRDA:120,15,0,0
BRDA:120,15,1,0
BRDA:122,16,0,0
BRDA:122,16,1,0
BRDA:123,17,0,0
BRDA:123,17,1,0
BRDA:124,18,0,0
BRDA:124,18,1,0
BRDA:125,19,0,0
BRDA:125,19,1,0
BRDA:133,20,0,0
BRDA:133,20,1,0
BRDA:134,21,0,0
BRDA:134,21,1,0
BRDA:135,22,0,0
BRDA:135,22,1,0
BRDA:139,23,0,0
BRDA:139,23,1,0
BRDA:139,24,0,0
BRDA:139,24,1,0
BRDA:144,25,0,0
BRDA:144,25,1,0
BRDA:145,26,0,0
BRDA:145,26,1,0
BRDA:160,27,0,0
BRDA:160,27,1,0
BRDA:161,28,0,0
BRDA:161,28,1,0
BRDA:166,29,0,0
BRDA:166,29,1,0
BRDA:171,30,0,0
BRDA:171,30,1,0
BRDA:179,31,0,0
BRDA:179,31,1,0
BRDA:181,32,0,0
BRDA:181,32,1,0
BRDA:185,33,0,0
BRDA:185,33,1,0
BRDA:187,34,0,0
BRDA:187,34,1,0
BRDA:187,35,0,0
BRDA:187,35,1,0
BRDA:187,35,2,0
BRDA:197,36,0,0
BRDA:197,36,1,0
BRDA:197,37,0,0
BRDA:197,37,1,0
BRDA:201,38,0,0
BRDA:201,38,1,0
BRDA:202,39,0,0
BRDA:202,39,1,0
BRDA:203,40,0,0
BRDA:203,40,1,0
BRDA:209,41,0,0
BRDA:209,41,1,0
BRDA:210,42,0,0
BRDA:210,42,1,0
BRDA:212,43,0,0
BRDA:212,43,1,0
BRDA:217,44,0,0
BRDA:217,44,1,0
BRDA:235,45,0,0
BRDA:235,45,1,0
BRDA:235,46,0,0
BRDA:235,46,1,0
BRDA:236,47,0,0
BRDA:236,47,1,0
BRDA:266,48,0,0
BRDA:266,48,1,0
BRDA:266,48,2,0
BRDA:266,48,3,0
BRDA:266,48,4,0
BRDA:299,49,0,0
BRDA:299,49,1,0
BRDA:299,50,0,0
BRDA:299,50,1,0
BRDA:299,50,2,0
BRDA:308,51,0,0
BRDA:308,51,1,0
BRDA:311,52,0,0
BRDA:311,52,1,0
BRDA:311,53,0,0
BRDA:311,53,1,0
BRDA:312,54,0,0
BRDA:312,54,1,0
BRDA:325,55,0,0
BRDA:325,55,1,0
BRDA:326,56,0,0
BRDA:326,56,1,0
BRDA:326,57,0,0
BRDA:326,57,1,0
BRDA:326,58,0,0
BRDA:326,58,1,0
BRDA:326,59,0,0
BRDA:326,59,1,0
BRDA:328,60,0,0
BRDA:328,60,1,0
BRDA:328,61,0,0
BRDA:328,61,1,0
BRDA:329,62,0,0
BRDA:329,62,1,0
BRDA:329,63,0,0
BRDA:329,63,1,0
BRDA:333,64,0,0
BRDA:333,64,1,0
BRDA:333,65,0,0
BRDA:333,65,1,0
BRDA:342,66,0,0
BRDA:342,66,1,0
BRDA:346,67,0,0
BRDA:346,67,1,0
BRDA:348,68,0,0
BRDA:348,68,1,0
BRDA:351,69,0,0
BRDA:351,69,1,0
BRDA:359,70,0,0
BRDA:359,70,1,0
BRDA:366,71,0,0
BRDA:366,71,1,0
BRDA:377,72,0,0
BRDA:377,72,1,0
BRDA:377,73,0,0
BRDA:377,73,1,0
BRDA:383,74,0,0
BRDA:383,74,1,0
BRDA:386,75,0,0
BRDA:386,75,1,0
BRDA:404,76,0,0
BRDA:404,76,1,0
BRDA:404,77,0,0
BRDA:404,77,1,0
BRDA:404,77,2,0
BRDA:412,78,0,0
BRDA:412,78,1,0
BRDA:414,79,0,0
BRDA:414,79,1,0
BRDA:437,80,0,0
BRDA:437,80,1,0
BRDA:437,81,0,0
BRDA:437,81,1,0
BRDA:437,81,2,0
BRDA:449,82,0,0
BRDA:449,82,1,0
BRDA:456,83,0,0
BRDA:456,83,1,0
BRDA:467,84,0,0
BRDA:467,84,1,0
BRDA:467,85,0,0
BRDA:467,85,1,0
BRDA:500,86,0,0
BRDA:500,86,1,0
BRDA:505,87,0,0
BRDA:505,87,1,0
BRDA:505,88,0,0
BRDA:505,88,1,0
BRDA:522,89,0,0
BRDA:522,89,1,0
BRDA:522,90,0,0
BRDA:522,90,1,0
BRDA:522,90,2,0
BRDA:531,91,0,0
BRDA:531,91,1,0
BRDA:538,92,0,0
BRDA:538,92,1,0
BRDA:549,93,0,0
BRDA:549,93,1,0
BRDA:549,94,0,0
BRDA:549,94,1,0
BRDA:554,95,0,0
BRDA:554,95,1,0
BRDA:590,96,0,0
BRDA:590,96,1,0
BRDA:590,97,0,0
BRDA:590,97,1,0
BRDA:590,97,2,0
BRDA:599,98,0,0
BRDA:599,98,1,0
BRDA:605,99,0,0
BRDA:605,99,1,0
BRDA:609,100,0,0
BRDA:609,100,1,0
BRDA:620,101,0,0
BRDA:620,101,1,0
BRDA:620,102,0,0
BRDA:620,102,1,0
BRDA:626,103,0,0
BRDA:626,103,1,0
BRDA:629,104,0,0
BRDA:629,104,1,0
BRDA:670,105,0,0
BRDA:670,105,1,0
BRDA:671,106,0,0
BRDA:671,106,1,0
BRDA:680,107,0,0
BRDA:680,107,1,0
BRDA:689,108,0,0
BRDA:689,108,1,0
BRDA:701,109,0,0
BRDA:701,109,1,0
BRDA:702,110,0,0
BRDA:702,110,1,0
BRDA:702,111,0,0
BRDA:702,111,1,0
BRDA:703,112,0,0
BRDA:703,112,1,0
BRDA:705,113,0,0
BRDA:705,113,1,0
BRDA:722,114,0,0
BRDA:722,114,1,0
BRDA:731,115,0,0
BRDA:731,115,1,0
BRDA:735,116,0,0
BRDA:735,116,1,0
BRDA:735,117,0,0
BRDA:735,117,1,0
BRDA:739,118,0,0
BRDA:739,118,1,0
BRDA:742,119,0,0
BRDA:742,119,1,0
BRDA:746,120,0,0
BRDA:746,120,1,0
BRDA:747,121,0,0
BRDA:747,121,1,0
BRDA:747,122,0,0
BRDA:747,122,1,0
BRDA:749,123,0,0
BRDA:749,123,1,0
BRDA:749,124,0,0
BRDA:749,124,1,0
BRDA:755,125,0,0
BRDA:755,125,1,0
BRDA:772,126,0,0
BRDA:772,126,1,0
BRDA:783,127,0,0
BRDA:783,127,1,0
BRF:270
BRH:0
end_of_record
TN:
SF:frontend/views-v2/wizards.js
FN:12,openVersionCreationWizard
FN:42,closeVersionWizard
FN:52,renderVersionWizardStep
FN:74,renderVersionWizardStep1
FN:124,(anonymous_4)
FN:146,(anonymous_5)
FN:148,(anonymous_6)
FN:162,renderVersionWizardStep2
FN:201,(anonymous_8)
FN:223,(anonymous_9)
FN:232,renderVersionWizardStep3
FN:251,(anonymous_11)
FN:264,addWizardGoal
FN:275,removeWizardGoal
FN:285,nextVersionWizardStep
FN:292,createVersionFromWizard
FN:344,(anonymous_16)
FN:365,openWorkstreamWizard
FN:394,closeWorkstreamWizard
FN:402,createWorkstream
FN:446,showStageWizard
FN:460,closeStageWizard
FNF:22
FNH:0
FNDA:0,openVersionCreationWizard
FNDA:0,closeVersionWizard
FNDA:0,renderVersionWizardStep
FNDA:0,renderVersionWizardStep1
FNDA:0,(anonymous_4)
FNDA:0,(anonymous_5)
FNDA:0,(anonymous_6)
FNDA:0,renderVersionWizardStep2
FNDA:0,(anonymous_8)
FNDA:0,(anonymous_9)
FNDA:0,renderVersionWizardStep3
FNDA:0,(anonymous_11)
FNDA:0,addWizardGoal
FNDA:0,removeWizardGoal
FNDA:0,nextVersionWizardStep
FNDA:0,createVersionFromWizard
FNDA:0,(anonymous_16)
FNDA:0,openWorkstreamWizard
FNDA:0,closeWorkstreamWizard
FNDA:0,createWorkstream
FNDA:0,showStageWizard
FNDA:0,closeStageWizard
DA:6,0
DA:7,0
DA:13,0
DA:14,0
DA:17,0
DA:18,0
DA:19,0
DA:20,0
DA:21,0
DA:22,0
DA:23,0
DA:26,0
DA:28,0
DA:29,0
DA:30,0
DA:33,0
DA:34,0
DA:36,0
DA:43,0
DA:44,0
DA:45,0
DA:46,0
DA:53,0
DA:54,0
DA:56,0
DA:58,0
DA:59,0
DA:61,0
DA:62,0
DA:64,0
DA:65,0
DA:67,0
DA:75,0
DA:76,0
DA:78,0
DA:122,0
DA:123,0
DA:124,0
DA:125,0
DA:126,0
DA:127,0
DA:129,0
DA:130,0
DA:131,0
DA:133,0
DA:134,0
DA:135,0
DA:137,0
DA:138,0
DA:142,0
DA:143,0
DA:144,0
DA:146,0
DA:147,0
DA:148,0
DA:149,0
DA:150,0
DA:151,0
DA:152,0
DA:163,0
DA:164,0
DA:166,0
DA:201,0
DA:222,0
DA:223,0
DA:224,0
DA:225,0
DA:233,0
DA:235,0
DA:251,0
DA:257,0
DA:258,0
DA:265,0
DA:266,0
DA:268,0
DA:269,0
DA:276,0
DA:277,0
DA:278,0
DA:293,0
DA:294,0
DA:295,0
DA:298,0
DA:299,0
DA:300,0
DA:301,0
DA:304,0
DA:318,0
DA:319,0
DA:325,0
DA:326,0
DA:329,0
DA:332,0
DA:335,0
DA:336,0
DA:338,0
DA:339,0
DA:343,0
DA:344,0
DA:345,0
DA:346,0
DA:350,0
DA:351,0
DA:354,0
DA:355,0
DA:356,0
DA:357,0
DA:366,0
DA:367,0
DA:369,0
DA:370,0
DA:395,0
DA:396,0
DA:403,0
DA:404,0
DA:405,0
DA:406,0
DA:408,0
DA:409,0
DA:410,0
DA:413,0
DA:414,0
DA:415,0
DA:418,0
DA:430,0
DA:431,0
DA:434,0
DA:435,0
DA:438,0
DA:439,0
DA:447,0
DA:448,0
DA:450,0
DA:453,0
DA:454,0
DA:461,0
DA:462,0
DA:466,0
DA:467,0
DA:468,0
DA:469,0
DA:470,0
DA:471,0
DA:472,0
DA:473,0
DA:474,0
DA:475,0
LF:147
LH:0
BRDA:19,0,0,0
BRDA:19,0,1,0
BRDA:56,1,0,0
BRDA:56,1,1,0
BRDA:56,1,2,0
BRDA:56,1,3,0
BRDA:76,2,0,0
BRDA:76,2,1,0
BRDA:84,3,0,0
BRDA:84,3,1,0
BRDA:87,4,0,0
BRDA:87,4,1,0
BRDA:95,5,0,0
BRDA:95,5,1,0
BRDA:95,6,0,0
BRDA:95,6,1,0
BRDA:99,7,0,0
BRDA:99,7,1,0
BRDA:99,8,0,0
BRDA:99,8,1,0
BRDA:99,9,0,0
BRDA:99,9,1,0
BRDA:108,10,0,0
BRDA:108,10,1,0
BRDA:110,11,0,0
BRDA:110,11,1,0
BRDA:112,12,0,0
BRDA:112,12,1,0
BRDA:114,13,0,0
BRDA:114,13,1,0
BRDA:117,14,0,0
BRDA:117,14,1,0
BRDA:117,15,0,0
BRDA:117,15,1,0
BRDA:125,16,0,0
BRDA:125,16,1,0
BRDA:126,17,0,0
BRDA:126,17,1,0
BRDA:129,18,0,0
BRDA:129,18,1,0
BRDA:129,19,0,0
BRDA:129,19,1,0
BRDA:133,20,0,0
BRDA:133,20,1,0
BRDA:133,21,0,0
BRDA:133,21,1,0
BRDA:147,22,0,0
BRDA:147,22,1,0
BRDA:149,23,0,0
BRDA:149,23,1,0
BRDA:150,24,0,0
BRDA:150,24,1,0
BRDA:151,25,0,0
BRDA:151,25,1,0
BRDA:163,26,0,0
BRDA:163,26,1,0
BRDA:174,27,0,0
BRDA:174,27,1,0
BRDA:188,28,0,0
BRDA:188,28,1,0
BRDA:199,29,0,0
BRDA:199,29,1,0
BRDA:208,30,0,0
BRDA:208,30,1,0
BRDA:246,31,0,0
BRDA:246,31,1,0
BRDA:249,32,0,0
BRDA:249,32,1,0
BRDA:251,33,0,0
BRDA:251,33,1,0
BRDA:265,34,0,0
BRDA:265,34,1,0
BRDA:276,35,0,0
BRDA:276,35,1,0
BRDA:299,36,0,0
BRDA:299,36,1,0
BRDA:309,37,0,0
BRDA:309,37,1,0
BRDA:310,38,0,0
BRDA:310,38,1,0
BRDA:318,39,0,0
BRDA:318,39,1,0
BRDA:318,40,0,0
BRDA:318,40,1,0
BRDA:325,41,0,0
BRDA:325,41,1,0
BRDA:335,42,0,0
BRDA:335,42,1,0
BRDA:338,43,0,0
BRDA:338,43,1,0
BRDA:345,44,0,0
BRDA:345,44,1,0
BRDA:355,45,0,0
BRDA:355,45,1,0
BRDA:385,46,0,0
BRDA:385,46,1,0
BRDA:406,47,0,0
BRDA:406,47,1,0
BRDA:408,48,0,0
BRDA:408,48,1,0
BRDA:413,49,0,0
BRDA:413,49,1,0
BRDA:434,50,0,0
BRDA:434,50,1,0
BRDA:434,51,0,0
BRDA:434,51,1,0
BRF:106
BRH:0
end_of_record
TN:
SF:frontend/views-v2/workflows.js
FN:9,loadWorkflowsV2
FN:27,renderWorkflowsListV2
FN:48,(anonymous_2)
FN:67,(anonymous_3)
FN:82,(anonymous_4)
FN:97,(anonymous_5)
FN:109,renderWorkflowCard
FN:189,showWorkflowDetailV2
FN:218,renderWorkflowDetailContent
FN:260,(anonymous_9)
FN:294,runWorkflowV2
FN:306,(anonymous_11)
FN:318,(anonymous_12)
FN:332,runWorkflowStepByStepV2
FN:348,refreshWorkflows
FNF:15
FNH:0
FNDA:0,loadWorkflowsV2
FNDA:0,renderWorkflowsListV2
FNDA:0,(anonymous_2)
FNDA:0,(anonymous_3)
FNDA:0,(anonymous_4)
FNDA:0,(anonymous_5)
FNDA:0,renderWorkflowCard
FNDA:0,showWorkflowDetailV2
FNDA:0,renderWorkflowDetailContent
FNDA:0,(anonymous_9)
FNDA:0,runWorkflowV2
FNDA:0,(anonymous_11)
FNDA:0,(anonymous_12)
FNDA:0,runWorkflowStepByStepV2
FNDA:0,refreshWorkflows
DA:10,0
DA:11,0
DA:12,0
DA:14,0
DA:16,0
DA:17,0
DA:28,0
DA:30,0
DA:31,0
DA:38,0
DA:42,0
DA:48,0
DA:49,0
DA:50,0
DA:51,0
DA:53,0
DA:56,0
DA:59,0
DA:60,0
DA:67,0
DA:74,0
DA:75,0
DA:82,0
DA:89,0
DA:90,0
DA:97,0
DA:103,0
DA:110,0
DA:111,0
DA:113,0
DA:117,0
DA:118,0
DA:121,0
DA:122,0
DA:124,0
DA:190,0
DA:191,0
DA:192,0
DA:194,0
DA:195,0
DA:196,0
DA:200,0
DA:201,0
DA:202,0
DA:203,0
DA:204,0
DA:207,0
DA:210,0
DA:211,0
DA:219,0
DA:220,0
DA:222,0
DA:260,0
DA:295,0
DA:297,0
DA:302,0
DA:303,0
DA:306,0
DA:307,0
DA:308,0
DA:311,0
DA:312,0
DA:317,0
DA:318,0
DA:321,0
DA:324,0
DA:325,0
DA:333,0
DA:334,0
DA:335,0
DA:337,0
DA:340,0
DA:341,0
DA:349,0
DA:353,0
DA:354,0
DA:355,0
DA:356,0
DA:357,0
LF:79
LH:0
BRDA:12,0,0,0
BRDA:12,0,1,0
BRDA:30,1,0,0
BRDA:30,1,1,0
BRDA:49,2,0,0
BRDA:49,2,1,0
BRDA:50,3,0,0
BRDA:50,3,1,0
BRDA:59,4,0,0
BRDA:59,4,1,0
BRDA:74,5,0,0
BRDA:74,5,1,0
BRDA:89,6,0,0
BRDA:89,6,1,0
BRDA:110,7,0,0
BRDA:110,7,1,0
BRDA:111,8,0,0
BRDA:111,8,1,0
BRDA:112,9,0,0
BRDA:112,9,1,0
BRDA:113,10,0,0
BRDA:113,10,1,0
BRDA:114,11,0,0
BRDA:114,11,1,0
BRDA:117,12,0,0
BRDA:117,12,1,0
BRDA:118,13,0,0
BRDA:118,13,1,0
BRDA:121,14,0,0
BRDA:121,14,1,0
BRDA:121,14,2,0
BRDA:122,15,0,0
BRDA:122,15,1,0
BRDA:129,16,0,0
BRDA:129,16,1,0
BRDA:133,17,0,0
BRDA:133,17,1,0
BRDA:135,18,0,0
BRDA:135,18,1,0
BRDA:136,19,0,0
BRDA:136,19,1,0
BRDA:140,20,0,0
BRDA:140,20,1,0
BRDA:149,21,0,0
BRDA:149,21,1,0
BRDA:158,22,0,0
BRDA:158,22,1,0
BRDA:163,23,0,0
BRDA:163,23,1,0
BRDA:165,24,0,0
BRDA:165,24,1,0
BRDA:171,25,0,0
BRDA:171,25,1,0
BRDA:173,26,0,0
BRDA:173,26,1,0
BRDA:176,27,0,0
BRDA:176,27,1,0
BRDA:194,28,0,0
BRDA:194,28,1,0
BRDA:201,29,0,0
BRDA:201,29,1,0
BRDA:207,30,0,0
BRDA:207,30,1,0
BRDA:219,31,0,0
BRDA:219,31,1,0
BRDA:220,32,0,0
BRDA:220,32,1,0
BRDA:226,33,0,0
BRDA:226,33,1,0
BRDA:231,34,0,0
BRDA:231,34,1,0
BRDA:232,35,0,0
BRDA:232,35,1,0
BRDA:237,36,0,0
BRDA:237,36,1,0
BRDA:243,37,0,0
BRDA:243,37,1,0
BRDA:250,38,0,0
BRDA:250,38,1,0
BRDA:264,39,0,0
BRDA:264,39,1,0
BRDA:264,39,2,0
BRDA:266,40,0,0
BRDA:266,40,1,0
BRDA:266,41,0,0
BRDA:266,41,1,0
BRDA:270,42,0,0
BRDA:270,42,1,0
BRDA:271,43,0,0
BRDA:271,43,1,0
BRDA:281,44,0,0
BRDA:281,44,1,0
BRDA:302,45,0,0
BRDA:302,45,1,0
BRDA:307,46,0,0
BRDA:307,46,1,0
BRDA:311,47,0,0
BRDA:311,47,1,0
BRDA:317,48,0,0
BRDA:317,48,1,0
BRDA:334,49,0,0
BRDA:334,49,1,0
BRF:102
BRH:0
end_of_record
TN:
SF:lib/__tests__/helpers/workflow-engine-setup.js
FN:14,createTestEngine
FN:42,cleanupTest
FNF:2
FNH:2
FNDA:24,createTestEngine
FNDA:24,cleanupTest
DA:5,3
DA:6,3
DA:7,3
DA:8,3
DA:9,3
DA:15,24
DA:16,24
DA:17,23
DA:20,24
DA:21,24
DA:22,24
DA:23,23
DA:27,24
DA:28,0
DA:31,24
DA:32,24
DA:33,24
DA:34,24
DA:36,24
DA:43,24
DA:44,24
DA:46,24
DA:47,24
DA:51,3
LF:24
LH:23
BRDA:16,0,0,23
BRDA:16,0,1,1
BRDA:22,1,0,23
BRDA:22,1,1,1
BRDA:27,2,0,0
BRDA:27,2,1,24
BRDA:43,3,0,24
BRDA:43,3,1,0
BRDA:46,4,0,24
BRDA:46,4,1,0
BRF:10
BRH:7
end_of_record
TN:
SF:lib/agent/debug.js
FN:9,(anonymous_0)
FN:17,(anonymous_1)
FN:51,(anonymous_2)
FN:57,(anonymous_3)
FN:58,(anonymous_4)
FN:62,(anonymous_5)
FN:70,(anonymous_6)
FN:71,(anonymous_7)
FN:77,(anonymous_8)
FN:117,(anonymous_9)
FN:140,(anonymous_10)
FN:175,(anonymous_11)
FNF:12
FNH:0
FNDA:0,(anonymous_0)
FNDA:0,(anonymous_1)
FNDA:0,(anonymous_2)
FNDA:0,(anonymous_3)
FNDA:0,(anonymous_4)
FNDA:0,(anonymous_5)
FNDA:0,(anonymous_6)
FNDA:0,(anonymous_7)
FNDA:0,(anonymous_8)
FNDA:0,(anonymous_9)
FNDA:0,(anonymous_10)
FNDA:0,(anonymous_11)
DA:5,0
DA:6,0
DA:10,0
DA:11,0
DA:18,0
DA:20,0
DA:21,0
DA:24,0
DA:25,0
DA:27,0
DA:44,0
DA:52,0
DA:53,0
DA:56,0
DA:57,0
DA:59,0
DA:60,0
DA:62,0
DA:64,0
DA:71,0
DA:78,0
DA:79,0
DA:80,0
DA:83,0
DA:85,0
DA:86,0
DA:89,0
DA:90,0
DA:93,0
DA:94,0
DA:97,0
DA:98,0
DA:106,0
DA:118,0
DA:120,0
DA:121,0
DA:130,0
DA:141,0
DA:143,0
DA:148,0
DA:149,0
DA:150,0
DA:151,0
DA:154,0
DA:155,0
DA:156,0
DA:159,0
DA:160,0
DA:161,0
DA:164,0
DA:165,0
DA:166,0
DA:169,0
DA:176,0
DA:178,0
DA:179,0
DA:180,0
DA:181,0
DA:184,0
DA:185,0
DA:188,0
DA:189,0
DA:192,0
DA:196,0
LF:64
LH:0
BRDA:9,0,0,0
BRDA:20,1,0,0
BRDA:20,1,1,0
BRDA:36,2,0,0
BRDA:36,2,1,0
BRDA:37,3,0,0
BRDA:37,3,1,0
BRDA:38,4,0,0
BRDA:38,4,1,0
BRDA:52,5,0,0
BRDA:52,5,1,0
BRDA:79,6,0,0
BRDA:79,6,1,0
BRDA:85,7,0,0
BRDA:85,7,1,0
BRDA:89,8,0,0
BRDA:89,8,1,0
BRDA:93,9,0,0
BRDA:93,9,1,0
BRDA:97,10,0,0
BRDA:97,10,1,0
BRDA:120,11,0,0
BRDA:120,11,1,0
BRDA:141,12,0,0
BRDA:141,12,1,0
BRDA:148,13,0,0
BRDA:148,13,1,0
BRDA:148,14,0,0
BRDA:148,14,1,0
BRDA:154,15,0,0
BRDA:154,15,1,0
BRDA:154,16,0,0
BRDA:154,16,1,0
BRDA:159,17,0,0
BRDA:159,17,1,0
BRDA:159,18,0,0
BRDA:159,18,1,0
BRDA:164,19,0,0
BRDA:164,19,1,0
BRDA:164,20,0,0
BRDA:164,20,1,0
BRDA:178,21,0,0
BRDA:178,21,1,0
BRDA:178,22,0,0
BRDA:178,22,1,0
BRDA:184,23,0,0
BRDA:184,23,1,0
BRDA:184,24,0,0
BRDA:184,24,1,0
BRDA:188,25,0,0
BRDA:188,25,1,0
BRDA:188,26,0,0
BRDA:188,26,1,0
BRF:53
BRH:0
end_of_record
TN:
SF:lib/agent/executor.js
FN:12,(anonymous_0)
FN:20,(anonymous_1)
FN:64,(anonymous_2)
FN:94,(anonymous_3)
FN:111,(anonymous_4)
FN:117,(anonymous_5)
FN:149,(anonymous_6)
FN:193,(anonymous_7)
FN:247,(anonymous_8)
FN:249,(anonymous_9)
FN:264,(anonymous_10)
FN:266,(anonymous_11)
FN:280,(anonymous_12)
FN:290,(anonymous_13)
FNF:14
FNH:0
FNDA:0,(anonymous_0)
FNDA:0,(anonymous_1)
FNDA:0,(anonymous_2)
FNDA:0,(anonymous_3)
FNDA:0,(anonymous_4)
FNDA:0,(anonymous_5)
FNDA:0,(anonymous_6)
FNDA:0,(anonymous_7)
FNDA:0,(anonymous_8)
FNDA:0,(anonymous_9)
FNDA:0,(anonymous_10)
FNDA:0,(anonymous_11)
FNDA:0,(anonymous_12)
FNDA:0,(anonymous_13)
DA:7,0
DA:8,0
DA:9,0
DA:13,0
DA:14,0
DA:21,0
DA:22,0
DA:24,0
DA:31,0
DA:32,0
DA:33,0
DA:34,0
DA:35,0
DA:40,0
DA:46,0
DA:54,0
DA:55,0
DA:56,0
DA:58,0
DA:65,0
DA:67,0
DA:78,0
DA:79,0
DA:82,0
DA:95,0
DA:103,0
DA:111,0
DA:118,0
DA:120,0
DA:122,0
DA:123,0
DA:127,0
DA:128,0
DA:132,0
DA:139,0
DA:150,0
DA:152,0
DA:154,0
DA:156,0
DA:157,0
DA:158,0
DA:165,0
DA:174,0
DA:178,0
DA:183,0
DA:196,0
DA:198,0
DA:199,0
DA:205,0
DA:206,0
DA:209,0
DA:210,0
DA:217,0
DA:218,0
DA:219,0
DA:223,0
DA:224,0
DA:226,0
DA:227,0
DA:228,0
DA:229,0
DA:230,0
DA:231,0
DA:234,0
DA:236,0
DA:248,0
DA:249,0
DA:251,0
DA:265,0
DA:266,0
DA:268,0
DA:281,0
DA:291,0
DA:308,0
LF:74
LH:0
BRDA:12,0,0,0
BRDA:13,1,0,0
BRDA:13,1,1,0
BRDA:14,2,0,0
BRDA:14,2,1,0
BRDA:34,3,0,0
BRDA:34,3,1,0
BRDA:65,4,0,0
BRDA:65,4,1,0
BRDA:65,4,2,0
BRDA:78,5,0,0
BRDA:78,5,1,0
BRDA:118,6,0,0
BRDA:118,6,1,0
BRDA:118,6,2,0
BRDA:122,7,0,0
BRDA:122,7,1,0
BRDA:127,8,0,0
BRDA:127,8,1,0
BRDA:198,9,0,0
BRDA:198,9,1,0
BRDA:209,10,0,0
BRDA:209,10,1,0
BRDA:218,11,0,0
BRDA:218,11,1,0
BRDA:226,12,0,0
BRDA:226,12,1,0
BRDA:228,13,0,0
BRDA:228,13,1,0
BRDA:230,14,0,0
BRDA:230,14,1,0
BRDA:230,15,0,0
BRDA:230,15,1,0
BRDA:293,16,0,0
BRDA:293,16,1,0
BRDA:296,17,0,0
BRDA:296,17,1,0
BRDA:297,18,0,0
BRDA:297,18,1,0
BRF:39
BRH:0
end_of_record
TN:
SF:lib/agent/processor.js
FN:11,(anonymous_0)
FN:23,(anonymous_1)
FN:31,(anonymous_2)
FN:38,(anonymous_3)
FN:49,(anonymous_4)
FN:56,(anonymous_5)
FN:66,(anonymous_6)
FN:78,(anonymous_7)
FN:96,(anonymous_8)
FN:103,(anonymous_9)
FN:104,(anonymous_10)
FN:114,(anonymous_11)
FN:115,(anonymous_12)
FN:129,(anonymous_13)
FN:189,(anonymous_14)
FN:201,(anonymous_15)
FN:202,(anonymous_16)
FN:203,(anonymous_17)
FN:232,(anonymous_18)
FN:244,(anonymous_19)
FN:249,(anonymous_20)
FN:253,(anonymous_21)
FN:318,(anonymous_22)
FNF:23
FNH:0
FNDA:0,(anonymous_0)
FNDA:0,(anonymous_1)
FNDA:0,(anonymous_2)
FNDA:0,(anonymous_3)
FNDA:0,(anonymous_4)
FNDA:0,(anonymous_5)
FNDA:0,(anonymous_6)
FNDA:0,(anonymous_7)
FNDA:0,(anonymous_8)
FNDA:0,(anonymous_9)
FNDA:0,(anonymous_10)
FNDA:0,(anonymous_11)
FNDA:0,(anonymous_12)
FNDA:0,(anonymous_13)
FNDA:0,(anonymous_14)
FNDA:0,(anonymous_15)
FNDA:0,(anonymous_16)
FNDA:0,(anonymous_17)
FNDA:0,(anonymous_18)
FNDA:0,(anonymous_19)
FNDA:0,(anonymous_20)
FNDA:0,(anonymous_21)
FNDA:0,(anonymous_22)
DA:6,5
DA:7,5
DA:8,5
DA:12,0
DA:13,0
DA:14,0
DA:15,0
DA:16,0
DA:17,0
DA:24,0
DA:25,0
DA:32,0
DA:39,0
DA:40,0
DA:41,0
DA:42,0
DA:50,0
DA:57,0
DA:58,0
DA:61,0
DA:62,0
DA:65,0
DA:66,0
DA:67,0
DA:68,0
DA:72,0
DA:79,0
DA:80,0
DA:83,0
DA:84,0
DA:85,0
DA:86,0
DA:89,0
DA:90,0
DA:97,0
DA:98,0
DA:102,0
DA:103,0
DA:105,0
DA:106,0
DA:107,0
DA:108,0
DA:110,0
DA:114,0
DA:115,0
DA:117,0
DA:118,0
DA:122,0
DA:123,0
DA:130,0
DA:131,0
DA:134,0
DA:136,0
DA:137,0
DA:140,0
DA:141,0
DA:142,0
DA:143,0
DA:144,0
DA:145,0
DA:146,0
DA:147,0
DA:148,0
DA:149,0
DA:150,0
DA:154,0
DA:155,0
DA:156,0
DA:160,0
DA:161,0
DA:162,0
DA:166,0
DA:167,0
DA:169,0
DA:172,0
DA:173,0
DA:174,0
DA:175,0
DA:176,0
DA:177,0
DA:179,0
DA:182,0
DA:190,0
DA:191,0
DA:192,0
DA:195,0
DA:196,0
DA:197,0
DA:201,0
DA:202,0
DA:203,0
DA:208,0
DA:209,0
DA:210,0
DA:212,0
DA:213,0
DA:214,0
DA:215,0
DA:216,0
DA:217,0
DA:218,0
DA:220,0
DA:223,0
DA:225,0
DA:233,0
DA:236,0
DA:237,0
DA:240,0
DA:241,0
DA:246,0
DA:247,0
DA:250,0
DA:251,0
DA:254,0
DA:255,0
DA:260,0
DA:261,0
DA:263,0
DA:264,0
DA:265,0
DA:266,0
DA:269,0
DA:270,0
DA:272,0
DA:273,0
DA:277,0
DA:278,0
DA:279,0
DA:280,0
DA:283,0
DA:300,0
DA:301,0
DA:302,0
DA:304,0
DA:307,0
DA:308,0
DA:311,0
DA:312,0
DA:319,0
DA:320,0
DA:322,0
DA:323,0
DA:324,0
DA:328,5
LF:144
LH:4
BRDA:11,0,0,0
BRDA:12,1,0,0
BRDA:12,1,1,0
BRDA:14,2,0,0
BRDA:14,2,1,0
BRDA:38,3,0,0
BRDA:41,4,0,0
BRDA:41,4,1,0
BRDA:57,5,0,0
BRDA:57,5,1,0
BRDA:67,6,0,0
BRDA:67,6,1,0
BRDA:79,7,0,0
BRDA:79,7,1,0
BRDA:84,8,0,0
BRDA:84,8,1,0
BRDA:97,9,0,0
BRDA:97,9,1,0
BRDA:108,10,0,0
BRDA:108,10,1,0
BRDA:117,11,0,0
BRDA:117,11,1,0
BRDA:130,12,0,0
BRDA:130,12,1,0
BRDA:140,13,0,0
BRDA:140,13,1,0
BRDA:141,14,0,0
BRDA:141,14,1,0
BRDA:154,15,0,0
BRDA:154,15,1,0
BRDA:154,16,0,0
BRDA:154,16,1,0
BRDA:166,17,0,0
BRDA:166,17,1,0
BRDA:190,18,0,0
BRDA:190,18,1,0
BRDA:212,19,0,0
BRDA:212,19,1,0
BRDA:215,20,0,0
BRDA:215,20,1,0
BRDA:217,21,0,0
BRDA:217,21,1,0
BRDA:236,22,0,0
BRDA:236,22,1,0
BRDA:270,23,0,0
BRDA:270,23,1,0
BRDA:279,24,0,0
BRDA:279,24,1,0
BRDA:286,25,0,0
BRDA:286,25,1,0
BRF:50
BRH:0
end_of_record
TN:
SF:lib/api/agent-helpers.js
FN:11,getAgentsByExecutionId
FN:19,(anonymous_1)
FNF:2
FNH:0
FNDA:0,getAgentsByExecutionId
FNDA:0,(anonymous_1)
DA:5,0
DA:6,0
DA:12,0
DA:13,0
DA:15,0
DA:16,0
DA:19,0
DA:20,0
DA:21,0
DA:22,0
DA:23,0
DA:24,0
DA:39,0
DA:42,0
LF:14
LH:0
BRDA:15,0,0,0
BRDA:15,0,1,0
BRDA:23,1,0,0
BRDA:23,1,1,0
BRF:4
BRH:0
end_of_record
TN:
SF:lib/api/server.js
FN:23,(anonymous_0)
FN:61,(anonymous_1)
FN:68,(anonymous_2)
FN:75,(anonymous_3)
FN:76,(anonymous_4)
FN:77,(anonymous_5)
FN:86,(anonymous_6)
FN:90,(anonymous_7)
FN:101,(anonymous_8)
FN:111,(anonymous_9)
FNF:10
FNH:0
FNDA:0,(anonymous_0)
FNDA:0,(anonymous_1)
FNDA:0,(anonymous_2)
FNDA:0,(anonymous_3)
FNDA:0,(anonymous_4)
FNDA:0,(anonymous_5)
FNDA:0,(anonymous_6)
FNDA:0,(anonymous_7)
FNDA:0,(anonymous_8)
FNDA:0,(anonymous_9)
DA:6,0
DA:7,0
DA:8,0
DA:9,0
DA:10,0
DA:11,0
DA:12,0
DA:13,0
DA:14,0
DA:15,0
DA:16,0
DA:17,0
DA:18,0
DA:19,0
DA:20,0
DA:24,0
DA:25,0
DA:26,0
DA:27,0
DA:30,0
DA:33,0
DA:34,0
DA:37,0
DA:38,0
DA:45,0
DA:46,0
DA:47,0
DA:48,0
DA:49,0
DA:50,0
DA:51,0
DA:52,0
DA:53,0
DA:55,0
DA:62,0
DA:69,0
DA:76,0
DA:77,0
DA:78,0
DA:79,0
DA:80,0
DA:81,0
DA:86,0
DA:87,0
DA:90,0
DA:91,0
DA:92,0
DA:95,0
DA:102,0
DA:103,0
DA:104,0
DA:112,0
DA:113,0
DA:114,0
DA:117,0
DA:118,0
DA:119,0
DA:121,0
DA:122,0
DA:123,0
DA:124,0
DA:128,0
DA:129,0
DA:130,0
DA:134,0
DA:135,0
DA:136,0
DA:137,0
DA:138,0
DA:139,0
DA:140,0
DA:141,0
DA:142,0
DA:143,0
DA:144,0
DA:145,0
DA:146,0
DA:147,0
DA:148,0
DA:149,0
DA:150,0
DA:151,0
DA:152,0
DA:153,0
DA:154,0
DA:155,0
DA:156,0
DA:157,0
DA:158,0
DA:159,0
DA:160,0
DA:161,0
DA:162,0
DA:163,0
DA:164,0
DA:165,0
DA:166,0
DA:167,0
DA:168,0
DA:169,0
DA:170,0
DA:171,0
DA:172,0
DA:173,0
DA:174,0
DA:175,0
DA:176,0
DA:177,0
DA:178,0
DA:179,0
DA:181,0
DA:183,0
DA:184,0
DA:185,0
DA:186,0
DA:187,0
DA:188,0
DA:189,0
DA:190,0
DA:192,0
DA:194,0
DA:195,0
DA:196,0
DA:197,0
DA:199,0
DA:201,0
DA:203,0
DA:204,0
DA:205,0
DA:207,0
DA:209,0
DA:210,0
DA:211,0
DA:212,0
DA:213,0
DA:214,0
DA:215,0
DA:216,0
DA:218,0
DA:219,0
DA:222,0
DA:223,0
DA:224,0
DA:229,0
LF:144
LH:0
BRDA:23,0,0,0
BRDA:24,1,0,0
BRDA:24,1,1,0
BRDA:25,2,0,0
BRDA:25,2,1,0
BRDA:33,3,0,0
BRDA:33,3,1,0
BRDA:79,4,0,0
BRDA:79,4,1,0
BRDA:102,5,0,0
BRDA:102,5,1,0
BRDA:121,6,0,0
BRDA:121,6,1,0
BRDA:128,7,0,0
BRDA:128,7,1,0
BRDA:135,8,0,0
BRDA:135,8,1,0
BRDA:135,9,0,0
BRDA:135,9,1,0
BRDA:137,10,0,0
BRDA:137,10,1,0
BRDA:137,11,0,0
BRDA:137,11,1,0
BRDA:139,12,0,0
BRDA:139,12,1,0
BRDA:139,13,0,0
BRDA:139,13,1,0
BRDA:139,13,2,0
BRDA:141,14,0,0
BRDA:141,14,1,0
BRDA:141,15,0,0
BRDA:141,15,1,0
BRDA:143,16,0,0
BRDA:143,16,1,0
BRDA:143,17,0,0
BRDA:143,17,1,0
BRDA:143,17,2,0
BRDA:145,18,0,0
BRDA:145,18,1,0
BRDA:145,19,0,0
BRDA:145,19,1,0
BRDA:145,19,2,0
BRDA:147,20,0,0
BRDA:147,20,1,0
BRDA:147,21,0,0
BRDA:147,21,1,0
BRDA:149,22,0,0
BRDA:149,22,1,0
BRDA:149,23,0,0
BRDA:149,23,1,0
BRDA:151,24,0,0
BRDA:151,24,1,0
BRDA:151,25,0,0
BRDA:151,25,1,0
BRDA:153,26,0,0
BRDA:153,26,1,0
BRDA:153,27,0,0
BRDA:153,27,1,0
BRDA:153,27,2,0
BRDA:155,28,0,0
BRDA:155,28,1,0
BRDA:155,29,0,0
BRDA:155,29,1,0
BRDA:157,30,0,0
BRDA:157,30,1,0
BRDA:157,31,0,0
BRDA:157,31,1,0
BRDA:157,31,2,0
BRDA:159,32,0,0
BRDA:159,32,1,0
BRDA:159,33,0,0
BRDA:159,33,1,0
BRDA:159,33,2,0
BRDA:161,34,0,0
BRDA:161,34,1,0
BRDA:161,35,0,0
BRDA:161,35,1,0
BRDA:161,35,2,0
BRDA:163,36,0,0
BRDA:163,36,1,0
BRDA:163,37,0,0
BRDA:163,37,1,0
BRDA:165,38,0,0
BRDA:165,38,1,0
BRDA:165,39,0,0
BRDA:165,39,1,0
BRDA:167,40,0,0
BRDA:167,40,1,0
BRDA:167,41,0,0
BRDA:167,41,1,0
BRDA:167,41,2,0
BRDA:169,42,0,0
BRDA:169,42,1,0
BRDA:169,43,0,0
BRDA:169,43,1,0
BRDA:171,44,0,0
BRDA:171,44,1,0
BRDA:171,45,0,0
BRDA:171,45,1,0
BRDA:172,46,0,0
BRDA:172,46,1,0
BRDA:174,47,0,0
BRDA:174,47,1,0
BRDA:176,48,0,0
BRDA:176,48,1,0
BRDA:178,49,0,0
BRDA:178,49,1,0
BRDA:183,50,0,0
BRDA:183,50,1,0
BRDA:183,51,0,0
BRDA:183,51,1,0
BRDA:185,52,0,0
BRDA:185,52,1,0
BRDA:187,53,0,0
BRDA:187,53,1,0
BRDA:189,54,0,0
BRDA:189,54,1,0
BRDA:194,55,0,0
BRDA:194,55,1,0
BRDA:194,56,0,0
BRDA:194,56,1,0
BRDA:195,57,0,0
BRDA:195,57,1,0
BRDA:197,58,0,0
BRDA:197,58,1,0
BRDA:203,59,0,0
BRDA:203,59,1,0
BRDA:203,60,0,0
BRDA:203,60,1,0
BRDA:204,61,0,0
BRDA:204,61,1,0
BRDA:209,62,0,0
BRDA:209,62,1,0
BRDA:209,63,0,0
BRDA:209,63,1,0
BRDA:211,64,0,0
BRDA:211,64,1,0
BRDA:211,65,0,0
BRDA:211,65,1,0
BRDA:211,65,2,0
BRDA:213,66,0,0
BRDA:213,66,1,0
BRDA:213,67,0,0
BRDA:213,67,1,0
BRDA:215,68,0,0
BRDA:215,68,1,0
BRDA:215,69,0,0
BRDA:215,69,1,0
BRF:148
BRH:0
end_of_record
TN:
SF:lib/api/utils.js
FN:14,loadEnvFile
FN:60,validateApiKeys
FNF:2
FNH:0
FNDA:0,loadEnvFile
FNDA:0,validateApiKeys
DA:5,0
DA:6,0
DA:15,0
DA:16,0
DA:17,0
DA:18,0
DA:21,0
DA:22,0
DA:24,0
DA:25,0
DA:26,0
DA:27,0
DA:30,0
DA:31,0
DA:32,0
DA:35,0
DA:36,0
DA:39,0
DA:43,0
DA:46,0
DA:47,0
DA:51,0
DA:62,0
DA:63,0
DA:66,0
DA:68,0
DA:69,0
DA:72,0
DA:73,0
DA:76,0
DA:77,0
DA:78,0
DA:95,0
DA:96,0
DA:98,0
DA:101,0
LF:36
LH:0
BRDA:17,0,0,0
BRDA:17,0,1,0
BRDA:26,1,0,0
BRDA:26,1,1,0
BRDA:26,2,0,0
BRDA:26,2,1,0
BRDA:31,3,0,0
BRDA:31,3,1,0
BRDA:39,4,0,0
BRDA:39,4,1,0
BRDA:40,5,0,0
BRDA:40,5,1,0
BRDA:40,5,2,0
BRDA:40,5,3,0
BRDA:46,6,0,0
BRDA:46,6,1,0
BRDA:46,7,0,0
BRDA:46,7,1,0
BRDA:60,8,0,0
BRDA:62,9,0,0
BRDA:62,9,1,0
BRDA:62,10,0,0
BRDA:62,10,1,0
BRDA:68,11,0,0
BRDA:68,11,1,0
BRDA:72,12,0,0
BRDA:72,12,1,0
BRDA:76,13,0,0
BRDA:76,13,1,0
BRF:29
BRH:0
end_of_record
TN:
SF:lib/api/routes/agents.js
FN:12,createAgentRoutes
FN:17,(anonymous_1)
FN:23,(anonymous_2)
FN:24,(anonymous_3)
FN:94,(anonymous_4)
FN:155,(anonymous_5)
FN:161,(anonymous_6)
FN:165,(anonymous_7)
FN:207,(anonymous_8)
FN:207,(anonymous_9)
FN:207,(anonymous_10)
FN:245,(anonymous_11)
FN:246,(anonymous_12)
FN:247,(anonymous_13)
FNF:14
FNH:0
FNDA:0,createAgentRoutes
FNDA:0,(anonymous_1)
FNDA:0,(anonymous_2)
FNDA:0,(anonymous_3)
FNDA:0,(anonymous_4)
FNDA:0,(anonymous_5)
FNDA:0,(anonymous_6)
FNDA:0,(anonymous_7)
FNDA:0,(anonymous_8)
FNDA:0,(anonymous_9)
FNDA:0,(anonymous_10)
FNDA:0,(anonymous_11)
FNDA:0,(anonymous_12)
FNDA:0,(anonymous_13)
DA:5,0
DA:6,0
DA:7,0
DA:13,0
DA:18,0
DA:19,0
DA:21,0
DA:22,0
DA:23,0
DA:25,0
DA:26,0
DA:27,0
DA:28,0
DA:41,0
DA:42,0
DA:43,0
DA:44,0
DA:45,0
DA:46,0
DA:47,0
DA:48,0
DA:50,0
DA:52,0
DA:60,0
DA:61,0
DA:62,0
DA:63,0
DA:71,0
DA:74,0
DA:77,0
DA:79,0
DA:84,0
DA:87,0
DA:88,0
DA:95,0
DA:96,0
DA:97,0
DA:99,0
DA:100,0
DA:101,0
DA:102,0
DA:105,0
DA:108,0
DA:109,0
DA:110,0
DA:111,0
DA:112,0
DA:113,0
DA:118,0
DA:119,0
DA:121,0
DA:122,0
DA:123,0
DA:124,0
DA:126,0
DA:129,0
DA:148,0
DA:149,0
DA:157,0
DA:158,0
DA:160,0
DA:161,0
DA:162,0
DA:165,0
DA:166,0
DA:167,0
DA:168,0
DA:169,0
DA:171,0
DA:172,0
DA:173,0
DA:174,0
DA:177,0
DA:180,0
DA:181,0
DA:184,0
DA:185,0
DA:186,0
DA:188,0
DA:189,0
DA:191,0
DA:192,0
DA:197,0
DA:198,0
DA:199,0
DA:200,0
DA:201,0
DA:202,0
DA:204,0
DA:205,0
DA:210,0
DA:211,0
DA:212,0
DA:221,0
DA:222,0
DA:225,0
DA:226,0
DA:227,0
DA:228,0
DA:230,0
DA:231,0
DA:235,0
DA:245,0
DA:246,0
DA:247,0
DA:252,0
DA:253,0
DA:254,0
DA:261,0
DA:262,0
DA:265,0
DA:266,0
DA:273,0
LF:113
LH:0
BRDA:21,0,0,0
BRDA:21,0,1,0
BRDA:30,1,0,0
BRDA:30,1,1,0
BRDA:31,2,0,0
BRDA:31,2,1,0
BRDA:34,3,0,0
BRDA:34,3,1,0
BRDA:41,4,0,0
BRDA:41,4,1,0
BRDA:42,5,0,0
BRDA:42,5,1,0
BRDA:43,6,0,0
BRDA:43,6,1,0
BRDA:45,7,0,0
BRDA:45,7,1,0
BRDA:46,8,0,0
BRDA:46,8,1,0
BRDA:47,9,0,0
BRDA:47,9,1,0
BRDA:48,10,0,0
BRDA:48,10,1,0
BRDA:50,11,0,0
BRDA:50,11,1,0
BRDA:60,12,0,0
BRDA:60,12,1,0
BRDA:62,13,0,0
BRDA:62,13,1,0
BRDA:71,14,0,0
BRDA:71,14,1,0
BRDA:74,15,0,0
BRDA:74,15,1,0
BRDA:99,16,0,0
BRDA:99,16,1,0
BRDA:110,17,0,0
BRDA:110,17,1,0
BRDA:112,18,0,0
BRDA:112,18,1,0
BRDA:118,19,0,0
BRDA:118,19,1,0
BRDA:119,20,0,0
BRDA:119,20,1,0
BRDA:121,21,0,0
BRDA:121,21,1,0
BRDA:122,22,0,0
BRDA:122,22,1,0
BRDA:123,23,0,0
BRDA:123,23,1,0
BRDA:124,24,0,0
BRDA:124,24,1,0
BRDA:126,25,0,0
BRDA:126,25,1,0
BRDA:132,26,0,0
BRDA:132,26,1,0
BRDA:140,27,0,0
BRDA:140,27,1,0
BRDA:167,28,0,0
BRDA:167,28,1,0
BRDA:171,29,0,0
BRDA:171,29,1,0
BRDA:184,30,0,0
BRDA:184,30,1,0
BRDA:188,31,0,0
BRDA:188,31,1,0
BRDA:191,32,0,0
BRDA:191,32,1,0
BRDA:197,33,0,0
BRDA:197,33,1,0
BRDA:197,34,0,0
BRDA:197,34,1,0
BRDA:204,35,0,0
BRDA:204,35,1,0
BRDA:210,36,0,0
BRDA:210,36,1,0
BRDA:210,37,0,0
BRDA:210,37,1,0
BRDA:211,38,0,0
BRDA:211,38,1,0
BRDA:212,39,0,0
BRDA:212,39,1,0
BRDA:221,40,0,0
BRDA:221,40,1,0
BRDA:222,41,0,0
BRDA:222,41,1,0
BRDA:230,42,0,0
BRDA:230,42,1,0
BRDA:240,43,0,0
BRDA:240,43,1,0
BRDA:252,44,0,0
BRDA:252,44,1,0
BRDA:262,45,0,0
BRDA:262,45,1,0
BRF:92
BRH:0
end_of_record
TN:
SF:lib/api/routes/decisions.js
FN:8,createDecisionRoutes
FN:13,(anonymous_1)
FN:15,(anonymous_2)
FN:34,(anonymous_3)
FN:53,(anonymous_4)
FN:55,(anonymous_5)
FN:60,(anonymous_6)
FN:64,(anonymous_7)
FN:128,(anonymous_8)
FNF:9
FNH:0
FNDA:0,createDecisionRoutes
FNDA:0,(anonymous_1)
FNDA:0,(anonymous_2)
FNDA:0,(anonymous_3)
FNDA:0,(anonymous_4)
FNDA:0,(anonymous_5)
FNDA:0,(anonymous_6)
FNDA:0,(anonymous_7)
FNDA:0,(anonymous_8)
DA:9,0
DA:15,0
DA:17,0
DA:19,0
DA:20,0
DA:21,0
DA:22,0
DA:25,0
DA:27,0
DA:28,0
DA:35,0
DA:36,0
DA:38,0
DA:40,0
DA:41,0
DA:42,0
DA:43,0
DA:46,0
DA:47,0
DA:55,0
DA:57,0
DA:59,0
DA:60,0
DA:61,0
DA:64,0
DA:65,0
DA:66,0
DA:68,0
DA:69,0
DA:71,0
DA:72,0
DA:73,0
DA:74,0
DA:78,0
DA:79,0
DA:80,0
DA:81,0
DA:82,0
DA:85,0
DA:86,0
DA:87,0
DA:88,0
DA:92,0
DA:93,0
DA:95,0
DA:101,0
DA:102,0
DA:104,0
DA:105,0
DA:106,0
DA:107,0
DA:109,0
DA:110,0
DA:115,0
DA:116,0
DA:117,0
DA:118,0
DA:119,0
DA:123,0
DA:129,0
DA:131,0
DA:138,0
DA:139,0
DA:141,0
DA:142,0
DA:143,0
DA:150,0
LF:67
LH:0
BRDA:19,0,0,0
BRDA:19,0,1,0
BRDA:25,1,0,0
BRDA:25,1,1,0
BRDA:40,2,0,0
BRDA:40,2,1,0
BRDA:69,3,0,0
BRDA:69,3,1,0
BRDA:71,4,0,0
BRDA:71,4,1,0
BRDA:71,5,0,0
BRDA:71,5,1,0
BRDA:79,6,0,0
BRDA:79,6,1,0
BRDA:85,7,0,0
BRDA:85,7,1,0
BRDA:102,8,0,0
BRDA:102,8,1,0
BRDA:102,9,0,0
BRDA:102,9,1,0
BRDA:104,10,0,0
BRDA:104,10,1,0
BRDA:105,11,0,0
BRDA:105,11,1,0
BRDA:116,12,0,0
BRDA:116,12,1,0
BRF:26
BRH:0
end_of_record
TN:
SF:lib/api/routes/executions.js
FN:11,createExecutionRoutes
FN:16,(anonymous_1)
FN:21,(anonymous_2)
FN:48,(anonymous_3)
FN:144,(anonymous_4)
FN:166,(anonymous_5)
FNF:6
FNH:0
FNDA:0,createExecutionRoutes
FNDA:0,(anonymous_1)
FNDA:0,(anonymous_2)
FNDA:0,(anonymous_3)
FNDA:0,(anonymous_4)
FNDA:0,(anonymous_5)
DA:5,0
DA:6,0
DA:12,0
DA:17,0
DA:18,0
DA:21,0
DA:22,0
DA:23,0
DA:24,0
DA:37,0
DA:38,0
DA:40,0
DA:41,0
DA:49,0
DA:50,0
DA:52,0
DA:53,0
DA:54,0
DA:55,0
DA:57,0
DA:58,0
DA:60,0
DA:61,0
DA:62,0
DA:63,0
DA:67,0
DA:70,0
DA:71,0
DA:76,0
DA:78,0
DA:79,0
DA:80,0
DA:83,0
DA:84,0
DA:85,0
DA:87,0
DA:88,0
DA:89,0
DA:90,0
DA:91,0
DA:93,0
DA:98,0
DA:99,0
DA:100,0
DA:104,0
DA:105,0
DA:106,0
DA:107,0
DA:111,0
DA:116,0
DA:117,0
DA:122,0
DA:124,0
DA:125,0
DA:144,0
DA:158,0
DA:159,0
DA:167,0
DA:168,0
DA:169,0
DA:171,0
DA:172,0
DA:173,0
DA:174,0
DA:175,0
DA:178,0
DA:179,0
DA:180,0
DA:181,0
DA:182,0
DA:185,0
DA:186,0
DA:187,0
DA:188,0
DA:189,0
DA:190,0
DA:193,0
DA:194,0
DA:196,0
DA:198,0
DA:199,0
DA:206,0
DA:207,0
DA:213,0
LF:84
LH:0
BRDA:18,0,0,0
BRDA:18,0,1,0
BRDA:26,1,0,0
BRDA:26,1,1,0
BRDA:32,2,0,0
BRDA:32,2,1,0
BRDA:53,3,0,0
BRDA:53,3,1,0
BRDA:58,4,0,0
BRDA:58,4,1,0
BRDA:60,5,0,0
BRDA:60,5,1,0
BRDA:67,6,0,0
BRDA:67,6,1,0
BRDA:71,7,0,0
BRDA:71,7,1,0
BRDA:71,8,0,0
BRDA:71,8,1,0
BRDA:72,9,0,0
BRDA:72,9,1,0
BRDA:73,10,0,0
BRDA:73,10,1,0
BRDA:76,11,0,0
BRDA:76,11,1,0
BRDA:76,11,2,0
BRDA:76,11,3,0
BRDA:76,11,4,0
BRDA:78,12,0,0
BRDA:78,12,1,0
BRDA:78,13,0,0
BRDA:78,13,1,0
BRDA:78,13,2,0
BRDA:78,13,3,0
BRDA:80,14,0,0
BRDA:80,14,1,0
BRDA:83,15,0,0
BRDA:83,15,1,0
BRDA:87,16,0,0
BRDA:87,16,1,0
BRDA:98,17,0,0
BRDA:98,17,1,0
BRDA:98,18,0,0
BRDA:98,18,1,0
BRDA:104,19,0,0
BRDA:104,19,1,0
BRDA:104,20,0,0
BRDA:104,20,1,0
BRDA:104,20,2,0
BRDA:104,20,3,0
BRDA:105,21,0,0
BRDA:105,21,1,0
BRDA:112,22,0,0
BRDA:112,22,1,0
BRDA:131,23,0,0
BRDA:131,23,1,0
BRDA:131,23,2,0
BRDA:139,24,0,0
BRDA:139,24,1,0
BRDA:146,25,0,0
BRDA:146,25,1,0
BRDA:151,26,0,0
BRDA:151,26,1,0
BRDA:151,27,0,0
BRDA:151,27,1,0
BRDA:172,28,0,0
BRDA:172,28,1,0
BRDA:178,29,0,0
BRDA:178,29,1,0
BRDA:178,29,2,0
BRDA:179,30,0,0
BRDA:179,30,1,0
BRDA:187,31,0,0
BRDA:187,31,1,0
BRDA:187,32,0,0
BRDA:187,32,1,0
BRDA:194,33,0,0
BRDA:194,33,1,0
BRF:77
BRH:0
end_of_record
TN:
SF:lib/api/routes/library.js
FN:14,createLibraryRoutes
FN:19,(anonymous_1)
FN:46,(anonymous_2)
FN:51,(anonymous_3)
FN:60,(anonymous_4)
FN:88,(anonymous_5)
FN:101,(anonymous_6)
FN:122,(anonymous_7)
FN:132,(anonymous_8)
FN:151,(anonymous_9)
FN:154,(anonymous_10)
FNF:11
FNH:0
FNDA:0,createLibraryRoutes
FNDA:0,(anonymous_1)
FNDA:0,(anonymous_2)
FNDA:0,(anonymous_3)
FNDA:0,(anonymous_4)
FNDA:0,(anonymous_5)
FNDA:0,(anonymous_6)
FNDA:0,(anonymous_7)
FNDA:0,(anonymous_8)
FNDA:0,(anonymous_9)
FNDA:0,(anonymous_10)
DA:5,0
DA:6,0
DA:7,0
DA:8,0
DA:9,0
DA:15,0
DA:20,0
DA:21,0
DA:22,0
DA:24,0
DA:25,0
DA:27,0
DA:29,0
DA:30,0
DA:33,0
DA:34,0
DA:35,0
DA:39,0
DA:40,0
DA:48,0
DA:51,0
DA:53,0
DA:54,0
DA:61,0
DA:62,0
DA:64,0
DA:65,0
DA:67,0
DA:68,0
DA:69,0
DA:70,0
DA:71,0
DA:74,0
DA:75,0
DA:77,0
DA:78,0
DA:89,0
DA:90,0
DA:92,0
DA:94,0
DA:95,0
DA:102,0
DA:103,0
DA:104,0
DA:105,0
DA:107,0
DA:109,0
DA:110,0
DA:111,0
DA:112,0
DA:115,0
DA:116,0
DA:123,0
DA:125,0
DA:126,0
DA:133,0
DA:134,0
DA:136,0
DA:138,0
DA:139,0
DA:140,0
DA:141,0
DA:144,0
DA:145,0
DA:153,0
DA:154,0
DA:157,0
DA:158,0
DA:159,0
DA:160,0
DA:161,0
DA:165,0
DA:166,0
DA:168,0
DA:170,0
DA:171,0
DA:172,0
DA:173,0
DA:177,0
DA:178,0
DA:179,0
DA:180,0
DA:181,0
DA:185,0
DA:186,0
DA:187,0
DA:188,0
DA:192,0
DA:198,0
DA:206,0
DA:207,0
DA:219,0
LF:92
LH:0
BRDA:21,0,0,0
BRDA:21,0,1,0
BRDA:22,1,0,0
BRDA:22,1,1,0
BRDA:25,2,0,0
BRDA:25,2,1,0
BRDA:29,3,0,0
BRDA:29,3,1,0
BRDA:65,4,0,0
BRDA:65,4,1,0
BRDA:68,5,0,0
BRDA:68,5,1,0
BRDA:80,6,0,0
BRDA:80,6,1,0
BRDA:90,7,0,0
BRDA:90,7,1,0
BRDA:105,8,0,0
BRDA:105,8,1,0
BRDA:109,9,0,0
BRDA:109,9,1,0
BRDA:138,10,0,0
BRDA:138,10,1,0
BRDA:158,11,0,0
BRDA:158,11,1,0
BRDA:158,12,0,0
BRDA:158,12,1,0
BRDA:170,13,0,0
BRDA:170,13,1,0
BRDA:178,14,0,0
BRDA:178,14,1,0
BRDA:186,15,0,0
BRDA:186,15,1,0
BRDA:209,16,0,0
BRDA:209,16,1,0
BRF:34
BRH:0
end_of_record
TN:
SF:lib/api/routes/repo-status.js
FN:12,createRepoStatusRoutes
FN:18,(anonymous_1)
FN:27,(anonymous_2)
FN:27,(anonymous_3)
FN:27,(anonymous_4)
FN:68,(anonymous_5)
FN:68,(anonymous_6)
FN:68,(anonymous_7)
FN:82,(anonymous_8)
FN:134,(anonymous_9)
FNF:10
FNH:0
FNDA:0,createRepoStatusRoutes
FNDA:0,(anonymous_1)
FNDA:0,(anonymous_2)
FNDA:0,(anonymous_3)
FNDA:0,(anonymous_4)
FNDA:0,(anonymous_5)
FNDA:0,(anonymous_6)
FNDA:0,(anonymous_7)
FNDA:0,(anonymous_8)
FNDA:0,(anonymous_9)
DA:5,0
DA:6,0
DA:7,0
DA:13,0
DA:19,0
DA:20,0
DA:21,0
DA:24,0
DA:25,0
DA:30,0
DA:31,0
DA:32,0
DA:36,0
DA:40,0
DA:41,0
DA:42,0
DA:44,0
DA:45,0
DA:48,0
DA:49,0
DA:50,0
DA:54,0
DA:55,0
DA:56,0
DA:61,0
DA:62,0
DA:63,0
DA:64,0
DA:65,0
DA:66,0
DA:71,0
DA:72,0
DA:73,0
DA:79,0
DA:80,0
DA:81,0
DA:82,0
DA:83,0
DA:84,0
DA:85,0
DA:88,0
DA:92,0
DA:94,0
DA:95,0
DA:96,0
DA:97,0
DA:98,0
DA:99,0
DA:104,0
DA:105,0
DA:106,0
DA:107,0
DA:108,0
DA:109,0
DA:112,0
DA:134,0
DA:135,0
DA:136,0
DA:137,0
DA:140,0
DA:141,0
DA:167,0
DA:168,0
DA:169,0
DA:175,0
LF:65
LH:0
BRDA:30,0,0,0
BRDA:30,0,1,0
BRDA:30,1,0,0
BRDA:30,1,1,0
BRDA:44,2,0,0
[...]
FNDA:0,setStageStatus
FNDA:0,getVersionStages
FNDA:0,(anonymous_3)
FNDA:0,validateStage
FNDA:0,(anonymous_5)
FNDA:0,(anonymous_6)
DA:5,5
DA:6,5
DA:7,5
DA:18,0
DA:19,0
DA:22,0
DA:23,0
DA:24,0
DA:25,0
DA:27,0
DA:32,0
DA:33,0
DA:34,0
DA:35,0
DA:39,0
DA:40,0
DA:52,0
DA:53,0
DA:54,0
DA:58,0
DA:59,0
DA:62,0
DA:63,0
DA:72,0
DA:73,0
DA:74,0
DA:76,0
DA:77,0
DA:79,0
DA:80,0
DA:81,0
DA:82,0
DA:83,0
DA:86,0
DA:97,0
DA:98,0
DA:114,0
DA:115,0
DA:116,0
DA:122,0
DA:123,0
DA:130,0
DA:131,0
DA:133,0
DA:136,0
DA:140,5
LF:46
LH:4
BRDA:17,0,0,0
BRDA:17,1,0,0
BRDA:19,2,0,0
BRDA:19,2,1,0
BRDA:23,3,0,0
BRDA:23,3,1,0
BRDA:34,4,0,0
BRDA:34,4,1,0
BRDA:34,5,0,0
BRDA:34,5,1,0
BRDA:34,5,2,0
BRDA:35,6,0,0
BRDA:35,6,1,0
BRDA:40,7,0,0
BRDA:40,7,1,0
BRDA:51,8,0,0
BRDA:51,9,0,0
BRDA:53,10,0,0
BRDA:53,10,1,0
BRDA:63,11,0,0
BRDA:63,11,1,0
BRDA:73,12,0,0
BRDA:73,12,1,0
BRDA:76,13,0,0
BRDA:76,13,1,0
BRDA:80,14,0,0
BRDA:80,14,1,0
BRDA:82,15,0,0
BRDA:82,15,1,0
BRDA:96,16,0,0
BRDA:96,17,0,0
BRDA:113,18,0,0
BRDA:113,19,0,0
BRDA:115,20,0,0
BRDA:115,20,1,0
BRDA:130,21,0,0
BRDA:130,21,1,0
BRF:37
BRH:0
end_of_record
TN:
SF:lib/workflow/engine.js
FN:16,(anonymous_0)
FN:45,(anonymous_1)
FN:49,(anonymous_2)
FN:53,(anonymous_3)
FN:57,(anonymous_4)
FN:61,(anonymous_5)
FN:66,(anonymous_6)
FN:70,(anonymous_7)
FN:74,(anonymous_8)
FN:79,(anonymous_9)
FN:83,(anonymous_10)
FN:87,(anonymous_11)
FN:92,(anonymous_12)
FN:96,(anonymous_13)
FN:100,(anonymous_14)
FN:105,(anonymous_15)
FN:109,(anonymous_16)
FN:114,(anonymous_17)
FN:118,(anonymous_18)
FN:123,(anonymous_19)
FN:128,(anonymous_20)
FN:132,(anonymous_21)
FN:137,(anonymous_22)
FN:156,(anonymous_23)
FNF:24
FNH:4
FNDA:32,(anonymous_0)
FNDA:0,(anonymous_1)
FNDA:0,(anonymous_2)
FNDA:0,(anonymous_3)
FNDA:0,(anonymous_4)
FNDA:0,(anonymous_5)
FNDA:0,(anonymous_6)
FNDA:0,(anonymous_7)
FNDA:0,(anonymous_8)
FNDA:0,(anonymous_9)
FNDA:14,(anonymous_10)
FNDA:12,(anonymous_11)
FNDA:0,(anonymous_12)
FNDA:0,(anonymous_13)
FNDA:3,(anonymous_14)
FNDA:0,(anonymous_15)
FNDA:0,(anonymous_16)
FNDA:0,(anonymous_17)
FNDA:0,(anonymous_18)
FNDA:0,(anonymous_19)
FNDA:0,(anonymous_20)
FNDA:0,(anonymous_21)
FNDA:0,(anonymous_22)
FNDA:0,(anonymous_23)
DA:5,5
DA:6,5
DA:7,5
DA:8,5
DA:9,5
DA:10,5
DA:11,5
DA:12,5
DA:13,5
DA:17,32
DA:18,32
DA:19,32
DA:20,32
DA:23,32
DA:24,32
DA:25,32
DA:28,32
DA:29,30
DA:33,32
DA:34,32
DA:35,32
DA:36,32
DA:37,32
DA:40,32
DA:41,32
DA:46,0
DA:50,0
DA:54,0
DA:58,0
DA:62,0
DA:67,0
DA:71,0
DA:75,0
DA:80,0
DA:84,14
DA:88,12
DA:93,0
DA:97,0
DA:101,3
DA:106,0
DA:110,0
DA:114,0
DA:118,0
DA:124,0
DA:128,0
DA:133,0
DA:138,0
DA:139,0
DA:140,0
DA:143,0
DA:144,0
DA:146,0
DA:157,0
DA:161,5
LF:54
LH:29
BRDA:16,0,0,0
BRDA:17,1,0,32
BRDA:17,1,1,0
BRDA:18,2,0,32
BRDA:18,2,1,32
BRDA:19,3,0,32
BRDA:19,3,1,32
BRDA:20,4,0,32
BRDA:20,4,1,31
BRDA:23,5,0,32
BRDA:23,5,1,2
BRDA:24,6,0,32
BRDA:24,6,1,2
BRDA:28,7,0,30
BRDA:28,7,1,2
BRDA:66,8,0,0
BRDA:66,9,0,0
BRDA:70,10,0,0
BRDA:74,11,0,0
BRDA:139,12,0,0
BRDA:139,12,1,0
BRF:21
BRH:13
end_of_record
TN:
SF:lib/workflow/executor.js
FN:8,createWorkflowExecutor
FN:13,(anonymous_1)
FN:30,(anonymous_2)
FN:30,(anonymous_3)
FN:30,(anonymous_4)
FN:118,(anonymous_5)
FN:171,(anonymous_6)
FN:175,(anonymous_7)
FN:200,(anonymous_8)
FN:230,(anonymous_9)
FN:240,(anonymous_10)
FN:244,(anonymous_11)
FN:315,(anonymous_12)
FN:331,(anonymous_13)
FN:339,(anonymous_14)
FN:382,(anonymous_15)
FN:386,(anonymous_16)
FN:430,(anonymous_17)
FN:434,(anonymous_18)
FNF:19
FNH:1
FNDA:32,createWorkflowExecutor
FNDA:0,(anonymous_1)
FNDA:0,(anonymous_2)
FNDA:0,(anonymous_3)
FNDA:0,(anonymous_4)
FNDA:0,(anonymous_5)
FNDA:0,(anonymous_6)
FNDA:0,(anonymous_7)
FNDA:0,(anonymous_8)
FNDA:0,(anonymous_9)
FNDA:0,(anonymous_10)
FNDA:0,(anonymous_11)
FNDA:0,(anonymous_12)
FNDA:0,(anonymous_13)
FNDA:0,(anonymous_14)
FNDA:0,(anonymous_15)
FNDA:0,(anonymous_16)
FNDA:0,(anonymous_17)
FNDA:0,(anonymous_18)
DA:9,32
DA:15,0
DA:16,0
DA:17,0
DA:21,0
DA:22,0
DA:23,0
DA:24,0
DA:25,0
DA:26,0
DA:27,0
DA:28,0
DA:32,0
DA:33,0
DA:42,0
DA:51,0
DA:52,0
DA:53,0
DA:62,0
DA:65,0
DA:66,0
DA:67,0
DA:69,0
DA:71,0
DA:72,0
DA:76,0
DA:77,0
DA:78,0
DA:79,0
DA:80,0
DA:81,0
DA:83,0
DA:90,0
DA:98,0
DA:104,0
DA:105,0
DA:108,0
DA:119,0
DA:129,0
DA:131,0
DA:132,0
DA:137,0
DA:140,0
DA:148,0
DA:150,0
DA:157,0
DA:161,0
DA:167,0
DA:171,0
DA:175,0
DA:183,0
DA:184,0
DA:187,0
DA:189,0
DA:202,0
DA:203,0
DA:204,0
DA:207,0
DA:208,0
DA:209,0
DA:213,0
DA:224,0
DA:225,0
DA:227,0
DA:228,0
DA:230,0
DA:231,0
DA:232,0
DA:234,0
DA:235,0
DA:236,0
DA:240,0
DA:244,0
DA:251,0
DA:253,0
DA:254,0
DA:255,0
DA:257,0
DA:265,0
DA:266,0
DA:270,0
DA:275,0
DA:278,0
DA:286,0
DA:298,0
DA:303,0
DA:305,0
DA:317,0
DA:324,0
DA:325,0
DA:327,0
DA:328,0
DA:331,0
DA:333,0
DA:334,0
DA:338,0
DA:339,0
DA:341,0
DA:342,0
DA:343,0
DA:344,0
DA:345,0
DA:346,0
DA:348,0
DA:356,0
DA:368,0
DA:378,0
DA:382,0
DA:386,0
DA:393,0
DA:394,0
DA:399,0
DA:402,0
DA:410,0
DA:411,0
DA:416,0
DA:420,0
DA:426,0
DA:430,0
DA:434,0
DA:442,0
DA:443,0
DA:444,0
DA:446,0
DA:457,5
LF:125
LH:2
BRDA:13,0,0,0
BRDA:13,1,0,0
BRDA:16,2,0,0
BRDA:16,2,1,0
BRDA:21,3,0,0
BRDA:21,3,1,0
BRDA:22,4,0,0
BRDA:22,4,1,0
BRDA:25,5,0,0
BRDA:25,5,1,0
BRDA:27,6,0,0
BRDA:27,6,1,0
BRDA:29,7,0,0
BRDA:29,7,1,0
BRDA:32,8,0,0
BRDA:32,8,1,0
BRDA:32,9,0,0
BRDA:32,9,1,0
BRDA:45,10,0,0
BRDA:45,10,1,0
BRDA:52,11,0,0
BRDA:52,11,1,0
BRDA:66,12,0,0
BRDA:66,12,1,0
BRDA:78,13,0,0
BRDA:78,13,1,0
BRDA:78,14,0,0
BRDA:78,14,1,0
BRDA:79,15,0,0
BRDA:79,15,1,0
BRDA:80,16,0,0
BRDA:80,16,1,0
BRDA:118,17,0,0
BRDA:148,18,0,0
BRDA:148,18,1,0
BRDA:148,19,0,0
BRDA:148,19,1,0
BRDA:163,20,0,0
BRDA:163,20,1,0
BRDA:200,21,0,0
BRDA:203,22,0,0
BRDA:203,22,1,0
BRDA:207,23,0,0
BRDA:207,23,1,0
BRDA:207,23,2,0
BRDA:208,24,0,0
BRDA:208,24,1,0
BRDA:213,25,0,0
BRDA:213,25,1,0
BRDA:224,26,0,0
BRDA:224,26,1,0
BRDA:227,27,0,0
BRDA:227,27,1,0
BRDA:228,28,0,0
BRDA:228,28,1,0
BRDA:231,29,0,0
BRDA:231,29,1,0
BRDA:235,30,0,0
BRDA:235,30,1,0
BRDA:251,31,0,0
BRDA:251,31,1,0
BRDA:292,32,0,0
BRDA:292,32,1,0
BRDA:325,33,0,0
BRDA:325,33,1,0
BRDA:325,33,2,0
BRDA:327,34,0,0
BRDA:327,34,1,0
BRDA:333,35,0,0
BRDA:333,35,1,0
BRDA:341,36,0,0
BRDA:341,36,1,0
BRDA:342,37,0,0
BRDA:342,37,1,0
BRDA:410,38,0,0
BRDA:410,38,1,0
BRDA:410,39,0,0
BRDA:410,39,1,0
BRDA:422,40,0,0
BRDA:422,40,1,0
BRF:80
BRH:0
end_of_record
TN:
SF:lib/workflow/outcome.js
FN:8,createOutcomeHandler
FN:13,(anonymous_1)
FN:15,(anonymous_2)
FN:16,(anonymous_3)
FN:31,(anonymous_4)
FN:68,(anonymous_5)
FN:115,(anonymous_6)
FN:181,(anonymous_7)
FN:186,(anonymous_8)
FNF:9
FNH:4
FNDA:32,createOutcomeHandler
FNDA:0,(anonymous_1)
FNDA:0,(anonymous_2)
FNDA:0,(anonymous_3)
FNDA:0,(anonymous_4)
FNDA:0,(anonymous_5)
FNDA:14,(anonymous_6)
FNDA:12,(anonymous_7)
FNDA:6,(anonymous_8)
DA:9,32
DA:14,0
DA:15,0
DA:16,0
DA:17,0
DA:18,0
DA:19,0
DA:20,0
DA:22,0
DA:23,0
DA:24,0
DA:25,0
DA:26,0
DA:27,0
DA:28,0
DA:29,0
DA:31,0
DA:32,0
DA:33,0
DA:34,0
DA:35,0
DA:36,0
DA:38,0
DA:42,0
DA:43,0
DA:45,0
DA:46,0
DA:47,0
DA:48,0
DA:49,0
DA:50,0
DA:51,0
DA:52,0
DA:53,0
DA:59,0
DA:62,0
DA:63,0
DA:66,0
DA:67,0
DA:68,0
DA:69,0
DA:70,0
DA:71,0
DA:72,0
DA:73,0
DA:74,0
DA:75,0
DA:77,0
DA:78,0
DA:80,0
DA:81,0
DA:83,0
DA:84,0
DA:85,0
DA:86,0
DA:88,0
DA:91,0
DA:92,0
DA:93,0
DA:94,0
DA:96,0
DA:99,0
DA:100,0
DA:102,0
DA:106,0
DA:107,0
DA:109,0
DA:117,14
DA:118,14
DA:120,14
DA:121,1
DA:125,13
DA:127,12
DA:128,4
DA:132,8
DA:133,1
DA:137,7
DA:138,1
DA:143,7
DA:144,1
DA:147,6
DA:149,1
DA:150,0
DA:152,1
DA:155,5
DA:156,1
DA:159,4
DA:160,1
DA:164,3
DA:165,4
DA:166,4
DA:167,2
DA:169,2
DA:170,0
DA:175,1
DA:182,12
DA:185,12
DA:186,6
DA:188,6
DA:189,6
DA:193,6
DA:194,4
DA:206,12
DA:207,8
DA:209,4
DA:215,4
DA:217,1
DA:223,1
DA:225,1
DA:231,1
DA:235,12
DA:240,5
LF:112
LH:44
BRDA:14,0,0,0
BRDA:14,0,1,0
BRDA:20,1,0,0
BRDA:20,1,1,0
BRDA:20,2,0,0
BRDA:20,2,1,0
BRDA:20,3,0,0
BRDA:20,3,1,0
BRDA:25,4,0,0
BRDA:25,4,1,0
BRDA:25,5,0,0
BRDA:25,5,1,0
BRDA:25,6,0,0
BRDA:25,6,1,0
BRDA:26,7,0,0
BRDA:26,7,1,0
BRDA:26,7,2,0
BRDA:27,8,0,0
BRDA:27,8,1,0
BRDA:29,9,0,0
BRDA:29,9,1,0
BRDA:29,10,0,0
BRDA:29,10,1,0
BRDA:32,11,0,0
BRDA:32,11,1,0
BRDA:35,12,0,0
BRDA:35,12,1,0
BRDA:43,13,0,0
BRDA:43,13,1,0
BRDA:43,13,2,0
BRDA:43,13,3,0
BRDA:46,14,0,0
BRDA:46,14,1,0
BRDA:46,15,0,0
BRDA:46,15,1,0
BRDA:51,16,0,0
BRDA:51,16,1,0
BRDA:51,17,0,0
BRDA:51,17,1,0
BRDA:59,18,0,0
BRDA:59,18,1,0
BRDA:62,19,0,0
BRDA:62,19,1,0
BRDA:66,20,0,0
BRDA:66,20,1,0
BRDA:69,21,0,0
BRDA:69,21,1,0
BRDA:69,21,2,0
BRDA:70,22,0,0
BRDA:70,22,1,0
BRDA:71,23,0,0
BRDA:71,23,1,0
BRDA:72,24,0,0
BRDA:72,24,1,0
BRDA:73,25,0,0
BRDA:73,25,1,0
BRDA:73,26,0,0
BRDA:73,26,1,0
BRDA:73,27,0,0
BRDA:73,27,1,0
BRDA:73,28,0,0
BRDA:73,28,1,0
BRDA:73,29,0,0
BRDA:73,29,1,0
BRDA:73,30,0,0
BRDA:73,30,1,0
BRDA:74,31,0,0
BRDA:74,31,1,0
BRDA:77,32,0,0
BRDA:77,32,1,0
BRDA:80,33,0,0
BRDA:80,33,1,0
BRDA:83,34,0,0
BRDA:83,34,1,0
BRDA:85,35,0,0
BRDA:85,35,1,0
BRDA:91,36,0,0
BRDA:91,36,1,0
BRDA:93,37,0,0
BRDA:93,37,1,0
BRDA:99,38,0,0
BRDA:99,38,1,0
BRDA:120,39,0,1
BRDA:120,39,1,13
BRDA:125,40,0,12
BRDA:125,40,1,1
BRDA:127,41,0,4
BRDA:127,41,1,8
BRDA:127,42,0,12
BRDA:127,42,1,9
BRDA:132,43,0,1
BRDA:132,43,1,7
BRDA:137,44,0,1
BRDA:137,44,1,6
BRDA:143,45,0,1
BRDA:143,45,1,6
BRDA:147,46,0,1
BRDA:147,46,1,5
BRDA:149,47,0,0
BRDA:149,47,1,1
BRDA:149,48,0,1
BRDA:149,48,1,1
BRDA:155,49,0,1
BRDA:155,49,1,4
BRDA:159,50,0,1
BRDA:159,50,1,3
BRDA:165,51,0,4
BRDA:165,51,1,0
BRDA:166,52,0,2
BRDA:166,52,1,2
BRDA:166,53,0,4
BRDA:166,53,1,3
BRDA:166,53,2,1
BRDA:166,53,3,1
BRDA:169,54,0,0
BRDA:169,54,1,2
BRDA:185,55,0,6
BRDA:185,55,1,6
BRDA:185,56,0,12
BRDA:185,56,1,6
BRDA:188,57,0,6
BRDA:188,57,1,0
BRDA:189,58,0,6
BRDA:189,58,1,0
BRDA:193,59,0,4
BRDA:193,59,1,2
BRDA:196,60,0,4
BRDA:196,60,1,0
BRDA:197,61,0,4
BRDA:197,61,1,1
BRDA:198,62,0,4
BRDA:198,62,1,1
BRDA:206,63,0,8
BRDA:206,63,1,4
BRDA:207,64,0,4
BRDA:207,64,1,1
BRDA:207,64,2,1
BRF:137
BRH:49
end_of_record
TN:
SF:lib/workflow/step-executor.js
FN:10,createStepExecutor
FN:15,(anonymous_1)
FN:37,(anonymous_2)
FN:38,(anonymous_3)
FN:39,(anonymous_4)
FN:123,(anonymous_5)
FN:130,(anonymous_6)
FN:145,(anonymous_7)
FN:152,(anonymous_8)
FN:196,(anonymous_9)
FN:198,(anonymous_10)
FN:238,(anonymous_11)
FNF:12
FNH:3
FNDA:32,createStepExecutor
FNDA:0,(anonymous_1)
FNDA:0,(anonymous_2)
FNDA:0,(anonymous_3)
FNDA:0,(anonymous_4)
FNDA:0,(anonymous_5)
FNDA:0,(anonymous_6)
FNDA:3,(anonymous_7)
FNDA:4,(anonymous_8)
FNDA:0,(anonymous_9)
FNDA:0,(anonymous_10)
FNDA:0,(anonymous_11)
DA:5,5
DA:11,32
DA:16,0
DA:19,0
DA:21,0
DA:30,0
DA:32,0
DA:35,0
DA:37,0
DA:38,0
DA:39,0
DA:50,0
DA:51,0
DA:52,0
DA:55,0
DA:57,0
DA:62,0
DA:68,0
DA:73,0
DA:82,0
DA:88,0
DA:94,0
DA:101,0
DA:107,0
DA:112,0
DA:124,0
DA:125,0
DA:129,0
DA:130,0
DA:133,0
DA:135,0
DA:136,0
DA:139,0
DA:146,3
DA:148,3
DA:149,3
DA:151,3
DA:152,4
DA:153,3
DA:154,3
DA:156,3
DA:157,3
DA:159,3
DA:160,2
DA:161,1
DA:162,1
DA:163,1
DA:164,1
DA:166,1
DA:167,1
DA:170,0
DA:172,0
DA:174,0
DA:175,0
DA:177,0
DA:178,0
DA:181,3
DA:182,2
DA:184,1
DA:186,1
DA:187,1
DA:188,0
DA:190,1
DA:192,0
DA:196,0
DA:197,0
DA:198,0
DA:199,0
DA:200,0
DA:202,0
DA:203,0
DA:205,0
DA:206,0
DA:207,0
DA:208,0
DA:209,0
DA:210,0
DA:211,0
DA:212,0
DA:214,0
DA:216,0
DA:217,0
DA:218,0
DA:220,0
DA:221,0
DA:224,0
DA:226,0
DA:227,0
DA:229,0
DA:231,0
DA:233,0
DA:235,0
DA:237,0
DA:238,0
DA:239,0
DA:240,0
DA:243,0
DA:248,5
LF:98
LH:26
BRDA:19,0,0,0
BRDA:19,0,1,0
BRDA:55,1,0,0
BRDA:55,1,1,0
BRDA:55,2,0,0
BRDA:55,2,1,0
BRDA:55,2,2,0
BRDA:124,3,0,0
BRDA:124,3,1,0
BRDA:124,4,0,0
BRDA:124,4,1,0
BRDA:129,5,0,0
BRDA:129,5,1,0
BRDA:146,6,0,3
BRDA:146,6,1,0
BRDA:149,7,0,3
BRDA:149,7,1,0
BRDA:159,8,0,2
BRDA:159,8,1,1
BRDA:161,9,0,1
BRDA:161,9,1,0
BRDA:162,10,0,1
BRDA:162,10,1,0
BRDA:162,11,0,1
BRDA:162,11,1,1
BRDA:162,11,2,1
BRDA:164,12,0,1
BRDA:164,12,1,0
BRDA:170,13,0,0
BRDA:170,13,1,0
BRDA:172,14,0,0
BRDA:172,14,1,0
BRDA:177,15,0,0
BRDA:177,15,1,0
BRDA:181,16,0,2
BRDA:181,16,1,1
BRDA:181,17,0,3
BRDA:181,17,1,3
BRDA:184,18,0,1
BRDA:184,18,1,0
BRDA:187,19,0,0
BRDA:187,19,1,1
BRDA:187,20,0,1
BRDA:187,20,1,0
BRDA:205,21,0,0
BRDA:205,21,1,0
BRDA:207,22,0,0
BRDA:207,22,1,0
BRDA:208,23,0,0
BRDA:208,23,1,0
BRDA:208,24,0,0
BRDA:208,24,1,0
BRDA:208,24,2,0
BRDA:210,25,0,0
BRDA:210,25,1,0
BRDA:214,26,0,0
BRDA:214,26,1,0
BRDA:216,27,0,0
BRDA:216,27,1,0
BRDA:220,28,0,0
BRDA:220,28,1,0
BRDA:224,29,0,0
BRDA:224,29,1,0
BRDA:224,30,0,0
BRDA:224,30,1,0
BRDA:226,31,0,0
BRDA:226,31,1,0
BRDA:231,32,0,0
BRDA:231,32,1,0
BRDA:237,33,0,0
BRDA:237,33,1,0
BRDA:239,34,0,0
BRDA:239,34,1,0
BRDA:239,35,0,0
BRDA:239,35,1,0
BRF:75
BRH:17
end_of_record
TN:
SF:lib/workflow/subloop.js
FN:9,createSubloopHandler
FN:21,(anonymous_1)
FN:104,(anonymous_2)
FNF:3
FNH:1
FNDA:32,createSubloopHandler
FNDA:0,(anonymous_1)
FNDA:0,(anonymous_2)
DA:10,32
DA:26,0
DA:28,0
DA:29,0
DA:31,0
DA:32,0
DA:34,0
DA:40,0
DA:41,0
DA:46,0
DA:52,0
DA:60,0
DA:61,0
DA:63,0
DA:68,0
DA:76,0
DA:81,0
DA:85,0
DA:92,0
DA:93,0
DA:94,0
DA:99,0
DA:100,0
DA:104,0
DA:108,0
DA:109,0
DA:113,0
DA:119,0
DA:128,5
LF:29
LH:2
BRDA:23,0,0,0
BRDA:24,1,0,0
BRDA:25,2,0,0
BRDA:31,3,0,0
BRDA:31,3,1,0
BRDA:60,4,0,0
BRDA:60,4,1,0
BRDA:60,5,0,0
BRDA:60,5,1,0
BRDA:61,6,0,0
BRDA:61,6,1,0
BRDA:78,7,0,0
BRDA:78,7,1,0
BRDA:87,8,0,0
BRDA:87,8,1,0
BRDA:92,9,0,0
BRDA:92,9,1,0
BRDA:99,10,0,0
BRDA:99,10,1,0
BRDA:108,11,0,0
BRDA:108,11,1,0
BRF:21
BRH:0
end_of_record
TN:
SF:lib/workflow/utils.js
FN:10,getNestedValue
FN:26,determineNextStep
FN:30,(anonymous_2)
FN:42,(anonymous_3)
FN:47,(anonymous_4)
FN:57,evaluateCondition
FN:122,(anonymous_6)
FN:180,generateId
FNF:8
FNH:1
FNDA:3,getNestedValue
FNDA:0,determineNextStep
FNDA:0,(anonymous_2)
FNDA:0,(anonymous_3)
FNDA:0,(anonymous_4)
FNDA:0,evaluateCondition
FNDA:0,(anonymous_6)
FNDA:0,generateId
DA:5,5
DA:11,3
DA:13,3
DA:14,3
DA:15,3
DA:16,0
DA:18,3
DA:20,3
DA:27,0
DA:28,0
DA:29,0
DA:30,0
DA:31,0
DA:33,0
DA:39,0
DA:42,0
DA:45,0
DA:46,0
DA:47,0
DA:51,0
DA:58,0
DA:59,0
DA:63,0
DA:65,0
DA:74,0
DA:75,0
DA:77,0
DA:78,0
DA:79,0
DA:81,0
DA:89,0
DA:90,0
DA:91,0
DA:94,0
DA:96,0
DA:99,0
DA:100,0
DA:101,0
DA:102,0
DA:103,0
DA:104,0
DA:105,0
DA:106,0
DA:107,0
DA:108,0
DA:109,0
DA:110,0
DA:111,0
DA:112,0
DA:113,0
DA:114,0
DA:115,0
DA:116,0
DA:117,0
DA:118,0
DA:121,0
DA:122,0
DA:123,0
DA:124,0
DA:127,0
DA:130,0
DA:131,0
DA:132,0
DA:133,0
DA:134,0
DA:135,0
DA:136,0
DA:137,0
DA:138,0
DA:139,0
DA:140,0
DA:144,0
DA:145,0
DA:146,0
DA:147,0
DA:148,0
DA:149,0
DA:150,0
DA:151,0
DA:156,0
DA:157,0
DA:162,0
DA:165,0
DA:166,0
DA:170,0
DA:174,0
DA:181,0
DA:184,5
LF:88
LH:8
BRDA:11,0,0,0
BRDA:11,0,1,3
BRDA:15,1,0,0
BRDA:15,1,1,3
BRDA:15,2,0,3
BRDA:15,2,1,3
BRDA:26,3,0,0
BRDA:27,4,0,0
BRDA:27,4,1,0
BRDA:28,5,0,0
BRDA:28,5,1,0
BRDA:29,6,0,0
BRDA:29,6,1,0
BRDA:31,7,0,0
BRDA:31,7,1,0
BRDA:39,8,0,0
BRDA:39,8,1,0
BRDA:45,9,0,0
BRDA:45,9,1,0
BRDA:46,10,0,0
BRDA:46,10,1,0
BRDA:57,11,0,0
BRDA:58,12,0,0
BRDA:58,12,1,0
BRDA:63,13,0,0
BRDA:63,13,1,0
BRDA:65,14,0,0
BRDA:65,14,1,0
BRDA:67,15,0,0
BRDA:67,15,1,0
BRDA:68,16,0,0
BRDA:68,16,1,0
BRDA:74,17,0,0
BRDA:74,17,1,0
BRDA:77,18,0,0
BRDA:77,18,1,0
BRDA:77,19,0,0
BRDA:77,19,1,0
BRDA:78,20,0,0
BRDA:78,20,1,0
BRDA:79,21,0,0
BRDA:79,21,1,0
BRDA:79,22,0,0
BRDA:79,22,1,0
BRDA:81,23,0,0
BRDA:81,23,1,0
BRDA:90,24,0,0
BRDA:90,24,1,0
BRDA:96,25,0,0
BRDA:96,25,1,0
BRDA:101,26,0,0
BRDA:101,26,1,0
BRDA:104,27,0,0
BRDA:104,27,1,0
BRDA:107,28,0,0
BRDA:107,28,1,0
BRDA:110,29,0,0
BRDA:110,29,1,0
BRDA:113,30,0,0
BRDA:113,30,1,0
BRDA:116,31,0,0
BRDA:116,31,1,0
BRDA:121,32,0,0
BRDA:121,32,1,0
BRDA:131,33,0,0
BRDA:131,33,1,0
BRDA:133,34,0,0
BRDA:133,34,1,0
BRDA:135,35,0,0
BRDA:135,35,1,0
BRDA:135,36,0,0
BRDA:135,36,1,0
BRDA:137,37,0,0
BRDA:137,37,1,0
BRDA:137,38,0,0
BRDA:137,38,1,0
BRDA:139,39,0,0
BRDA:139,39,1,0
BRDA:139,40,0,0
BRDA:139,40,1,0
BRDA:144,41,0,0
BRDA:144,41,1,0
BRDA:146,42,0,0
BRDA:146,42,1,0
BRDA:148,43,0,0
BRDA:148,43,1,0
BRDA:148,44,0,0
BRDA:148,44,1,0
BRDA:150,45,0,0
BRDA:150,45,1,0
BRDA:150,46,0,0
BRDA:150,46,1,0
BRDA:165,47,0,0
BRDA:165,47,1,0
BRF:94
BRH:4
end_of_record
TN:
SF:lib/workflow/workflow-manager.js
FN:13,createWorkflowManager
FN:18,(anonymous_1)
FN:55,(anonymous_2)
FN:77,(anonymous_3)
FN:86,(anonymous_4)
FN:103,(anonymous_5)
FN:108,(anonymous_6)
FN:125,(anonymous_7)
FNF:8
FNH:1
FNDA:32,createWorkflowManager
FNDA:0,(anonymous_1)
FNDA:0,(anonymous_2)
FNDA:0,(anonymous_3)
FNDA:0,(anonymous_4)
FNDA:0,(anonymous_5)
FNDA:0,(anonymous_6)
FNDA:0,(anonymous_7)
DA:5,5
DA:6,5
DA:7,5
DA:8,5
DA:14,32
DA:20,0
DA:21,0
DA:22,0
DA:24,0
DA:25,0
DA:28,0
DA:32,0
DA:33,0
DA:34,0
DA:38,0
DA:39,0
DA:41,0
DA:42,0
DA:45,0
DA:56,0
DA:58,0
DA:59,0
DA:62,0
DA:65,0
DA:66,0
DA:78,0
DA:80,0
DA:81,0
DA:85,0
DA:86,0
DA:87,0
DA:88,0
DA:94,0
DA:105,0
DA:108,0
DA:127,0
DA:128,0
DA:129,0
DA:133,0
DA:134,0
DA:135,0
DA:138,0
DA:143,5
LF:43
LH:6
BRDA:18,0,0,0
BRDA:20,1,0,0
BRDA:20,1,1,0
BRDA:20,2,0,0
BRDA:20,2,1,0
BRDA:20,2,2,0
BRDA:20,2,3,0
BRDA:24,3,0,0
BRDA:24,3,1,0
BRDA:33,4,0,0
BRDA:33,4,1,0
BRDA:41,5,0,0
BRDA:41,5,1,0
BRDA:58,6,0,0
BRDA:58,6,1,0
BRDA:69,7,0,0
BRDA:69,7,1,0
BRDA:80,8,0,0
BRDA:80,8,1,0
BRDA:87,9,0,0
BRDA:87,9,1,0
BRDA:103,10,0,0
BRDA:111,11,0,0
BRDA:111,11,1,0
BRDA:112,12,0,0
BRDA:112,12,1,0
BRDA:113,13,0,0
BRDA:113,13,1,0
BRDA:117,14,0,0
BRDA:117,14,1,0
BRDA:118,15,0,0
BRDA:118,15,1,0
BRDA:125,16,0,0
BRDA:128,17,0,0
BRDA:128,17,1,0
BRDA:134,18,0,0
BRDA:134,18,1,0
BRF:37
BRH:0
end_of_record
TN:
SF:lib/workflow/yaml-parser.js
FN:13,(anonymous_0)
FN:32,(anonymous_1)
FN:56,(anonymous_2)
FN:63,(anonymous_3)
FN:70,(anonymous_4)
FN:88,(anonymous_5)
FN:109,(anonymous_6)
FN:113,(anonymous_7)
FN:116,(anonymous_8)
FN:123,(anonymous_9)
FN:138,(anonymous_10)
FN:139,(anonymous_11)
FN:156,(anonymous_12)
FN:159,(anonymous_13)
FN:192,(anonymous_14)
FN:193,(anonymous_15)
FN:213,(anonymous_16)
FNF:17
FNH:3
FNDA:1,(anonymous_0)
FNDA:0,(anonymous_1)
FNDA:0,(anonymous_2)
FNDA:0,(anonymous_3)
FNDA:2,(anonymous_4)
FNDA:1,(anonymous_5)
FNDA:0,(anonymous_6)
FNDA:0,(anonymous_7)
FNDA:0,(anonymous_8)
FNDA:0,(anonymous_9)
FNDA:0,(anonymous_10)
FNDA:0,(anonymous_11)
FNDA:0,(anonymous_12)
FNDA:0,(anonymous_13)
FNDA:0,(anonymous_14)
FNDA:0,(anonymous_15)
FNDA:0,(anonymous_16)
DA:5,5
DA:6,5
DA:7,5
DA:14,1
DA:15,1
DA:16,1
DA:19,1
DA:20,0
DA:23,1
DA:25,0
DA:33,0
DA:35,0
DA:36,0
DA:37,0
DA:40,0
DA:46,0
DA:47,0
DA:49,0
DA:57,0
DA:64,0
DA:71,2
DA:73,2
DA:74,1
DA:77,2
DA:78,0
DA:79,0
DA:82,2
DA:83,1
DA:87,2
DA:88,2
DA:89,1
DA:90,0
DA:92,1
DA:93,0
DA:95,1
DA:98,1
DA:99,0
DA:102,1
DA:103,0
DA:107,1
DA:108,0
DA:109,0
DA:110,0
DA:112,0
DA:113,0
DA:114,0
DA:116,0
DA:117,0
DA:122,1
DA:123,0
DA:124,0
DA:129,2
DA:139,0
DA:140,0
DA:146,0
DA:147,0
DA:150,0
DA:151,0
DA:155,0
DA:156,0
DA:158,0
DA:159,0
DA:162,0
DA:163,0
DA:164,0
DA:170,0
DA:174,0
DA:175,0
DA:178,0
DA:181,0
DA:193,0
DA:195,0
DA:196,0
DA:198,0
DA:212,0
DA:213,0
DA:214,0
DA:215,0
DA:216,0
DA:222,0
DA:223,0
DA:230,0
DA:231,0
DA:242,0
DA:243,0
DA:252,0
DA:262,5
LF:87
LH:25
BRDA:19,0,0,0
BRDA:19,0,1,1
BRDA:19,1,0,1
BRDA:19,1,1,1
BRDA:36,2,0,0
BRDA:36,2,1,0
BRDA:73,3,0,1
BRDA:73,3,1,1
BRDA:77,4,0,0
BRDA:77,4,1,2
BRDA:77,5,0,2
BRDA:77,5,1,2
BRDA:82,6,0,1
BRDA:82,6,1,1
BRDA:89,7,0,0
BRDA:89,7,1,1
BRDA:92,8,0,0
BRDA:92,8,1,1
BRDA:98,9,0,0
BRDA:98,9,1,1
BRDA:102,10,0,0
BRDA:102,10,1,1
BRDA:107,11,0,0
BRDA:107,11,1,1
BRDA:108,12,0,0
BRDA:108,12,1,0
BRDA:109,13,0,0
BRDA:109,13,1,0
BRDA:109,14,0,0
BRDA:109,14,1,0
BRDA:112,15,0,0
BRDA:112,15,1,0
BRDA:112,16,0,0
BRDA:112,16,1,0
BRDA:113,17,0,0
BRDA:113,17,1,0
BRDA:113,18,0,0
BRDA:113,18,1,0
BRDA:116,19,0,0
BRDA:116,19,1,0
BRDA:116,20,0,0
BRDA:116,20,1,0
BRDA:122,21,0,0
BRDA:122,21,1,1
BRDA:122,22,0,1
BRDA:122,22,1,0
BRDA:123,23,0,0
BRDA:123,23,1,0
BRDA:141,24,0,0
BRDA:141,24,1,0
BRDA:146,25,0,0
BRDA:146,25,1,0
BRDA:150,26,0,0
BRDA:150,26,1,0
BRDA:156,27,0,0
BRDA:156,27,1,0
BRDA:159,28,0,0
BRDA:159,28,1,0
BRDA:162,29,0,0
BRDA:162,29,1,0
BRDA:163,30,0,0
BRDA:163,30,1,0
BRDA:167,31,0,0
BRDA:167,31,1,0
BRDA:174,32,0,0
BRDA:174,32,1,0
BRDA:182,33,0,0
BRDA:182,33,1,0
BRDA:183,34,0,0
BRDA:183,34,1,0
BRDA:184,35,0,0
BRDA:184,35,1,0
BRDA:206,36,0,0
BRDA:206,36,1,0
BRDA:207,37,0,0
BRDA:207,37,1,0
BRDA:214,38,0,0
BRDA:214,38,1,0
BRDA:215,39,0,0
BRDA:215,39,1,0
BRDA:222,40,0,0
BRDA:222,40,1,0
BRDA:230,41,0,0
BRDA:230,41,1,0
BRDA:242,42,0,0
BRDA:242,42,1,0
BRDA:255,43,0,0
BRDA:255,43,1,0
BRF:88
BRH:17
end_of_record
