TN:
SF:frontend/app.js
FN:11,(anonymous_0)
FN:19,setupNavigation
FN:20,(anonymous_2)
FN:21,(anonymous_3)
FN:31,switchView
FN:35,(anonymous_5)
FN:40,(anonymous_6)
FN:67,apiCall
FN:91,loadDashboard
FN:103,(anonymous_9)
FN:109,(anonymous_10)
FN:116,(anonymous_11)
FN:134,loadWorkflows
FN:148,renderWorkflows
FN:156,(anonymous_14)
FN:181,showWorkflowDetails
FN:218,(anonymous_16)
FN:236,(anonymous_17)
FN:299,(anonymous_18)
FN:336,(anonymous_19)
FN:369,(anonymous_20)
FN:421,loadAgents
FN:435,renderAgents
FN:443,(anonymous_23)
FN:477,showAgentDetails
FN:545,completeAgentTask
FN:579,(anonymous_26)
FN:589,(anonymous_27)
FN:606,(anonymous_28)
FN:622,loadExecutions
FN:636,renderExecutions
FN:644,(anonymous_31)
FN:666,showExecutionDetails
FN:683,(anonymous_33)
FN:707,loadVersions
FN:721,renderVersions
FN:729,(anonymous_36)
FN:750,renderVersionSummary
FN:788,closeModal
FN:793,(anonymous_39)
FN:805,runWorkflow
FN:848,(anonymous_41)
FN:855,(anonymous_42)
FN:868,(anonymous_43)
FN:884,(anonymous_44)
FNF:45
FNH:0
FNDA:0,(anonymous_0)
FNDA:0,setupNavigation
FNDA:0,(anonymous_2)
FNDA:0,(anonymous_3)
FNDA:0,switchView
FNDA:0,(anonymous_5)
FNDA:0,(anonymous_6)
FNDA:0,apiCall
FNDA:0,loadDashboard
FNDA:0,(anonymous_9)
FNDA:0,(anonymous_10)
FNDA:0,(anonymous_11)
FNDA:0,loadWorkflows
FNDA:0,renderWorkflows
FNDA:0,(anonymous_14)
FNDA:0,showWorkflowDetails
FNDA:0,(anonymous_16)
FNDA:0,(anonymous_17)
FNDA:0,(anonymous_18)
FNDA:0,(anonymous_19)
FNDA:0,(anonymous_20)
FNDA:0,loadAgents
FNDA:0,renderAgents
FNDA:0,(anonymous_23)
FNDA:0,showAgentDetails
FNDA:0,completeAgentTask
FNDA:0,(anonymous_26)
FNDA:0,(anonymous_27)
FNDA:0,(anonymous_28)
FNDA:0,loadExecutions
FNDA:0,renderExecutions
FNDA:0,(anonymous_31)
FNDA:0,showExecutionDetails
FNDA:0,(anonymous_33)
FNDA:0,loadVersions
FNDA:0,renderVersions
FNDA:0,(anonymous_36)
FNDA:0,renderVersionSummary
FNDA:0,closeModal
FNDA:0,(anonymous_39)
FNDA:0,runWorkflow
FNDA:0,(anonymous_41)
FNDA:0,(anonymous_42)
FNDA:0,(anonymous_43)
FNDA:0,(anonymous_44)
DA:5,0
DA:8,0
DA:11,0
DA:12,0
DA:13,0
DA:20,0
DA:21,0
DA:22,0
DA:23,0
DA:32,0
DA:35,0
DA:36,0
DA:40,0
DA:41,0
DA:45,0
DA:47,0
DA:48,0
DA:50,0
DA:51,0
DA:53,0
DA:54,0
DA:56,0
DA:57,0
DA:59,0
DA:60,0
DA:68,0
DA:69,0
DA:77,0
DA:78,0
DA:81,0
DA:83,0
DA:84,0
DA:92,0
DA:94,0
DA:102,0
DA:103,0
DA:104,0
DA:105,0
DA:108,0
DA:109,0
DA:112,0
DA:115,0
DA:116,0
DA:119,0
DA:122,0
DA:123,0
DA:124,0
DA:127,0
DA:135,0
DA:136,0
DA:137,0
DA:139,0
DA:140,0
DA:149,0
DA:151,0
DA:152,0
DA:153,0
DA:156,0
DA:182,0
DA:183,0
DA:184,0
DA:186,0
DA:188,0
DA:189,0
DA:190,0
DA:191,0
DA:194,0
DA:195,0
DA:196,0
DA:197,0
DA:201,0
DA:204,0
DA:218,0
DA:237,0
DA:238,0
DA:239,0
DA:240,0
DA:241,0
DA:242,0
DA:243,0
DA:244,0
DA:245,0
DA:248,0
DA:249,0
DA:251,0
DA:252,0
DA:253,0
DA:254,0
DA:261,0
DA:262,0
DA:274,0
DA:300,0
DA:301,0
DA:302,0
DA:321,0
DA:322,0
DA:336,0
DA:350,0
DA:351,0
DA:354,0
DA:355,0
DA:356,0
DA:358,0
DA:359,0
DA:360,0
DA:361,0
DA:363,0
DA:364,0
DA:365,0
DA:366,0
DA:367,0
DA:369,0
DA:370,0
DA:371,0
DA:373,0
DA:374,0
DA:375,0
DA:376,0
DA:378,0
DA:392,0
DA:396,0
DA:397,0
DA:398,0
DA:400,0
DA:402,0
DA:406,0
DA:407,0
DA:408,0
DA:409,0
DA:411,0
DA:414,0
DA:422,0
DA:423,0
DA:424,0
DA:426,0
DA:427,0
DA:436,0
DA:438,0
DA:439,0
DA:440,0
DA:443,0
DA:444,0
DA:445,0
DA:446,0
DA:448,0
DA:478,0
DA:479,0
DA:480,0
DA:482,0
DA:483,0
DA:536,0
DA:538,0
DA:546,0
DA:547,0
DA:550,0
DA:552,0
DA:553,0
DA:554,0
DA:555,0
DA:556,0
DA:558,0
DA:566,0
DA:569,0
DA:571,0
DA:573,0
DA:574,0
DA:575,0
DA:576,0
DA:579,0
DA:580,0
DA:581,0
DA:586,0
DA:589,0
DA:590,0
DA:591,0
DA:592,0
DA:596,0
DA:600,0
DA:601,0
DA:602,0
DA:603,0
DA:606,0
DA:607,0
DA:608,0
DA:612,0
DA:617,0
DA:623,0
DA:624,0
DA:625,0
DA:627,0
DA:628,0
DA:637,0
DA:639,0
DA:640,0
DA:641,0
DA:644,0
DA:667,0
DA:668,0
DA:669,0
DA:670,0
DA:671,0
DA:683,0
DA:698,0
DA:700,0
DA:708,0
DA:709,0
DA:710,0
DA:712,0
DA:713,0
DA:722,0
DA:724,0
DA:725,0
DA:726,0
DA:729,0
DA:751,0
DA:753,0
DA:754,0
DA:755,0
DA:758,0
DA:762,0
DA:789,0
DA:793,0
DA:794,0
DA:795,0
DA:800,0
DA:806,0
DA:808,0
DA:810,0
DA:812,0
DA:813,0
DA:821,0
DA:822,0
DA:823,0
DA:824,0
DA:825,0
DA:827,0
DA:835,0
DA:838,0
DA:840,0
DA:842,0
DA:843,0
DA:844,0
DA:845,0
DA:848,0
DA:849,0
DA:850,0
DA:855,0
DA:856,0
DA:857,0
DA:858,0
DA:859,0
DA:864,0
DA:867,0
DA:868,0
DA:869,0
DA:870,0
DA:874,0
DA:878,0
DA:879,0
DA:880,0
DA:881,0
DA:884,0
DA:885,0
DA:886,0
DA:890,0
DA:895,0
LF:266
LH:0
BRDA:45,0,0,0
BRDA:45,0,1,0
BRDA:45,0,2,0
BRDA:45,0,3,0
BRDA:45,0,4,0
BRDA:67,1,0,0
BRDA:77,2,0,0
BRDA:77,2,1,0
BRDA:102,3,0,0
BRDA:102,3,1,0
BRDA:103,4,0,0
BRDA:103,4,1,0
BRDA:104,5,0,0
BRDA:104,5,1,0
BRDA:105,6,0,0
BRDA:105,6,1,0
BRDA:108,7,0,0
BRDA:108,7,1,0
BRDA:115,8,0,0
BRDA:115,8,1,0
BRDA:123,9,0,0
BRDA:123,9,1,0
BRDA:137,10,0,0
BRDA:137,10,1,0
BRDA:151,11,0,0
BRDA:151,11,1,0
BRDA:161,12,0,0
BRDA:161,12,1,0
BRDA:162,13,0,0
BRDA:162,13,1,0
BRDA:168,14,0,0
BRDA:168,14,1,0
BRDA:171,15,0,0
BRDA:171,15,1,0
BRDA:172,16,0,0
BRDA:172,16,1,0
BRDA:188,17,0,0
BRDA:188,17,1,0
BRDA:195,18,0,0
BRDA:195,18,1,0
BRDA:206,19,0,0
BRDA:206,19,1,0
BRDA:211,20,0,0
BRDA:211,20,1,0
BRDA:212,21,0,0
BRDA:212,21,1,0
BRDA:213,22,0,0
BRDA:213,22,1,0
BRDA:215,23,0,0
BRDA:215,23,1,0
BRDA:215,24,0,0
BRDA:215,24,1,0
BRDA:222,25,0,0
BRDA:222,25,1,0
BRDA:223,26,0,0
BRDA:223,26,1,0
BRDA:233,27,0,0
BRDA:233,27,1,0
BRDA:234,28,0,0
BRDA:234,28,1,0
BRDA:234,29,0,0
BRDA:234,29,1,0
BRDA:234,29,2,0
BRDA:238,30,0,0
BRDA:238,30,1,0
BRDA:239,31,0,0
BRDA:239,31,1,0
BRDA:240,32,0,0
BRDA:240,32,1,0
BRDA:241,33,0,0
BRDA:241,33,1,0
BRDA:242,34,0,0
BRDA:242,34,1,0
BRDA:243,35,0,0
BRDA:243,35,1,0
BRDA:245,36,0,0
BRDA:245,36,1,0
BRDA:251,37,0,0
BRDA:251,37,1,0
BRDA:253,38,0,0
BRDA:253,38,1,0
BRDA:261,39,0,0
BRDA:261,39,1,0
BRDA:261,40,0,0
BRDA:261,40,1,0
BRDA:265,41,0,0
BRDA:265,41,1,0
BRDA:268,42,0,0
BRDA:268,42,1,0
BRDA:286,43,0,0
BRDA:286,43,1,0
BRDA:288,44,0,0
BRDA:288,44,1,0
BRDA:295,45,0,0
BRDA:295,45,1,0
BRDA:295,46,0,0
BRDA:295,46,1,0
BRDA:300,47,0,0
BRDA:300,47,1,0
BRDA:300,48,0,0
BRDA:300,48,1,0
BRDA:301,49,0,0
BRDA:301,49,1,0
BRDA:301,50,0,0
BRDA:301,50,1,0
BRDA:310,51,0,0
BRDA:310,51,1,0
BRDA:330,52,0,0
BRDA:330,52,1,0
BRDA:333,53,0,0
BRDA:333,53,1,0
BRDA:334,54,0,0
BRDA:334,54,1,0
BRDA:342,55,0,0
BRDA:342,55,1,0
BRDA:351,56,0,0
BRDA:351,56,1,0
BRDA:355,57,0,0
BRDA:355,57,1,0
BRDA:360,58,0,0
BRDA:360,58,1,0
BRDA:360,59,0,0
BRDA:360,59,1,0
BRDA:360,59,2,0
BRDA:373,60,0,0
BRDA:373,60,1,0
BRDA:374,61,0,0
BRDA:374,61,1,0
BRDA:375,62,0,0
BRDA:375,62,1,0
BRDA:376,63,0,0
BRDA:376,63,1,0
BRDA:389,64,0,0
BRDA:389,64,1,0
BRDA:397,65,0,0
BRDA:397,65,1,0
BRDA:397,66,0,0
BRDA:397,66,1,0
BRDA:407,67,0,0
BRDA:407,67,1,0
BRDA:424,68,0,0
BRDA:424,68,1,0
BRDA:438,69,0,0
BRDA:438,69,1,0
BRDA:444,70,0,0
BRDA:444,70,1,0
BRDA:445,71,0,0
BRDA:445,71,1,0
BRDA:445,71,2,0
BRDA:446,72,0,0
BRDA:446,72,1,0
BRDA:446,72,2,0
BRDA:451,73,0,0
BRDA:451,73,1,0
BRDA:453,74,0,0
BRDA:453,74,1,0
BRDA:453,75,0,0
BRDA:453,75,1,0
BRDA:454,76,0,0
BRDA:454,76,1,0
BRDA:454,77,0,0
BRDA:454,77,1,0
BRDA:462,78,0,0
BRDA:462,78,1,0
BRDA:463,79,0,0
BRDA:463,79,1,0
BRDA:465,80,0,0
BRDA:465,80,1,0
BRDA:466,81,0,0
BRDA:466,81,1,0
BRDA:467,82,0,0
BRDA:467,82,1,0
BRDA:487,83,0,0
BRDA:487,83,1,0
BRDA:494,84,0,0
BRDA:494,84,1,0
BRDA:500,85,0,0
BRDA:500,85,1,0
BRDA:502,86,0,0
BRDA:502,86,1,0
BRDA:504,87,0,0
BRDA:504,87,1,0
BRDA:505,88,0,0
BRDA:505,88,1,0
BRDA:508,89,0,0
BRDA:508,89,1,0
BRDA:510,90,0,0
BRDA:510,90,1,0
BRDA:511,91,0,0
BRDA:511,91,1,0
BRDA:513,92,0,0
BRDA:513,92,1,0
BRDA:518,93,0,0
BRDA:518,93,1,0
BRDA:518,94,0,0
BRDA:518,94,1,0
BRDA:546,95,0,0
BRDA:546,95,1,0
BRDA:571,96,0,0
BRDA:571,96,1,0
BRDA:580,97,0,0
BRDA:580,97,1,0
BRDA:591,98,0,0
BRDA:591,98,1,0
BRDA:596,99,0,0
BRDA:596,99,1,0
BRDA:607,100,0,0
BRDA:607,100,1,0
BRDA:625,101,0,0
BRDA:625,101,1,0
BRDA:639,102,0,0
BRDA:639,102,1,0
BRDA:647,103,0,0
BRDA:647,103,1,0
BRDA:647,103,2,0
BRDA:652,104,0,0
BRDA:652,104,1,0
BRDA:652,104,2,0
BRDA:653,105,0,0
BRDA:653,105,1,0
BRDA:654,106,0,0
BRDA:654,106,1,0
BRDA:656,107,0,0
BRDA:656,107,1,0
BRDA:657,108,0,0
BRDA:657,108,1,0
BRDA:673,109,0,0
BRDA:673,109,1,0
BRDA:673,110,0,0
BRDA:673,110,1,0
BRDA:674,111,0,0
BRDA:674,111,1,0
BRDA:675,112,0,0
BRDA:675,112,1,0
BRDA:678,113,0,0
BRDA:678,113,1,0
BRDA:680,114,0,0
BRDA:680,114,1,0
BRDA:694,115,0,0
BRDA:694,115,1,0
BRDA:695,116,0,0
BRDA:695,116,1,0
BRDA:710,117,0,0
BRDA:710,117,1,0
BRDA:724,118,0,0
BRDA:724,118,1,0
BRDA:735,119,0,0
BRDA:735,119,1,0
BRDA:737,120,0,0
BRDA:737,120,1,0
BRDA:738,121,0,0
BRDA:738,121,1,0
BRDA:739,122,0,0
BRDA:739,122,1,0
BRDA:740,123,0,0
BRDA:740,123,1,0
BRDA:741,124,0,0
BRDA:741,124,1,0
BRDA:753,125,0,0
BRDA:753,125,1,0
BRDA:758,126,0,0
BRDA:758,126,1,0
BRDA:768,127,0,0
BRDA:768,127,1,0
BRDA:770,128,0,0
BRDA:770,128,1,0
BRDA:771,129,0,0
BRDA:771,129,1,0
BRDA:772,130,0,0
BRDA:772,130,1,0
BRDA:778,131,0,0
BRDA:778,131,1,0
BRDA:779,132,0,0
BRDA:779,132,1,0
BRDA:794,133,0,0
BRDA:794,133,1,0
BRDA:805,134,0,0
BRDA:810,135,0,0
BRDA:810,135,1,0
BRDA:840,136,0,0
BRDA:840,136,1,0
BRDA:849,137,0,0
BRDA:849,137,1,0
BRDA:856,138,0,0
BRDA:856,138,1,0
BRDA:858,139,0,0
BRDA:858,139,1,0
BRDA:867,140,0,0
BRDA:867,140,1,0
BRDA:874,141,0,0
BRDA:874,141,1,0
BRDA:885,142,0,0
BRDA:885,142,1,0
BRF:293
BRH:0
end_of_record
TN:
SF:lib/agent/debug.js
FN:9,(anonymous_0)
FN:17,(anonymous_1)
FN:51,(anonymous_2)
FN:57,(anonymous_3)
FN:58,(anonymous_4)
FN:62,(anonymous_5)
FN:70,(anonymous_6)
FN:71,(anonymous_7)
FN:77,(anonymous_8)
FN:117,(anonymous_9)
FN:140,(anonymous_10)
FN:175,(anonymous_11)
FNF:12
FNH:0
FNDA:0,(anonymous_0)
FNDA:0,(anonymous_1)
FNDA:0,(anonymous_2)
FNDA:0,(anonymous_3)
FNDA:0,(anonymous_4)
FNDA:0,(anonymous_5)
FNDA:0,(anonymous_6)
FNDA:0,(anonymous_7)
FNDA:0,(anonymous_8)
FNDA:0,(anonymous_9)
FNDA:0,(anonymous_10)
FNDA:0,(anonymous_11)
DA:5,0
DA:6,0
DA:10,0
DA:11,0
DA:18,0
DA:20,0
DA:21,0
DA:24,0
DA:25,0
DA:27,0
DA:44,0
DA:52,0
DA:53,0
DA:56,0
DA:57,0
DA:59,0
DA:60,0
DA:62,0
DA:64,0
DA:71,0
DA:78,0
DA:79,0
DA:80,0
DA:83,0
DA:85,0
DA:86,0
DA:89,0
DA:90,0
DA:93,0
DA:94,0
DA:97,0
DA:98,0
DA:106,0
DA:118,0
DA:120,0
DA:121,0
DA:130,0
DA:141,0
DA:143,0
DA:148,0
DA:149,0
DA:150,0
DA:151,0
DA:154,0
DA:155,0
DA:156,0
DA:159,0
DA:160,0
DA:161,0
DA:164,0
DA:165,0
DA:166,0
DA:169,0
DA:176,0
DA:178,0
DA:179,0
DA:180,0
DA:181,0
DA:184,0
DA:185,0
DA:188,0
DA:189,0
DA:192,0
DA:196,0
LF:64
LH:0
BRDA:9,0,0,0
BRDA:20,1,0,0
BRDA:20,1,1,0
BRDA:36,2,0,0
BRDA:36,2,1,0
BRDA:37,3,0,0
BRDA:37,3,1,0
BRDA:38,4,0,0
BRDA:38,4,1,0
BRDA:52,5,0,0
BRDA:52,5,1,0
BRDA:79,6,0,0
BRDA:79,6,1,0
BRDA:85,7,0,0
BRDA:85,7,1,0
BRDA:89,8,0,0
BRDA:89,8,1,0
BRDA:93,9,0,0
BRDA:93,9,1,0
BRDA:97,10,0,0
BRDA:97,10,1,0
BRDA:120,11,0,0
BRDA:120,11,1,0
BRDA:141,12,0,0
BRDA:141,12,1,0
BRDA:148,13,0,0
BRDA:148,13,1,0
BRDA:148,14,0,0
BRDA:148,14,1,0
BRDA:154,15,0,0
BRDA:154,15,1,0
BRDA:154,16,0,0
BRDA:154,16,1,0
BRDA:159,17,0,0
BRDA:159,17,1,0
BRDA:159,18,0,0
BRDA:159,18,1,0
BRDA:164,19,0,0
BRDA:164,19,1,0
BRDA:164,20,0,0
BRDA:164,20,1,0
BRDA:178,21,0,0
BRDA:178,21,1,0
BRDA:178,22,0,0
BRDA:178,22,1,0
BRDA:184,23,0,0
BRDA:184,23,1,0
BRDA:184,24,0,0
BRDA:184,24,1,0
BRDA:188,25,0,0
BRDA:188,25,1,0
BRDA:188,26,0,0
BRDA:188,26,1,0
BRF:53
BRH:0
end_of_record
TN:
SF:lib/agent/executor.js
FN:12,(anonymous_0)
FN:20,(anonymous_1)
FN:64,(anonymous_2)
FN:94,(anonymous_3)
FN:111,(anonymous_4)
FN:117,(anonymous_5)
FN:149,(anonymous_6)
FN:193,(anonymous_7)
FN:247,(anonymous_8)
FN:249,(anonymous_9)
FN:264,(anonymous_10)
FN:266,(anonymous_11)
FN:280,(anonymous_12)
FN:290,(anonymous_13)
FNF:14
FNH:0
FNDA:0,(anonymous_0)
FNDA:0,(anonymous_1)
FNDA:0,(anonymous_2)
FNDA:0,(anonymous_3)
FNDA:0,(anonymous_4)
FNDA:0,(anonymous_5)
FNDA:0,(anonymous_6)
FNDA:0,(anonymous_7)
FNDA:0,(anonymous_8)
FNDA:0,(anonymous_9)
FNDA:0,(anonymous_10)
FNDA:0,(anonymous_11)
FNDA:0,(anonymous_12)
FNDA:0,(anonymous_13)
DA:7,0
DA:8,0
DA:9,0
DA:13,0
DA:14,0
DA:21,0
DA:22,0
DA:24,0
DA:31,0
DA:32,0
DA:33,0
DA:34,0
DA:35,0
DA:40,0
DA:46,0
DA:54,0
DA:55,0
DA:56,0
DA:58,0
DA:65,0
DA:67,0
DA:78,0
DA:79,0
DA:82,0
DA:95,0
DA:103,0
DA:111,0
DA:118,0
DA:120,0
DA:122,0
DA:123,0
DA:127,0
DA:128,0
DA:132,0
DA:139,0
DA:150,0
DA:152,0
DA:154,0
DA:156,0
DA:157,0
DA:158,0
DA:165,0
DA:174,0
DA:178,0
DA:183,0
DA:196,0
DA:198,0
DA:199,0
DA:205,0
DA:206,0
DA:209,0
DA:210,0
DA:217,0
DA:218,0
DA:219,0
DA:223,0
DA:224,0
DA:226,0
DA:227,0
DA:228,0
DA:229,0
DA:230,0
DA:231,0
DA:234,0
DA:236,0
DA:248,0
DA:249,0
DA:251,0
DA:265,0
DA:266,0
DA:268,0
DA:281,0
DA:291,0
DA:308,0
LF:74
LH:0
BRDA:12,0,0,0
BRDA:13,1,0,0
BRDA:13,1,1,0
BRDA:14,2,0,0
BRDA:14,2,1,0
BRDA:34,3,0,0
BRDA:34,3,1,0
BRDA:65,4,0,0
BRDA:65,4,1,0
BRDA:65,4,2,0
BRDA:78,5,0,0
BRDA:78,5,1,0
BRDA:118,6,0,0
BRDA:118,6,1,0
BRDA:118,6,2,0
BRDA:122,7,0,0
BRDA:122,7,1,0
BRDA:127,8,0,0
BRDA:127,8,1,0
BRDA:198,9,0,0
BRDA:198,9,1,0
BRDA:209,10,0,0
BRDA:209,10,1,0
BRDA:218,11,0,0
BRDA:218,11,1,0
BRDA:226,12,0,0
BRDA:226,12,1,0
BRDA:228,13,0,0
BRDA:228,13,1,0
BRDA:230,14,0,0
BRDA:230,14,1,0
BRDA:230,15,0,0
BRDA:230,15,1,0
BRDA:293,16,0,0
BRDA:293,16,1,0
BRDA:296,17,0,0
BRDA:296,17,1,0
BRDA:297,18,0,0
BRDA:297,18,1,0
BRF:39
BRH:0
end_of_record
TN:
SF:lib/agent/processor.js
FN:11,(anonymous_0)
FN:23,(anonymous_1)
FN:31,(anonymous_2)
FN:38,(anonymous_3)
FN:49,(anonymous_4)
FN:56,(anonymous_5)
FN:66,(anonymous_6)
FN:78,(anonymous_7)
FN:96,(anonymous_8)
FN:103,(anonymous_9)
FN:104,(anonymous_10)
FN:114,(anonymous_11)
FN:115,(anonymous_12)
FN:129,(anonymous_13)
FN:169,(anonymous_14)
FN:181,(anonymous_15)
FN:186,(anonymous_16)
FN:190,(anonymous_17)
FN:255,(anonymous_18)
FNF:19
FNH:0
FNDA:0,(anonymous_0)
FNDA:0,(anonymous_1)
FNDA:0,(anonymous_2)
FNDA:0,(anonymous_3)
FNDA:0,(anonymous_4)
FNDA:0,(anonymous_5)
FNDA:0,(anonymous_6)
FNDA:0,(anonymous_7)
FNDA:0,(anonymous_8)
FNDA:0,(anonymous_9)
FNDA:0,(anonymous_10)
FNDA:0,(anonymous_11)
FNDA:0,(anonymous_12)
FNDA:0,(anonymous_13)
FNDA:0,(anonymous_14)
FNDA:0,(anonymous_15)
FNDA:0,(anonymous_16)
FNDA:0,(anonymous_17)
FNDA:0,(anonymous_18)
DA:6,0
DA:7,0
DA:8,0
DA:12,0
DA:13,0
DA:14,0
DA:15,0
DA:16,0
DA:17,0
DA:24,0
DA:25,0
DA:32,0
DA:39,0
DA:40,0
DA:41,0
DA:42,0
DA:50,0
DA:57,0
DA:58,0
DA:61,0
DA:62,0
DA:65,0
DA:66,0
DA:67,0
DA:68,0
DA:72,0
DA:79,0
DA:80,0
DA:83,0
DA:84,0
DA:85,0
DA:86,0
DA:89,0
DA:90,0
DA:97,0
DA:98,0
DA:102,0
DA:103,0
DA:105,0
DA:106,0
DA:107,0
DA:108,0
DA:110,0
DA:114,0
DA:115,0
DA:117,0
DA:118,0
DA:122,0
DA:123,0
DA:130,0
DA:131,0
DA:134,0
DA:136,0
DA:137,0
DA:140,0
DA:141,0
DA:142,0
DA:146,0
DA:147,0
DA:149,0
DA:152,0
DA:153,0
DA:154,0
DA:155,0
DA:156,0
DA:157,0
DA:159,0
DA:162,0
DA:170,0
DA:173,0
DA:174,0
DA:177,0
DA:178,0
DA:183,0
DA:184,0
DA:187,0
DA:188,0
DA:191,0
DA:192,0
DA:197,0
DA:198,0
DA:200,0
DA:201,0
DA:202,0
DA:203,0
DA:206,0
DA:207,0
DA:209,0
DA:210,0
DA:214,0
DA:215,0
DA:216,0
DA:217,0
DA:220,0
DA:237,0
DA:238,0
DA:239,0
DA:241,0
DA:244,0
DA:245,0
DA:248,0
DA:249,0
DA:256,0
DA:257,0
DA:259,0
DA:260,0
DA:261,0
DA:265,0
LF:108
LH:0
BRDA:11,0,0,0
BRDA:12,1,0,0
BRDA:12,1,1,0
BRDA:14,2,0,0
BRDA:14,2,1,0
BRDA:38,3,0,0
BRDA:41,4,0,0
BRDA:41,4,1,0
BRDA:57,5,0,0
BRDA:57,5,1,0
BRDA:67,6,0,0
BRDA:67,6,1,0
BRDA:79,7,0,0
BRDA:79,7,1,0
BRDA:84,8,0,0
BRDA:84,8,1,0
BRDA:97,9,0,0
BRDA:97,9,1,0
BRDA:108,10,0,0
BRDA:108,10,1,0
BRDA:117,11,0,0
BRDA:117,11,1,0
BRDA:130,12,0,0
BRDA:130,12,1,0
BRDA:146,13,0,0
BRDA:146,13,1,0
BRDA:173,14,0,0
BRDA:173,14,1,0
BRDA:207,15,0,0
BRDA:207,15,1,0
BRDA:216,16,0,0
BRDA:216,16,1,0
BRDA:223,17,0,0
BRDA:223,17,1,0
BRF:34
BRH:0
end_of_record
TN:
SF:lib/api/server.js
FN:15,(anonymous_0)
FN:35,(anonymous_1)
FN:36,(anonymous_2)
FN:37,(anonymous_3)
FN:46,(anonymous_4)
FN:50,(anonymous_5)
FN:61,(anonymous_6)
FN:71,(anonymous_7)
FN:129,(anonymous_8)
FN:156,(anonymous_9)
FN:172,(anonymous_10)
FN:176,(anonymous_11)
FN:177,(anonymous_12)
FN:218,(anonymous_13)
FN:225,(anonymous_14)
FN:230,(anonymous_15)
FN:231,(anonymous_16)
FN:240,(anonymous_17)
FN:256,(anonymous_18)
FN:261,(anonymous_19)
FN:262,(anonymous_20)
FN:271,(anonymous_21)
FN:287,(anonymous_22)
FN:384,(anonymous_23)
FN:405,(anonymous_24)
FN:429,(anonymous_25)
FN:437,(anonymous_26)
FN:463,(anonymous_27)
FN:470,(anonymous_28)
FN:476,(anonymous_29)
FN:480,(anonymous_30)
FN:485,(anonymous_31)
FN:493,(anonymous_32)
FN:507,(anonymous_33)
FN:512,(anonymous_34)
FN:539,(anonymous_35)
FN:582,(anonymous_36)
FN:588,(anonymous_37)
FN:589,(anonymous_38)
FN:645,(anonymous_39)
FN:691,(anonymous_40)
FN:697,(anonymous_41)
FN:701,(anonymous_42)
FN:742,(anonymous_43)
FN:742,(anonymous_44)
FN:742,(anonymous_45)
FN:779,(anonymous_46)
FN:780,(anonymous_47)
FN:781,(anonymous_48)
FN:808,(anonymous_49)
FN:815,(anonymous_50)
FN:816,(anonymous_51)
FN:825,(anonymous_52)
FN:839,(anonymous_53)
FN:840,(anonymous_54)
FN:857,(anonymous_55)
FN:914,(anonymous_56)
FNF:57
FNH:0
FNDA:0,(anonymous_0)
FNDA:0,(anonymous_1)
FNDA:0,(anonymous_2)
FNDA:0,(anonymous_3)
FNDA:0,(anonymous_4)
FNDA:0,(anonymous_5)
FNDA:0,(anonymous_6)
FNDA:0,(anonymous_7)
FNDA:0,(anonymous_8)
FNDA:0,(anonymous_9)
FNDA:0,(anonymous_10)
FNDA:0,(anonymous_11)
FNDA:0,(anonymous_12)
FNDA:0,(anonymous_13)
FNDA:0,(anonymous_14)
FNDA:0,(anonymous_15)
FNDA:0,(anonymous_16)
FNDA:0,(anonymous_17)
FNDA:0,(anonymous_18)
FNDA:0,(anonymous_19)
FNDA:0,(anonymous_20)
FNDA:0,(anonymous_21)
FNDA:0,(anonymous_22)
FNDA:0,(anonymous_23)
FNDA:0,(anonymous_24)
FNDA:0,(anonymous_25)
FNDA:0,(anonymous_26)
FNDA:0,(anonymous_27)
FNDA:0,(anonymous_28)
FNDA:0,(anonymous_29)
FNDA:0,(anonymous_30)
FNDA:0,(anonymous_31)
FNDA:0,(anonymous_32)
FNDA:0,(anonymous_33)
FNDA:0,(anonymous_34)
FNDA:0,(anonymous_35)
FNDA:0,(anonymous_36)
FNDA:0,(anonymous_37)
FNDA:0,(anonymous_38)
FNDA:0,(anonymous_39)
FNDA:0,(anonymous_40)
FNDA:0,(anonymous_41)
FNDA:0,(anonymous_42)
FNDA:0,(anonymous_43)
FNDA:0,(anonymous_44)
FNDA:0,(anonymous_45)
FNDA:0,(anonymous_46)
FNDA:0,(anonymous_47)
FNDA:0,(anonymous_48)
FNDA:0,(anonymous_49)
FNDA:0,(anonymous_50)
FNDA:0,(anonymous_51)
FNDA:0,(anonymous_52)
FNDA:0,(anonymous_53)
FNDA:0,(anonymous_54)
FNDA:0,(anonymous_55)
FNDA:0,(anonymous_56)
DA:6,0
DA:7,0
DA:8,0
DA:9,0
DA:10,0
DA:11,0
DA:12,0
DA:16,0
DA:17,0
DA:18,0
DA:19,0
DA:22,0
DA:23,0
DA:29,0
DA:36,0
DA:37,0
DA:38,0
DA:39,0
DA:40,0
DA:41,0
DA:46,0
DA:47,0
DA:50,0
DA:51,0
DA:52,0
DA:55,0
DA:62,0
DA:63,0
DA:64,0
DA:72,0
DA:73,0
DA:74,0
DA:77,0
DA:78,0
DA:79,0
DA:81,0
DA:82,0
DA:83,0
DA:84,0
DA:88,0
DA:89,0
DA:90,0
DA:94,0
DA:95,0
DA:96,0
DA:97,0
DA:98,0
DA:99,0
DA:100,0
DA:101,0
DA:102,0
DA:103,0
DA:104,0
DA:105,0
DA:106,0
DA:107,0
DA:108,0
DA:109,0
DA:110,0
DA:111,0
DA:112,0
DA:113,0
DA:114,0
DA:116,0
DA:117,0
DA:120,0
DA:121,0
DA:122,0
DA:130,0
DA:132,0
DA:133,0
DA:134,0
DA:135,0
DA:138,0
DA:139,0
DA:149,0
DA:150,0
DA:157,0
DA:159,0
DA:160,0
DA:161,0
DA:162,0
DA:165,0
DA:166,0
DA:173,0
DA:175,0
DA:176,0
DA:178,0
DA:179,0
DA:180,0
DA:183,0
DA:184,0
DA:185,0
DA:186,0
DA:187,0
DA:188,0
DA:191,0
DA:195,0
DA:198,0
DA:200,0
DA:211,0
DA:212,0
DA:219,0
DA:220,0
DA:223,0
DA:226,0
DA:227,0
DA:229,0
DA:230,0
DA:232,0
DA:233,0
DA:241,0
DA:242,0
DA:245,0
DA:246,0
DA:257,0
DA:258,0
DA:260,0
DA:261,0
DA:263,0
DA:264,0
DA:272,0
DA:273,0
DA:276,0
DA:277,0
DA:288,0
DA:289,0
DA:290,0
DA:300,0
DA:303,0
DA:304,0
DA:305,0
DA:307,0
DA:308,0
DA:312,0
DA:313,0
DA:315,0
DA:316,0
DA:317,0
DA:320,0
DA:321,0
DA:322,0
DA:329,0
DA:330,0
DA:331,0
DA:332,0
DA:333,0
DA:334,0
DA:335,0
DA:349,0
DA:351,0
DA:352,0
DA:353,0
DA:354,0
DA:355,0
DA:357,0
DA:358,0
DA:361,0
DA:362,0
DA:375,0
DA:376,0
DA:378,0
DA:385,0
DA:386,0
DA:388,0
DA:389,0
DA:390,0
DA:391,0
DA:394,0
DA:395,0
DA:398,0
DA:399,0
DA:402,0
DA:405,0
DA:406,0
DA:407,0
DA:415,0
DA:417,0
DA:418,0
DA:430,0
DA:431,0
DA:433,0
DA:434,0
DA:437,0
DA:438,0
DA:439,0
DA:440,0
DA:441,0
DA:442,0
DA:457,0
DA:464,0
DA:472,0
DA:473,0
DA:475,0
DA:476,0
DA:477,0
DA:480,0
DA:481,0
DA:482,0
DA:485,0
DA:486,0
DA:487,0
DA:494,0
DA:495,0
DA:498,0
DA:499,0
DA:508,0
DA:509,0
DA:512,0
DA:513,0
DA:514,0
DA:515,0
DA:528,0
DA:529,0
DA:531,0
DA:532,0
DA:540,0
DA:541,0
DA:542,0
DA:543,0
DA:545,0
DA:546,0
DA:547,0
DA:548,0
DA:552,0
DA:555,0
DA:557,0
DA:558,0
DA:574,0
DA:575,0
DA:583,0
DA:584,0
DA:586,0
DA:587,0
DA:588,0
DA:590,0
DA:591,0
DA:592,0
DA:593,0
DA:606,0
DA:607,0
DA:608,0
DA:609,0
DA:616,0
DA:617,0
DA:618,0
DA:619,0
DA:628,0
DA:630,0
DA:635,0
DA:638,0
DA:639,0
DA:646,0
DA:647,0
DA:648,0
DA:650,0
DA:651,0
DA:652,0
DA:653,0
DA:656,0
DA:659,0
DA:660,0
DA:661,0
DA:662,0
DA:663,0
DA:664,0
DA:668,0
DA:684,0
DA:685,0
DA:693,0
DA:694,0
DA:696,0
DA:697,0
DA:698,0
DA:701,0
DA:702,0
DA:703,0
DA:704,0
DA:705,0
DA:707,0
DA:708,0
DA:709,0
DA:710,0
DA:713,0
DA:716,0
DA:717,0
DA:720,0
DA:721,0
DA:722,0
DA:724,0
DA:725,0
DA:727,0
DA:728,0
DA:733,0
DA:734,0
DA:735,0
DA:736,0
DA:737,0
DA:739,0
DA:740,0
DA:745,0
DA:746,0
DA:747,0
DA:756,0
DA:757,0
DA:760,0
DA:761,0
DA:762,0
DA:764,0
DA:765,0
DA:769,0
DA:779,0
DA:780,0
DA:781,0
DA:786,0
DA:787,0
DA:788,0
DA:795,0
DA:796,0
DA:799,0
DA:800,0
DA:809,0
DA:810,0
DA:811,0
DA:813,0
DA:814,0
DA:815,0
DA:817,0
DA:818,0
DA:826,0
DA:827,0
DA:830,0
DA:831,0
DA:832,0
DA:835,0
DA:836,0
DA:837,0
DA:838,0
DA:839,0
DA:840,0
DA:847,0
DA:851,0
DA:854,0
DA:855,0
DA:856,0
DA:857,0
DA:858,0
DA:859,0
DA:860,0
DA:861,0
DA:862,0
DA:874,0
DA:875,0
DA:876,0
DA:877,0
DA:878,0
DA:879,0
DA:881,0
DA:882,0
DA:885,0
DA:886,0
DA:887,0
DA:891,0
DA:892,0
DA:893,0
DA:897,0
DA:898,0
DA:899,0
DA:903,0
DA:904,0
DA:905,0
DA:909,0
DA:910,0
DA:911,0
DA:912,0
DA:913,0
DA:914,0
DA:918,0
DA:940,0
DA:941,0
DA:945,0
LF:381
LH:0
BRDA:15,0,0,0
BRDA:16,1,0,0
BRDA:16,1,1,0
BRDA:17,2,0,0
BRDA:17,2,1,0
BRDA:39,3,0,0
BRDA:39,3,1,0
BRDA:62,4,0,0
BRDA:62,4,1,0
BRDA:81,5,0,0
BRDA:81,5,1,0
BRDA:88,6,0,0
BRDA:88,6,1,0
BRDA:95,7,0,0
BRDA:95,7,1,0
BRDA:95,8,0,0
BRDA:95,8,1,0
BRDA:97,9,0,0
BRDA:97,9,1,0
BRDA:97,10,0,0
BRDA:97,10,1,0
BRDA:99,11,0,0
BRDA:99,11,1,0
BRDA:99,12,0,0
BRDA:99,12,1,0
BRDA:99,12,2,0
BRDA:101,13,0,0
BRDA:101,13,1,0
BRDA:101,14,0,0
BRDA:101,14,1,0
BRDA:103,15,0,0
BRDA:103,15,1,0
BRDA:103,16,0,0
BRDA:103,16,1,0
BRDA:105,17,0,0
BRDA:105,17,1,0
BRDA:105,18,0,0
BRDA:105,18,1,0
BRDA:107,19,0,0
BRDA:107,19,1,0
BRDA:107,20,0,0
BRDA:107,20,1,0
BRDA:109,21,0,0
BRDA:109,21,1,0
BRDA:109,22,0,0
BRDA:109,22,1,0
BRDA:109,22,2,0
BRDA:111,23,0,0
BRDA:111,23,1,0
BRDA:111,24,0,0
BRDA:111,24,1,0
BRDA:113,25,0,0
BRDA:113,25,1,0
BRDA:113,26,0,0
BRDA:113,26,1,0
BRDA:132,27,0,0
BRDA:132,27,1,0
BRDA:149,28,0,0
BRDA:149,28,1,0
BRDA:159,29,0,0
BRDA:159,29,1,0
BRDA:176,30,0,0
BRDA:176,30,1,0
BRDA:187,31,0,0
BRDA:187,31,1,0
BRDA:188,32,0,0
BRDA:188,32,1,0
BRDA:198,33,0,0
BRDA:198,33,1,0
BRDA:206,34,0,0
BRDA:206,34,1,0
BRDA:227,35,0,0
BRDA:227,35,1,0
BRDA:241,36,0,0
BRDA:241,36,1,0
BRDA:245,37,0,0
BRDA:245,37,1,0
BRDA:258,38,0,0
BRDA:258,38,1,0
BRDA:272,39,0,0
BRDA:272,39,1,0
BRDA:276,40,0,0
BRDA:276,40,1,0
BRDA:289,41,0,0
BRDA:289,41,1,0
BRDA:300,42,0,0
BRDA:300,42,1,0
BRDA:300,42,2,0
BRDA:303,43,0,0
BRDA:303,43,1,0
BRDA:303,44,0,0
BRDA:303,44,1,0
BRDA:305,45,0,0
BRDA:305,45,1,0
BRDA:308,46,0,0
BRDA:308,46,1,0
BRDA:313,47,0,0
BRDA:313,47,1,0
BRDA:315,48,0,0
BRDA:315,48,1,0
BRDA:317,49,0,0
BRDA:317,49,1,0
BRDA:330,50,0,0
BRDA:330,50,1,0
BRDA:333,51,0,0
BRDA:333,51,1,0
BRDA:333,52,0,0
BRDA:333,52,1,0
BRDA:349,53,0,0
BRDA:349,53,1,0
BRDA:351,54,0,0
BRDA:351,54,1,0
BRDA:351,55,0,0
BRDA:351,55,1,0
BRDA:353,56,0,0
BRDA:353,56,1,0
BRDA:357,57,0,0
BRDA:357,57,1,0
BRDA:358,58,0,0
BRDA:358,58,1,0
BRDA:361,59,0,0
BRDA:361,59,1,0
BRDA:363,60,0,0
BRDA:363,60,1,0
BRDA:367,61,0,0
BRDA:367,61,1,0
BRDA:376,62,0,0
BRDA:376,62,1,0
BRDA:388,63,0,0
BRDA:388,63,1,0
BRDA:399,64,0,0
BRDA:399,64,1,0
BRDA:402,65,0,0
BRDA:402,65,1,0
BRDA:409,66,0,0
BRDA:409,66,1,0
BRDA:433,67,0,0
BRDA:433,67,1,0
BRDA:441,68,0,0
BRDA:441,68,1,0
BRDA:482,69,0,0
BRDA:482,69,1,0
BRDA:509,70,0,0
BRDA:509,70,1,0
BRDA:517,71,0,0
BRDA:517,71,1,0
BRDA:523,72,0,0
BRDA:523,72,1,0
BRDA:543,73,0,0
BRDA:543,73,1,0
BRDA:545,74,0,0
BRDA:545,74,1,0
BRDA:552,75,0,0
BRDA:552,75,1,0
BRDA:565,76,0,0
BRDA:565,76,1,0
BRDA:586,77,0,0
BRDA:586,77,1,0
BRDA:595,78,0,0
BRDA:595,78,1,0
BRDA:596,79,0,0
BRDA:596,79,1,0
BRDA:599,80,0,0
BRDA:599,80,1,0
BRDA:606,81,0,0
BRDA:606,81,1,0
BRDA:608,82,0,0
BRDA:608,82,1,0
BRDA:616,83,0,0
BRDA:616,83,1,0
BRDA:618,84,0,0
BRDA:618,84,1,0
BRDA:650,85,0,0
BRDA:650,85,1,0
BRDA:661,86,0,0
BRDA:661,86,1,0
BRDA:663,87,0,0
BRDA:663,87,1,0
BRDA:670,88,0,0
BRDA:670,88,1,0
BRDA:676,89,0,0
BRDA:676,89,1,0
BRDA:703,90,0,0
BRDA:703,90,1,0
BRDA:707,91,0,0
BRDA:707,91,1,0
BRDA:720,92,0,0
BRDA:720,92,1,0
BRDA:724,93,0,0
BRDA:724,93,1,0
BRDA:727,94,0,0
BRDA:727,94,1,0
BRDA:733,95,0,0
BRDA:733,95,1,0
BRDA:733,96,0,0
BRDA:733,96,1,0
BRDA:739,97,0,0
BRDA:739,97,1,0
BRDA:745,98,0,0
BRDA:745,98,1,0
BRDA:745,99,0,0
BRDA:745,99,1,0
BRDA:746,100,0,0
BRDA:746,100,1,0
BRDA:747,101,0,0
BRDA:747,101,1,0
BRDA:756,102,0,0
BRDA:756,102,1,0
BRDA:757,103,0,0
BRDA:757,103,1,0
BRDA:764,104,0,0
BRDA:764,104,1,0
BRDA:774,105,0,0
BRDA:774,105,1,0
BRDA:786,106,0,0
BRDA:786,106,1,0
BRDA:796,107,0,0
BRDA:796,107,1,0
BRDA:813,108,0,0
BRDA:813,108,1,0
BRDA:826,109,0,0
BRDA:826,109,1,0
BRDA:851,110,0,0
BRDA:851,110,1,0
BRDA:856,111,0,0
BRDA:856,111,1,0
BRDA:861,112,0,0
BRDA:861,112,1,0
BRDA:881,113,0,0
BRDA:881,113,1,0
BRDA:886,114,0,0
BRDA:886,114,1,0
BRDA:892,115,0,0
BRDA:892,115,1,0
BRDA:898,116,0,0
BRDA:898,116,1,0
BRDA:904,117,0,0
BRDA:904,117,1,0
BRDA:910,118,0,0
BRDA:910,118,1,0
BRDA:912,119,0,0
BRDA:912,119,1,0
BRDA:921,120,0,0
BRDA:921,120,1,0
BRDA:924,121,0,0
BRDA:924,121,1,0
BRDA:930,122,0,0
BRDA:930,122,1,0
BRDA:932,123,0,0
BRDA:932,123,1,0
BRDA:934,124,0,0
BRDA:934,124,1,0
BRF:252
BRH:0
end_of_record
TN:
SF:lib/db/database.js
FN:10,(anonymous_0)
FN:23,(anonymous_1)
FN:119,(anonymous_2)
FN:133,(anonymous_3)
FN:145,(anonymous_4)
FN:150,(anonymous_5)
FN:156,(anonymous_6)
FN:164,(anonymous_7)
FN:197,(anonymous_8)
FN:213,(anonymous_9)
FN:235,(anonymous_10)
FN:243,(anonymous_11)
FN:251,(anonymous_12)
FN:280,(anonymous_13)
FN:288,(anonymous_14)
FN:295,(anonymous_15)
FN:303,(anonymous_16)
FN:315,(anonymous_17)
FN:324,(anonymous_18)
FN:337,(anonymous_19)
FN:345,(anonymous_20)
FN:353,(anonymous_21)
FN:359,(anonymous_22)
FNF:23
FNH:2
FNDA:6,(anonymous_0)
FNDA:6,(anonymous_1)
FNDA:0,(anonymous_2)
FNDA:0,(anonymous_3)
FNDA:0,(anonymous_4)
FNDA:0,(anonymous_5)
FNDA:0,(anonymous_6)
FNDA:0,(anonymous_7)
FNDA:0,(anonymous_8)
FNDA:0,(anonymous_9)
FNDA:0,(anonymous_10)
FNDA:0,(anonymous_11)
FNDA:0,(anonymous_12)
FNDA:0,(anonymous_13)
FNDA:0,(anonymous_14)
FNDA:0,(anonymous_15)
FNDA:0,(anonymous_16)
FNDA:0,(anonymous_17)
FNDA:0,(anonymous_18)
FNDA:0,(anonymous_19)
FNDA:0,(anonymous_20)
FNDA:0,(anonymous_21)
FNDA:0,(anonymous_22)
DA:5,1
DA:6,1
DA:7,1
DA:11,6
DA:14,6
DA:15,6
DA:16,0
DA:19,6
DA:20,6
DA:25,6
DA:41,6
DA:42,6
DA:45,6
DA:47,0
DA:52,6
DA:53,6
DA:59,6
DA:81,6
DA:102,6
DA:120,0
DA:130,0
DA:134,0
DA:135,0
DA:136,0
DA:137,0
DA:142,0
DA:146,0
DA:147,0
DA:151,0
DA:152,0
DA:157,0
DA:161,0
DA:165,0
DA:166,0
DA:168,0
DA:169,0
DA:170,0
DA:172,0
DA:173,0
DA:174,0
DA:176,0
DA:177,0
DA:178,0
DA:180,0
DA:181,0
DA:182,0
DA:184,0
DA:185,0
DA:188,0
DA:190,0
DA:191,0
DA:194,0
DA:198,0
DA:199,0
DA:200,0
DA:201,0
DA:210,0
DA:214,0
DA:215,0
DA:217,0
DA:218,0
DA:219,0
DA:221,0
DA:222,0
DA:223,0
DA:225,0
DA:226,0
DA:227,0
DA:230,0
DA:232,0
DA:233,0
DA:235,0
DA:244,0
DA:248,0
DA:252,0
DA:253,0
DA:255,0
DA:256,0
DA:257,0
DA:259,0
DA:260,0
DA:261,0
DA:263,0
DA:264,0
DA:265,0
DA:267,0
DA:268,0
DA:271,0
DA:273,0
DA:274,0
DA:277,0
DA:281,0
DA:286,0
DA:288,0
DA:296,0
DA:301,0
DA:303,0
DA:316,0
DA:322,0
DA:324,0
DA:338,0
DA:342,0
DA:346,0
DA:351,0
DA:353,0
DA:360,0
DA:364,1
LF:107
LH:18
BRDA:11,0,0,6
BRDA:11,0,1,0
BRDA:15,1,0,0
BRDA:15,1,1,6
BRDA:45,2,0,0
BRDA:45,2,1,6
BRDA:45,3,0,6
BRDA:45,3,1,0
BRDA:119,4,0,0
BRDA:136,5,0,0
BRDA:136,5,1,0
BRDA:156,6,0,0
BRDA:168,7,0,0
BRDA:168,7,1,0
BRDA:172,8,0,0
BRDA:172,8,1,0
BRDA:176,9,0,0
BRDA:176,9,1,0
BRDA:180,10,0,0
BRDA:180,10,1,0
BRDA:184,11,0,0
BRDA:184,11,1,0
BRDA:184,12,0,0
BRDA:184,12,1,0
BRDA:188,13,0,0
BRDA:188,13,1,0
BRDA:200,14,0,0
BRDA:200,14,1,0
BRDA:206,15,0,0
BRDA:206,15,1,0
BRDA:207,16,0,0
BRDA:207,16,1,0
BRDA:213,17,0,0
BRDA:213,18,0,0
BRDA:213,19,0,0
BRDA:217,20,0,0
BRDA:217,20,1,0
BRDA:221,21,0,0
BRDA:221,21,1,0
BRDA:225,22,0,0
BRDA:225,22,1,0
BRDA:237,23,0,0
BRDA:237,23,1,0
BRDA:238,24,0,0
BRDA:238,24,1,0
BRDA:255,25,0,0
BRDA:255,25,1,0
BRDA:259,26,0,0
BRDA:259,26,1,0
BRDA:263,27,0,0
BRDA:263,27,1,0
BRDA:267,28,0,0
BRDA:267,28,1,0
BRDA:267,29,0,0
BRDA:267,29,1,0
BRDA:271,30,0,0
BRDA:271,30,1,0
BRDA:290,31,0,0
BRDA:290,31,1,0
BRDA:291,32,0,0
BRDA:291,32,1,0
BRDA:295,33,0,0
BRDA:308,34,0,0
BRDA:308,34,1,0
BRDA:315,35,0,0
BRDA:329,36,0,0
BRDA:329,36,1,0
BRDA:337,37,0,0
BRDA:337,38,0,0
BRDA:342,39,0,0
BRDA:342,39,1,0
BRDA:355,40,0,0
BRDA:355,40,1,0
BRF:73
BRH:4
end_of_record
TN:
SF:lib/modules/module-loader.js
FN:9,(anonymous_0)
FN:18,(anonymous_1)
FN:35,(anonymous_2)
FN:62,(anonymous_3)
FN:69,(anonymous_4)
FN:86,(anonymous_5)
FN:87,(anonymous_6)
FN:98,(anonymous_7)
FNF:8
FNH:3
FNDA:6,(anonymous_0)
FNDA:6,(anonymous_1)
FNDA:6,(anonymous_2)
FNDA:0,(anonymous_3)
FNDA:0,(anonymous_4)
FNDA:0,(anonymous_5)
FNDA:0,(anonymous_6)
FNDA:0,(anonymous_7)
DA:5,1
DA:6,1
DA:10,6
DA:11,6
DA:12,6
DA:19,6
DA:20,0
DA:23,6
DA:25,6
DA:26,6
DA:27,6
DA:36,6
DA:37,6
DA:39,6
DA:40,6
DA:43,0
DA:44,0
DA:46,0
DA:47,0
DA:48,0
DA:51,0
DA:52,0
DA:54,0
DA:55,0
DA:63,0
DA:70,0
DA:71,0
DA:72,0
DA:75,0
DA:76,0
DA:77,0
DA:80,0
DA:87,0
DA:99,0
DA:100,0
DA:101,0
DA:103,0
DA:108,1
LF:38
LH:15
BRDA:9,0,0,0
BRDA:10,1,0,6
BRDA:10,1,1,0
BRDA:19,2,0,0
BRDA:19,2,1,6
BRDA:26,3,0,6
BRDA:26,3,1,0
BRDA:39,4,0,6
BRDA:39,4,1,0
BRDA:46,5,0,0
BRDA:46,5,1,0
BRDA:46,6,0,0
BRDA:46,6,1,0
BRDA:71,7,0,0
BRDA:71,7,1,0
BRDA:76,8,0,0
BRDA:76,8,1,0
BRDA:89,9,0,0
BRDA:89,9,1,0
BRDA:90,10,0,0
BRDA:90,10,1,0
BRDA:91,11,0,0
BRDA:91,11,1,0
BRF:23
BRH:4
end_of_record
TN:
SF:lib/modules/agent/index.js
FN:18,(anonymous_0)
FN:99,(anonymous_1)
FN:100,(anonymous_2)
FN:123,(anonymous_3)
FN:168,(anonymous_4)
FN:201,(anonymous_5)
FNF:6
FNH:0
FNDA:0,(anonymous_0)
FNDA:0,(anonymous_1)
FNDA:0,(anonymous_2)
FNDA:0,(anonymous_3)
FNDA:0,(anonymous_4)
FNDA:0,(anonymous_5)
DA:5,0
DA:6,0
DA:7,0
DA:8,0
DA:10,0
DA:25,0
DA:26,0
DA:29,0
DA:33,0
DA:38,0
DA:40,0
DA:54,0
DA:55,0
DA:56,0
DA:59,0
DA:60,0
DA:62,0
DA:63,0
DA:66,0
DA:68,0
DA:69,0
DA:70,0
DA:71,0
DA:74,0
DA:89,0
DA:90,0
DA:91,0
DA:95,0
DA:96,0
DA:97,0
DA:99,0
DA:100,0
DA:101,0
DA:105,0
DA:108,0
DA:124,0
DA:125,0
DA:127,0
DA:129,0
DA:130,0
DA:132,0
DA:133,0
DA:139,0
DA:142,0
DA:143,0
DA:144,0
DA:146,0
DA:147,0
DA:157,0
DA:169,0
DA:170,0
DA:172,0
DA:173,0
DA:175,0
DA:176,0
DA:182,0
DA:184,0
DA:202,0
DA:203,0
DA:205,0
DA:206,0
DA:215,0
DA:217,0
LF:63
LH:0
BRDA:22,0,0,0
BRDA:23,1,0,0
BRDA:24,2,0,0
BRDA:29,3,0,0
BRDA:29,3,1,0
BRDA:31,4,0,0
BRDA:31,4,1,0
BRDA:38,5,0,0
BRDA:38,5,1,0
BRDA:41,6,0,0
BRDA:41,6,1,0
BRDA:42,7,0,0
BRDA:42,7,1,0
BRDA:55,8,0,0
BRDA:55,8,1,0
BRDA:66,9,0,0
BRDA:66,9,1,0
BRDA:70,10,0,0
BRDA:70,10,1,0
BRDA:113,11,0,0
BRDA:113,11,1,0
BRDA:124,12,0,0
BRDA:132,13,0,0
BRDA:132,13,1,0
BRDA:169,14,0,0
BRDA:175,15,0,0
BRDA:175,15,1,0
BRDA:190,16,0,0
BRDA:190,16,1,0
BRDA:202,17,0,0
BRDA:206,18,0,0
BRDA:206,18,1,0
BRF:32
BRH:0
end_of_record
TN:
SF:lib/modules/implementation/index.js
FN:17,(anonymous_0)
FN:84,(anonymous_1)
FN:155,(anonymous_2)
FN:187,(anonymous_3)
FN:199,(anonymous_4)
FN:200,(anonymous_5)
FN:226,(anonymous_6)
FN:238,(anonymous_7)
FN:242,(anonymous_8)
FNF:9
FNH:0
FNDA:0,(anonymous_0)
FNDA:0,(anonymous_1)
FNDA:0,(anonymous_2)
FNDA:0,(anonymous_3)
FNDA:0,(anonymous_4)
FNDA:0,(anonymous_5)
FNDA:0,(anonymous_6)
FNDA:0,(anonymous_7)
FNDA:0,(anonymous_8)
DA:5,0
DA:6,0
DA:7,0
DA:9,0
DA:18,0
DA:19,0
DA:21,0
DA:22,0
DA:28,0
DA:29,0
DA:32,0
DA:33,0
DA:35,0
DA:36,0
DA:39,0
DA:40,0
DA:41,0
DA:45,0
DA:46,0
DA:50,0
DA:52,0
DA:53,0
DA:54,0
DA:55,0
DA:58,0
DA:61,0
DA:62,0
DA:72,0
DA:74,0
DA:85,0
DA:86,0
DA:88,0
DA:91,0
DA:92,0
DA:94,0
DA:141,0
DA:142,0
DA:143,0
DA:144,0
DA:146,0
DA:156,0
DA:157,0
DA:159,0
DA:161,0
DA:162,0
DA:168,0
DA:175,0
DA:188,0
DA:189,0
DA:191,0
DA:192,0
DA:197,0
DA:199,0
DA:201,0
DA:202,0
DA:208,0
DA:215,0
DA:216,0
DA:227,0
DA:228,0
DA:231,0
DA:232,0
DA:234,0
DA:237,0
DA:238,0
DA:241,0
DA:242,0
DA:251,0
LF:68
LH:0
BRDA:21,0,0,0
BRDA:21,0,1,0
BRDA:39,1,0,0
BRDA:39,1,1,0
BRDA:39,2,0,0
BRDA:39,2,1,0
BRDA:45,3,0,0
BRDA:45,3,1,0
BRDA:45,4,0,0
BRDA:45,4,1,0
BRDA:50,5,0,0
BRDA:50,5,1,0
BRDA:53,6,0,0
BRDA:53,6,1,0
BRDA:55,7,0,0
BRDA:55,7,1,0
BRDA:58,8,0,0
BRDA:58,8,1,0
BRDA:61,9,0,0
BRDA:61,9,1,0
BRDA:61,10,0,0
BRDA:61,10,1,0
BRDA:61,10,2,0
BRDA:91,11,0,0
BRDA:91,11,1,0
BRDA:91,12,0,0
BRDA:91,12,1,0
BRDA:92,13,0,0
BRDA:92,13,1,0
BRDA:101,14,0,0
BRDA:101,14,1,0
BRDA:110,15,0,0
BRDA:110,15,1,0
BRDA:113,16,0,0
BRDA:113,16,1,0
BRDA:114,17,0,0
BRDA:114,17,1,0
BRDA:115,18,0,0
BRDA:115,18,1,0
BRDA:116,19,0,0
BRDA:116,19,1,0
BRDA:156,20,0,0
BRDA:156,21,0,0
BRDA:178,22,0,0
BRDA:178,22,1,0
BRDA:178,22,2,0
BRDA:179,23,0,0
BRDA:179,23,1,0
BRDA:188,24,0,0
BRDA:227,25,0,0
BRDA:231,26,0,0
BRDA:231,26,1,0
BRDA:232,27,0,0
BRDA:232,27,1,0
BRDA:232,28,0,0
BRDA:232,28,1,0
BRF:56
BRH:0
end_of_record
TN:
SF:lib/modules/review/index.js
FN:17,(anonymous_0)
FN:48,(anonymous_1)
FN:66,(anonymous_2)
FN:67,(anonymous_3)
FN:76,(anonymous_4)
FN:105,(anonymous_5)
FN:141,(anonymous_6)
FN:142,(anonymous_7)
FN:162,(anonymous_8)
FN:163,(anonymous_9)
FN:195,(anonymous_10)
FN:218,(anonymous_11)
FN:241,(anonymous_12)
FN:307,(anonymous_13)
FN:359,(anonymous_14)
FN:479,(anonymous_15)
FNF:16
FNH:0
FNDA:0,(anonymous_0)
FNDA:0,(anonymous_1)
FNDA:0,(anonymous_2)
FNDA:0,(anonymous_3)
FNDA:0,(anonymous_4)
FNDA:0,(anonymous_5)
FNDA:0,(anonymous_6)
FNDA:0,(anonymous_7)
FNDA:0,(anonymous_8)
FNDA:0,(anonymous_9)
FNDA:0,(anonymous_10)
FNDA:0,(anonymous_11)
FNDA:0,(anonymous_12)
FNDA:0,(anonymous_13)
FNDA:0,(anonymous_14)
FNDA:0,(anonymous_15)
DA:5,0
DA:6,0
DA:7,0
DA:9,0
DA:18,0
DA:19,0
DA:21,0
DA:23,0
DA:25,0
DA:30,0
DA:32,0
DA:37,0
DA:38,0
DA:49,0
DA:50,0
DA:52,0
DA:54,0
DA:55,0
DA:57,0
DA:58,0
DA:65,0
DA:66,0
DA:68,0
DA:69,0
DA:77,0
DA:78,0
DA:81,0
DA:82,0
DA:88,0
DA:89,0
DA:90,0
DA:92,0
DA:106,0
DA:107,0
DA:109,0
DA:110,0
DA:112,0
DA:114,0
DA:115,0
DA:117,0
DA:124,0
DA:125,0
DA:126,0
DA:128,0
DA:129,0
DA:130,0
DA:136,0
DA:139,0
DA:141,0
DA:143,0
DA:144,0
DA:152,0
DA:153,0
DA:154,0
DA:155,0
DA:160,0
DA:162,0
DA:164,0
DA:165,0
DA:172,0
DA:176,0
DA:184,0
DA:185,0
DA:196,0
DA:197,0
DA:199,0
DA:200,0
DA:206,0
DA:208,0
DA:219,0
DA:220,0
DA:222,0
DA:223,0
DA:229,0
DA:231,0
DA:242,0
DA:243,0
DA:245,0
DA:248,0
DA:249,0
DA:251,0
DA:293,0
DA:294,0
DA:295,0
DA:296,0
DA:298,0
DA:308,0
DA:309,0
DA:311,0
DA:312,0
DA:318,0
DA:320,0
DA:321,0
DA:322,0
DA:326,0
DA:327,0
DA:328,0
DA:330,0
DA:331,0
DA:335,0
DA:336,0
DA:337,0
DA:339,0
DA:341,0
DA:343,0
DA:348,0
DA:349,0
DA:360,0
DA:361,0
DA:363,0
DA:366,0
DA:367,0
DA:368,0
DA:369,0
DA:370,0
DA:372,0
DA:373,0
DA:374,0
DA:375,0
DA:376,0
DA:377,0
DA:378,0
DA:382,0
DA:383,0
DA:384,0
DA:385,0
DA:386,0
DA:387,0
DA:388,0
DA:393,0
DA:394,0
DA:396,0
DA:397,0
DA:400,0
DA:401,0
DA:402,0
DA:406,0
DA:407,0
DA:408,0
DA:412,0
DA:413,0
DA:416,0
DA:417,0
DA:418,0
DA:419,0
DA:420,0
DA:421,0
DA:422,0
DA:423,0
DA:424,0
DA:425,0
DA:426,0
DA:427,0
DA:428,0
DA:429,0
DA:432,0
DA:433,0
DA:434,0
DA:435,0
DA:438,0
DA:439,0
DA:441,0
DA:442,0
DA:445,0
DA:446,0
DA:448,0
DA:449,0
DA:450,0
DA:453,0
DA:454,0
DA:456,0
DA:458,0
DA:459,0
DA:461,0
DA:462,0
DA:465,0
DA:480,0
DA:481,0
DA:483,0
DA:484,0
DA:490,0
DA:491,0
DA:493,0
DA:494,0
DA:495,0
DA:497,0
DA:498,0
DA:501,0
DA:502,0
DA:503,0
DA:507,0
DA:508,0
DA:512,0
DA:513,0
DA:514,0
DA:515,0
DA:516,0
DA:517,0
DA:518,0
DA:524,0
DA:526,0
DA:528,0
LF:202
LH:0
BRDA:18,0,0,0
BRDA:49,1,0,0
BRDA:49,2,0,0
BRDA:49,3,0,0
BRDA:57,4,0,0
BRDA:57,4,1,0
BRDA:77,5,0,0
BRDA:77,5,1,0
BRDA:81,6,0,0
BRDA:81,6,1,0
BRDA:96,7,0,0
BRDA:96,7,1,0
BRDA:106,8,0,0
BRDA:106,9,0,0
BRDA:109,10,0,0
BRDA:109,10,1,0
BRDA:109,11,0,0
BRDA:109,11,1,0
BRDA:153,12,0,0
BRDA:153,12,1,0
BRDA:199,13,0,0
BRDA:199,13,1,0
BRDA:222,14,0,0
BRDA:222,14,1,0
BRDA:222,15,0,0
BRDA:222,15,1,0
BRDA:225,16,0,0
BRDA:225,16,1,0
BRDA:248,17,0,0
BRDA:248,17,1,0
BRDA:249,18,0,0
BRDA:249,18,1,0
BRDA:249,19,0,0
BRDA:249,19,1,0
BRDA:258,20,0,0
BRDA:258,20,1,0
BRDA:272,21,0,0
BRDA:272,21,1,0
BRDA:275,22,0,0
BRDA:275,22,1,0
BRDA:276,23,0,0
BRDA:276,23,1,0
BRDA:277,24,0,0
BRDA:277,24,1,0
BRDA:278,25,0,0
BRDA:278,25,1,0
BRDA:311,26,0,0
BRDA:311,26,1,0
BRDA:321,27,0,0
BRDA:321,27,1,0
BRDA:327,28,0,0
BRDA:327,28,1,0
BRDA:360,29,0,0
BRDA:360,30,0,0
BRDA:360,31,0,0
BRDA:360,32,0,0
BRDA:372,33,0,0
BRDA:372,33,1,0
BRDA:374,34,0,0
BRDA:374,34,1,0
BRDA:383,35,0,0
BRDA:383,35,1,0
BRDA:401,36,0,0
BRDA:401,36,1,0
BRDA:401,37,0,0
BRDA:401,37,1,0
BRDA:407,38,0,0
BRDA:407,38,1,0
BRDA:407,39,0,0
BRDA:407,39,1,0
BRDA:438,40,0,0
BRDA:438,40,1,0
BRDA:441,41,0,0
BRDA:441,41,1,0
BRDA:453,42,0,0
BRDA:453,42,1,0
BRDA:453,43,0,0
BRDA:453,43,1,0
BRDA:458,44,0,0
BRDA:458,44,1,0
BRDA:462,45,0,0
BRDA:462,45,1,0
BRDA:470,46,0,0
BRDA:470,46,1,0
BRDA:483,47,0,0
BRDA:483,47,1,0
BRDA:501,48,0,0
BRDA:501,48,1,0
BRDA:507,49,0,0
BRDA:507,49,1,0
BRDA:507,50,0,0
BRDA:507,50,1,0
BRDA:512,51,0,0
BRDA:512,51,1,0
BRDA:514,52,0,0
BRDA:514,52,1,0
BRDA:516,53,0,0
BRDA:516,53,1,0
BRDA:517,54,0,0
BRDA:517,54,1,0
BRDA:524,55,0,0
BRDA:524,55,1,0
BRF:102
BRH:0
end_of_record
TN:
SF:lib/modules/system/index.js
FN:10,(anonymous_0)
FN:23,(anonymous_1)
FN:41,(anonymous_2)
FN:53,(anonymous_3)
FN:56,(anonymous_4)
FNF:5
FNH:0
FNDA:0,(anonymous_0)
FNDA:0,(anonymous_1)
FNDA:0,(anonymous_2)
FNDA:0,(anonymous_3)
FNDA:0,(anonymous_4)
DA:5,0
DA:11,0
DA:12,0
DA:14,0
DA:16,0
DA:24,0
DA:25,0
DA:27,0
DA:31,0
DA:33,0
DA:42,0
DA:43,0
DA:45,0
DA:47,0
DA:54,0
DA:56,0
DA:58,0
LF:17
LH:0
BRDA:18,0,0,0
BRDA:18,0,1,0
BRDA:27,1,0,0
BRDA:27,1,1,0
BRDA:27,2,0,0
BRDA:27,2,1,0
BRDA:29,3,0,0
BRDA:29,3,1,0
BRDA:42,4,0,0
BRDA:54,5,0,0
BRF:10
BRH:0
end_of_record
TN:
SF:lib/modules/task-completion/index.js
FN:12,(anonymous_0)
FN:48,(anonymous_1)
FN:84,(anonymous_2)
FN:110,(anonymous_3)
FN:160,(anonymous_4)
FN:188,(anonymous_5)
FNF:6
FNH:0
FNDA:0,(anonymous_0)
FNDA:0,(anonymous_1)
FNDA:0,(anonymous_2)
FNDA:0,(anonymous_3)
FNDA:0,(anonymous_4)
FNDA:0,(anonymous_5)
DA:5,0
DA:6,0
DA:8,0
DA:13,0
DA:14,0
DA:16,0
DA:18,0
DA:19,0
DA:21,0
DA:22,0
DA:28,0
DA:30,0
DA:31,0
DA:32,0
DA:34,0
DA:36,0
DA:38,0
DA:49,0
DA:50,0
DA:52,0
DA:54,0
DA:55,0
DA:57,0
DA:58,0
DA:64,0
DA:66,0
DA:67,0
DA:68,0
DA:75,0
DA:78,0
DA:79,0
DA:81,0
DA:82,0
DA:83,0
DA:84,0
DA:85,0
DA:89,0
DA:93,0
DA:96,0
DA:98,0
DA:100,0
DA:111,0
DA:112,0
DA:114,0
DA:116,0
DA:117,0
DA:119,0
DA:120,0
DA:126,0
DA:128,0
DA:129,0
DA:130,0
DA:137,0
DA:138,0
DA:141,0
DA:142,0
DA:144,0
DA:145,0
DA:148,0
DA:149,0
DA:150,0
DA:154,0
DA:155,0
DA:159,0
DA:160,0
DA:161,0
DA:162,0
DA:164,0
DA:165,0
DA:166,0
DA:173,0
DA:174,0
DA:175,0
DA:178,0
DA:189,0
DA:190,0
DA:192,0
DA:195,0
DA:196,0
DA:197,0
DA:201,0
DA:202,0
DA:206,0
DA:207,0
DA:210,0
DA:218,0
LF:86
LH:0
BRDA:13,0,0,0
BRDA:13,1,0,0
BRDA:21,2,0,0
BRDA:21,2,1,0
BRDA:49,3,0,0
BRDA:57,4,0,0
BRDA:57,4,1,0
BRDA:66,5,0,0
BRDA:66,5,1,0
BRDA:66,6,0,0
BRDA:66,6,1,0
BRDA:82,7,0,0
BRDA:82,7,1,0
BRDA:82,8,0,0
BRDA:82,8,1,0
BRDA:85,9,0,0
BRDA:85,9,1,0
BRDA:85,9,2,0
BRDA:85,9,3,0
BRDA:89,10,0,0
BRDA:89,10,1,0
BRDA:111,11,0,0
BRDA:119,12,0,0
BRDA:119,12,1,0
BRDA:128,13,0,0
BRDA:128,13,1,0
BRDA:128,14,0,0
BRDA:128,14,1,0
BRDA:148,15,0,0
BRDA:148,15,1,0
BRDA:154,16,0,0
BRDA:154,16,1,0
BRDA:154,17,0,0
BRDA:154,17,1,0
BRDA:159,18,0,0
BRDA:159,18,1,0
BRDA:159,19,0,0
BRDA:159,19,1,0
BRDA:161,20,0,0
BRDA:161,20,1,0
BRDA:162,21,0,0
BRDA:162,21,1,0
BRDA:162,22,0,0
BRDA:162,22,1,0
BRDA:164,23,0,0
BRDA:164,23,1,0
BRDA:173,24,0,0
BRDA:173,24,1,0
BRDA:189,25,0,0
BRDA:189,26,0,0
BRDA:196,27,0,0
BRDA:196,27,1,0
BRDA:201,28,0,0
BRDA:201,28,1,0
BRDA:206,29,0,0
BRDA:206,29,1,0
BRF:56
BRH:0
end_of_record
TN:
SF:lib/modules/testing/index.js
FN:17,(anonymous_0)
FN:95,(anonymous_1)
FN:144,(anonymous_2)
FNF:3
FNH:0
FNDA:0,(anonymous_0)
FNDA:0,(anonymous_1)
FNDA:0,(anonymous_2)
DA:5,0
DA:6,0
DA:7,0
DA:9,0
DA:18,0
DA:19,0
DA:21,0
DA:24,0
DA:25,0
DA:27,0
DA:28,0
DA:29,0
DA:30,0
DA:31,0
DA:32,0
DA:40,0
DA:41,0
DA:42,0
DA:43,0
DA:44,0
DA:45,0
DA:46,0
DA:48,0
DA:54,0
DA:55,0
DA:61,0
DA:62,0
DA:63,0
DA:70,0
DA:72,0
DA:81,0
DA:96,0
DA:97,0
DA:99,0
DA:102,0
DA:109,0
DA:110,0
DA:111,0
DA:119,0
DA:120,0
DA:122,0
DA:131,0
DA:135,0
DA:145,0
DA:146,0
DA:148,0
DA:152,0
LF:47
LH:0
BRDA:18,0,0,0
BRDA:18,1,0,0
BRDA:18,2,0,0
BRDA:25,3,0,0
BRDA:25,3,1,0
BRDA:28,4,0,0
BRDA:28,4,1,0
BRDA:31,5,0,0
BRDA:31,5,1,0
BRDA:31,6,0,0
BRDA:31,6,1,0
BRDA:40,7,0,0
BRDA:40,7,1,0
BRDA:54,8,0,0
BRDA:54,8,1,0
BRDA:85,9,0,0
BRDA:85,9,1,0
BRDA:85,9,2,0
BRDA:86,10,0,0
BRDA:86,10,1,0
BRDA:96,11,0,0
BRDA:96,12,0,0
BRDA:120,13,0,0
BRDA:120,13,1,0
BRDA:127,14,0,0
BRDA:127,14,1,0
BRDA:145,15,0,0
BRF:27
BRH:0
end_of_record
TN:
SF:lib/workflow/engine.js
FN:13,(anonymous_0)
FN:33,(anonymous_1)
FN:47,(anonymous_2)
FN:69,(anonymous_3)
FN:78,(anonymous_4)
FN:95,(anonymous_5)
FN:128,(anonymous_6)
FN:145,(anonymous_7)
FN:145,(anonymous_8)
FN:145,(anonymous_9)
FN:202,(anonymous_10)
FN:245,(anonymous_11)
FN:267,(anonymous_12)
FN:268,(anonymous_13)
FN:269,(anonymous_14)
FN:317,(anonymous_15)
FN:324,(anonymous_16)
FN:339,(anonymous_17)
FN:346,(anonymous_18)
FN:390,(anonymous_19)
FN:392,(anonymous_20)
FN:432,(anonymous_21)
FN:443,(anonymous_22)
FN:459,(anonymous_23)
FN:463,(anonymous_24)
FN:474,(anonymous_25)
FN:479,(anonymous_26)
FN:489,(anonymous_27)
FN:511,(anonymous_28)
FN:530,(anonymous_29)
FN:549,(anonymous_30)
FN:556,(anonymous_31)
FNF:32
FNH:4
FNDA:6,(anonymous_0)
FNDA:0,(anonymous_1)
FNDA:0,(anonymous_2)
FNDA:0,(anonymous_3)
FNDA:0,(anonymous_4)
FNDA:0,(anonymous_5)
FNDA:0,(anonymous_6)
FNDA:0,(anonymous_7)
FNDA:0,(anonymous_8)
FNDA:0,(anonymous_9)
FNDA:0,(anonymous_10)
FNDA:0,(anonymous_11)
FNDA:0,(anonymous_12)
FNDA:0,(anonymous_13)
FNDA:0,(anonymous_14)
FNDA:0,(anonymous_15)
FNDA:0,(anonymous_16)
FNDA:3,(anonymous_17)
FNDA:4,(anonymous_18)
FNDA:0,(anonymous_19)
FNDA:0,(anonymous_20)
FNDA:0,(anonymous_21)
FNDA:3,(anonymous_22)
FNDA:0,(anonymous_23)
FNDA:0,(anonymous_24)
FNDA:0,(anonymous_25)
FNDA:0,(anonymous_26)
FNDA:0,(anonymous_27)
FNDA:0,(anonymous_28)
FNDA:0,(anonymous_29)
FNDA:0,(anonymous_30)
FNDA:0,(anonymous_31)
DA:5,1
DA:6,1
DA:7,1
DA:8,1
DA:9,1
DA:10,1
DA:14,6
DA:15,6
DA:16,6
DA:17,6
DA:20,6
DA:21,6
DA:22,6
DA:25,6
DA:26,6
DA:34,0
DA:35,0
DA:37,0
DA:38,0
DA:41,0
DA:48,0
DA:50,0
DA:51,0
DA:54,0
DA:57,0
DA:58,0
DA:70,0
DA:72,0
DA:73,0
DA:77,0
DA:78,0
DA:79,0
DA:80,0
DA:86,0
DA:96,0
DA:98,0
DA:99,0
DA:102,0
DA:104,0
DA:105,0
DA:106,0
DA:107,0
DA:108,0
DA:109,0
DA:117,0
DA:122,0
DA:130,0
DA:131,0
DA:132,0
DA:136,0
DA:137,0
DA:138,0
DA:139,0
DA:140,0
DA:141,0
DA:142,0
DA:143,0
DA:147,0
DA:148,0
DA:157,0
DA:166,0
DA:167,0
DA:175,0
DA:178,0
DA:179,0
DA:181,0
DA:182,0
DA:184,0
DA:188,0
DA:189,0
DA:192,0
DA:203,0
DA:213,0
DA:215,0
DA:216,0
DA:221,0
DA:224,0
DA:232,0
DA:238,0
DA:246,0
DA:249,0
DA:251,0
DA:260,0
DA:262,0
DA:265,0
DA:267,0
DA:268,0
DA:269,0
DA:278,0
DA:279,0
DA:280,0
DA:282,0
DA:287,0
DA:292,0
DA:298,0
DA:303,0
DA:307,0
DA:318,0
DA:319,0
DA:323,0
DA:324,0
DA:327,0
DA:329,0
DA:330,0
DA:333,0
DA:340,3
DA:342,3
DA:343,3
DA:345,3
DA:346,4
DA:347,3
DA:348,3
DA:350,3
DA:351,3
DA:353,3
DA:354,2
DA:355,1
DA:356,1
DA:357,1
DA:358,1
DA:360,1
DA:361,1
DA:364,0
DA:366,0
DA:368,0
DA:369,0
DA:371,0
DA:372,0
DA:375,3
DA:376,2
DA:378,1
DA:380,1
DA:381,1
DA:382,0
DA:384,1
DA:386,0
DA:390,0
DA:391,0
DA:392,0
DA:393,0
DA:394,0
DA:396,0
DA:397,0
DA:399,0
DA:400,0
DA:401,0
DA:402,0
DA:403,0
DA:404,0
DA:405,0
DA:406,0
DA:408,0
DA:410,0
DA:411,0
DA:412,0
DA:414,0
DA:415,0
DA:418,0
DA:420,0
DA:421,0
DA:423,0
DA:425,0
DA:427,0
DA:429,0
DA:431,0
DA:432,0
DA:433,0
DA:434,0
DA:437,0
DA:444,3
DA:446,3
DA:447,3
DA:448,3
DA:449,0
DA:451,3
DA:453,3
DA:460,0
DA:461,0
DA:462,0
DA:463,0
DA:464,0
DA:466,0
DA:471,0
DA:474,0
DA:477,0
DA:478,0
DA:479,0
DA:483,0
DA:494,0
DA:496,0
DA:500,0
DA:501,0
DA:502,0
DA:505,0
DA:513,0
DA:514,0
DA:515,0
DA:519,0
DA:520,0
DA:521,0
DA:524,0
DA:531,0
DA:532,0
DA:533,0
DA:536,0
DA:537,0
DA:539,0
DA:550,0
DA:557,0
DA:561,1
LF:210
LH:45
BRDA:13,0,0,0
BRDA:14,1,0,6
BRDA:14,1,1,0
BRDA:15,2,0,6
BRDA:15,2,1,6
BRDA:16,3,0,6
BRDA:16,3,1,6
BRDA:17,4,0,6
BRDA:17,4,1,6
BRDA:20,5,0,6
BRDA:20,5,1,0
BRDA:21,6,0,6
BRDA:21,6,1,0
BRDA:25,7,0,6
BRDA:25,7,1,0
BRDA:37,8,0,0
BRDA:37,8,1,0
BRDA:50,9,0,0
BRDA:50,9,1,0
BRDA:61,10,0,0
BRDA:61,10,1,0
BRDA:72,11,0,0
BRDA:72,11,1,0
BRDA:79,12,0,0
BRDA:79,12,1,0
BRDA:98,13,0,0
BRDA:98,13,1,0
BRDA:105,14,0,0
BRDA:105,14,1,0
BRDA:105,15,0,0
BRDA:105,15,1,0
BRDA:114,16,0,0
BRDA:114,16,1,0
BRDA:128,17,0,0
BRDA:131,18,0,0
BRDA:131,18,1,0
BRDA:136,19,0,0
BRDA:136,19,1,0
BRDA:137,20,0,0
BRDA:137,20,1,0
BRDA:140,21,0,0
BRDA:140,21,1,0
BRDA:142,22,0,0
BRDA:142,22,1,0
BRDA:144,23,0,0
BRDA:144,23,1,0
BRDA:147,24,0,0
BRDA:147,24,1,0
BRDA:147,25,0,0
BRDA:147,25,1,0
BRDA:160,26,0,0
BRDA:160,26,1,0
BRDA:202,27,0,0
BRDA:234,28,0,0
BRDA:234,28,1,0
BRDA:249,29,0,0
BRDA:249,29,1,0
BRDA:318,30,0,0
BRDA:318,30,1,0
BRDA:318,31,0,0
BRDA:318,31,1,0
BRDA:323,32,0,0
BRDA:323,32,1,0
BRDA:340,33,0,3
BRDA:340,33,1,0
BRDA:343,34,0,3
BRDA:343,34,1,0
BRDA:353,35,0,2
BRDA:353,35,1,1
BRDA:355,36,0,1
BRDA:355,36,1,0
BRDA:356,37,0,1
BRDA:356,37,1,0
BRDA:356,38,0,1
BRDA:356,38,1,1
BRDA:356,38,2,1
BRDA:358,39,0,1
BRDA:358,39,1,0
BRDA:364,40,0,0
BRDA:364,40,1,0
BRDA:366,41,0,0
BRDA:366,41,1,0
BRDA:371,42,0,0
BRDA:371,42,1,0
BRDA:375,43,0,2
BRDA:375,43,1,1
BRDA:375,44,0,3
BRDA:375,44,1,3
BRDA:378,45,0,1
BRDA:378,45,1,0
BRDA:381,46,0,0
BRDA:381,46,1,1
BRDA:381,47,0,1
BRDA:381,47,1,0
BRDA:399,48,0,0
BRDA:399,48,1,0
BRDA:401,49,0,0
BRDA:401,49,1,0
BRDA:402,50,0,0
BRDA:402,50,1,0
BRDA:402,51,0,0
BRDA:402,51,1,0
BRDA:402,51,2,0
BRDA:404,52,0,0
BRDA:404,52,1,0
BRDA:408,53,0,0
BRDA:408,53,1,0
BRDA:410,54,0,0
BRDA:410,54,1,0
BRDA:414,55,0,0
BRDA:414,55,1,0
BRDA:418,56,0,0
BRDA:418,56,1,0
BRDA:418,57,0,0
BRDA:418,57,1,0
BRDA:420,58,0,0
BRDA:420,58,1,0
BRDA:425,59,0,0
BRDA:425,59,1,0
BRDA:431,60,0,0
BRDA:431,60,1,0
BRDA:433,61,0,0
BRDA:433,61,1,0
BRDA:433,62,0,0
BRDA:433,62,1,0
BRDA:444,63,0,0
BRDA:444,63,1,3
BRDA:448,64,0,0
BRDA:448,64,1,3
BRDA:448,65,0,3
BRDA:448,65,1,3
BRDA:460,66,0,0
BRDA:460,66,1,0
BRDA:461,67,0,0
BRDA:461,67,1,0
BRDA:462,68,0,0
BRDA:462,68,1,0
BRDA:464,69,0,0
BRDA:464,69,1,0
BRDA:471,70,0,0
BRDA:471,70,1,0
BRDA:477,71,0,0
BRDA:477,71,1,0
BRDA:478,72,0,0
BRDA:478,72,1,0
BRDA:494,73,0,0
BRDA:494,73,1,0
BRDA:500,74,0,0
BRDA:500,74,1,0
BRDA:514,75,0,0
BRDA:514,75,1,0
BRDA:520,76,0,0
BRDA:520,76,1,0
BRDA:532,77,0,0
BRDA:532,77,1,0
BRF:155
BRH:31
end_of_record
TN:
SF:lib/workflow/yaml-parser.js
FN:13,(anonymous_0)
FN:32,(anonymous_1)
FN:56,(anonymous_2)
FN:63,(anonymous_3)
FN:70,(anonymous_4)
FN:88,(anonymous_5)
FN:109,(anonymous_6)
FN:113,(anonymous_7)
FN:116,(anonymous_8)
FN:123,(anonymous_9)
FN:138,(anonymous_10)
FN:139,(anonymous_11)
FN:156,(anonymous_12)
FN:159,(anonymous_13)
FN:192,(anonymous_14)
FN:193,(anonymous_15)
FN:213,(anonymous_16)
FNF:17
FNH:3
FNDA:1,(anonymous_0)
FNDA:0,(anonymous_1)
FNDA:0,(anonymous_2)
FNDA:0,(anonymous_3)
FNDA:2,(anonymous_4)
FNDA:1,(anonymous_5)
FNDA:0,(anonymous_6)
FNDA:0,(anonymous_7)
FNDA:0,(anonymous_8)
FNDA:0,(anonymous_9)
FNDA:0,(anonymous_10)
FNDA:0,(anonymous_11)
FNDA:0,(anonymous_12)
FNDA:0,(anonymous_13)
FNDA:0,(anonymous_14)
FNDA:0,(anonymous_15)
FNDA:0,(anonymous_16)
DA:5,1
DA:6,1
DA:7,1
DA:14,1
DA:15,1
DA:16,1
DA:19,1
DA:20,0
DA:23,1
DA:25,0
DA:33,0
DA:35,0
DA:36,0
DA:37,0
DA:40,0
DA:46,0
DA:47,0
DA:49,0
DA:57,0
DA:64,0
DA:71,2
DA:73,2
DA:74,1
DA:77,2
DA:78,0
DA:79,0
DA:82,2
DA:83,1
DA:87,2
DA:88,2
DA:89,1
DA:90,0
DA:92,1
DA:93,0
DA:95,1
DA:98,1
DA:99,0
DA:102,1
DA:103,0
DA:107,1
DA:108,0
DA:109,0
DA:110,0
DA:112,0
DA:113,0
DA:114,0
DA:116,0
DA:117,0
DA:122,1
DA:123,0
DA:124,0
DA:129,2
DA:139,0
DA:140,0
DA:146,0
DA:147,0
DA:150,0
DA:151,0
DA:155,0
DA:156,0
DA:158,0
DA:159,0
DA:162,0
DA:163,0
DA:164,0
DA:170,0
DA:174,0
DA:175,0
DA:178,0
DA:181,0
DA:193,0
DA:195,0
DA:196,0
DA:198,0
DA:212,0
DA:213,0
DA:214,0
DA:215,0
DA:216,0
DA:222,0
DA:223,0
DA:230,0
DA:231,0
DA:242,0
DA:243,0
DA:252,0
DA:262,1
LF:87
LH:25
BRDA:19,0,0,0
BRDA:19,0,1,1
BRDA:19,1,0,1
BRDA:19,1,1,1
BRDA:36,2,0,0
BRDA:36,2,1,0
BRDA:73,3,0,1
BRDA:73,3,1,1
BRDA:77,4,0,0
BRDA:77,4,1,2
BRDA:77,5,0,2
BRDA:77,5,1,2
BRDA:82,6,0,1
BRDA:82,6,1,1
BRDA:89,7,0,0
BRDA:89,7,1,1
BRDA:92,8,0,0
BRDA:92,8,1,1
BRDA:98,9,0,0
BRDA:98,9,1,1
BRDA:102,10,0,0
BRDA:102,10,1,1
BRDA:107,11,0,0
BRDA:107,11,1,1
BRDA:108,12,0,0
BRDA:108,12,1,0
BRDA:109,13,0,0
BRDA:109,13,1,0
BRDA:109,14,0,0
BRDA:109,14,1,0
BRDA:112,15,0,0
BRDA:112,15,1,0
BRDA:112,16,0,0
BRDA:112,16,1,0
BRDA:113,17,0,0
BRDA:113,17,1,0
BRDA:113,18,0,0
BRDA:113,18,1,0
BRDA:116,19,0,0
BRDA:116,19,1,0
BRDA:116,20,0,0
BRDA:116,20,1,0
BRDA:122,21,0,0
BRDA:122,21,1,1
BRDA:122,22,0,1
BRDA:122,22,1,0
BRDA:123,23,0,0
BRDA:123,23,1,0
BRDA:141,24,0,0
BRDA:141,24,1,0
BRDA:146,25,0,0
BRDA:146,25,1,0
BRDA:150,26,0,0
BRDA:150,26,1,0
BRDA:156,27,0,0
BRDA:156,27,1,0
BRDA:159,28,0,0
BRDA:159,28,1,0
BRDA:162,29,0,0
BRDA:162,29,1,0
BRDA:163,30,0,0
BRDA:163,30,1,0
BRDA:167,31,0,0
BRDA:167,31,1,0
BRDA:174,32,0,0
BRDA:174,32,1,0
BRDA:182,33,0,0
BRDA:182,33,1,0
BRDA:183,34,0,0
BRDA:183,34,1,0
BRDA:184,35,0,0
BRDA:184,35,1,0
BRDA:206,36,0,0
BRDA:206,36,1,0
BRDA:207,37,0,0
BRDA:207,37,1,0
BRDA:214,38,0,0
BRDA:214,38,1,0
BRDA:215,39,0,0
BRDA:215,39,1,0
BRDA:222,40,0,0
BRDA:222,40,1,0
BRDA:230,41,0,0
BRDA:230,41,1,0
BRDA:242,42,0,0
BRDA:242,42,1,0
BRDA:255,43,0,0
BRDA:255,43,1,0
BRF:88
BRH:17
end_of_record
